<?xml version="1.0" encoding="UTF-8"?>
<testsuite xmlns:xsi="http://www.w3.org/2001/XMLSchema-instance" xsi:noNamespaceSchemaLocation="https://maven.apache.org/surefire/maven-failsafe-plugin/xsd/failsafe-test-report-3.0.xsd" version="3.0" name="org.jqassistant.plugin.contextmapper.report.ContextMapperReportPluginIT" time="0.751" tests="1" errors="0" skipped="0" failures="0">
  <properties>
    <property name="java.specification.version" value="21"/>
    <property name="sun.jnu.encoding" value="UTF-8"/>
    <property name="java.class.path" value="/home/runner/work/jqassistant-context-mapper-plugin/jqassistant-context-mapper-plugin/target/test-classes:/home/runner/work/jqassistant-context-mapper-plugin/jqassistant-context-mapper-plugin/target/jqassistant-context-mapper-plugin-2.1.0-SNAPSHOT.jar:/home/runner/.m2/repository/com/buschmais/jqassistant/core/scanner/2.1.0/scanner-2.1.0.jar:/home/runner/.m2/repository/com/buschmais/jqassistant/core/store/2.1.0/store-2.1.0.jar:/home/runner/.m2/repository/com/buschmais/xo/xo.neo4j.remote/2.2.2/xo.neo4j.remote-2.2.2.jar:/home/runner/.m2/repository/org/neo4j/driver/neo4j-java-driver/4.4.13/neo4j-java-driver-4.4.13.jar:/home/runner/.m2/repository/org/reactivestreams/reactive-streams/1.0.4/reactive-streams-1.0.4.jar:/home/runner/.m2/repository/com/buschmais/xo/xo.impl/2.2.2/xo.impl-2.2.2.jar:/home/runner/.m2/repository/com/github/ben-manes/caffeine/caffeine/3.1.6/caffeine-3.1.6.jar:/home/runner/.m2/repository/org/checkerframework/checker-qual/3.33.0/checker-qual-3.33.0.jar:/home/runner/.m2/repository/com/google/errorprone/error_prone_annotations/2.18.0/error_prone_annotations-2.18.0.jar:/home/runner/.m2/repository/com/buschmais/jqassistant/core/shared/2.1.0/shared-2.1.0.jar:/home/runner/.m2/repository/org/slf4j/jcl-over-slf4j/1.7.36/jcl-over-slf4j-1.7.36.jar:/home/runner/.m2/repository/commons-lang/commons-lang/2.6/commons-lang-2.6.jar:/home/runner/.m2/repository/commons-codec/commons-codec/1.15/commons-codec-1.15.jar:/home/runner/.m2/repository/io/smallrye/config/smallrye-config-core/3.1.3/smallrye-config-core-3.1.3.jar:/home/runner/.m2/repository/org/eclipse/microprofile/config/microprofile-config-api/3.0.2/microprofile-config-api-3.0.2.jar:/home/runner/.m2/repository/io/smallrye/common/smallrye-common-annotation/2.0.0/smallrye-common-annotation-2.0.0.jar:/home/runner/.m2/repository/io/smallrye/common/smallrye-common-expression/2.0.0/smallrye-common-expression-2.0.0.jar:/home/runner/.m2/repository/io/smallrye/common/smallrye-common-function/2.0.0/smallrye-common-function-2.0.0.jar:/home/runner/.m2/repository/io/smallrye/common/smallrye-common-constraint/2.0.0/smallrye-common-constraint-2.0.0.jar:/home/runner/.m2/repository/io/smallrye/common/smallrye-common-classloader/2.0.0/smallrye-common-classloader-2.0.0.jar:/home/runner/.m2/repository/org/jboss/logging/jboss-logging/3.5.0.Final/jboss-logging-3.5.0.Final.jar:/home/runner/.m2/repository/org/ow2/asm/asm/9.6/asm-9.6.jar:/home/runner/.m2/repository/io/smallrye/config/smallrye-config-common/3.1.3/smallrye-config-common-3.1.3.jar:/home/runner/.m2/repository/commons-io/commons-io/2.7/commons-io-2.7.jar:/home/runner/.m2/repository/com/buschmais/jqassistant/core/report/2.1.0/report-2.1.0.jar:/home/runner/.m2/repository/com/buschmais/jqassistant/core/rule/2.1.0/rule-2.1.0.jar:/home/runner/.m2/repository/com/fasterxml/jackson/dataformat/jackson-dataformat-yaml/2.15.0/jackson-dataformat-yaml-2.15.0.jar:/home/runner/.m2/repository/com/fasterxml/jackson/core/jackson-databind/2.15.0/jackson-databind-2.15.0.jar:/home/runner/.m2/repository/com/fasterxml/jackson/core/jackson-annotations/2.15.0/jackson-annotations-2.15.0.jar:/home/runner/.m2/repository/org/yaml/snakeyaml/2.0/snakeyaml-2.0.jar:/home/runner/.m2/repository/com/fasterxml/jackson/core/jackson-core/2.15.0/jackson-core-2.15.0.jar:/home/runner/.m2/repository/com/networknt/json-schema-validator/1.0.36/json-schema-validator-1.0.36.jar:/home/runner/.m2/repository/org/jruby/joni/joni/2.1.31/joni-2.1.31.jar:/home/runner/.m2/repository/org/jruby/jcodings/jcodings/1.0.46/jcodings-1.0.46.jar:/home/runner/.m2/repository/org/snakeyaml/snakeyaml-engine/2.3/snakeyaml-engine-2.3.jar:/home/runner/.m2/repository/com/buschmais/jqassistant/core/schemata/2.1.0/schemata-2.1.0.jar:/home/runner/.m2/repository/javax/xml/bind/jaxb-api/2.4.0-b180830.0359/jaxb-api-2.4.0-b180830.0359.jar:/home/runner/.m2/repository/javax/annotation/javax.annotation-api/1.3.2/javax.annotation-api-1.3.2.jar:/home/runner/.m2/repository/com/buschmais/xo/xo.neo4j.api/2.2.2/xo.neo4j.api-2.2.2.jar:/home/runner/.m2/repository/com/buschmais/xo/xo.spi/2.2.2/xo.spi-2.2.2.jar:/home/runner/.m2/repository/org/glassfish/jaxb/jaxb-runtime/2.4.0-b180830.0438/jaxb-runtime-2.4.0-b180830.0438.jar:/home/runner/.m2/repository/org/glassfish/jaxb/txw2/2.4.0-b180830.0438/txw2-2.4.0-b180830.0438.jar:/home/runner/.m2/repository/com/sun/istack/istack-commons-runtime/3.0.7/istack-commons-runtime-3.0.7.jar:/home/runner/.m2/repository/org/jvnet/staxex/stax-ex/1.8/stax-ex-1.8.jar:/home/runner/.m2/repository/com/sun/xml/fastinfoset/FastInfoset/1.2.15/FastInfoset-1.2.15.jar:/home/runner/.m2/repository/javax/activation/javax.activation-api/1.2.0/javax.activation-api-1.2.0.jar:/home/runner/.m2/repository/com/buschmais/jqassistant/plugin/common/2.1.0/common-2.1.0.jar:/home/runner/.m2/repository/com/opencsv/opencsv/4.6/opencsv-4.6.jar:/home/runner/.m2/repository/org/apache/commons/commons-lang3/3.12.0/commons-lang3-3.12.0.jar:/home/runner/.m2/repository/org/apache/commons/commons-text/1.10.0/commons-text-1.10.0.jar:/home/runner/.m2/repository/commons-beanutils/commons-beanutils/1.9.4/commons-beanutils-1.9.4.jar:/home/runner/.m2/repository/commons-collections/commons-collections/3.2.2/commons-collections-3.2.2.jar:/home/runner/.m2/repository/org/apache/commons/commons-collections4/4.2/commons-collections4-4.2.jar:/home/runner/.m2/repository/org/mapstruct/mapstruct/1.5.5.Final/mapstruct-1.5.5.Final.jar:/home/runner/.m2/repository/org/apache/commons/commons-compress/1.25.0/commons-compress-1.25.0.jar:/home/runner/.m2/repository/com/buschmais/xo/xo.api/2.2.2/xo.api-2.2.2.jar:/home/runner/.m2/repository/javax/validation/validation-api/2.0.1.Final/validation-api-2.0.1.Final.jar:/home/runner/.m2/repository/org/contextmapper/context-mapper-dsl/6.6.1/context-mapper-dsl-6.6.1.jar:/home/runner/.m2/repository/org/eclipse/xtext/org.eclipse.xtext/2.23.0/org.eclipse.xtext-2.23.0.jar:/home/runner/.m2/repository/org/eclipse/xtext/org.eclipse.xtext.util/2.23.0/org.eclipse.xtext.util-2.23.0.jar:/home/runner/.m2/repository/org/eclipse/emf/org.eclipse.emf.ecore/2.20.0/org.eclipse.emf.ecore-2.20.0.jar:/home/runner/.m2/repository/org/eclipse/xtend/org.eclipse.xtend.lib/2.23.0/org.eclipse.xtend.lib-2.23.0.jar:/home/runner/.m2/repository/org/eclipse/xtext/org.eclipse.xtext.xbase.lib/2.23.0/org.eclipse.xtext.xbase.lib-2.23.0.jar:/home/runner/.m2/repository/org/eclipse/xtend/org.eclipse.xtend.lib.macro/2.23.0/org.eclipse.xtend.lib.macro-2.23.0.jar:/home/runner/.m2/repository/org/eclipse/platform/org.eclipse.equinox.common/3.12.0/org.eclipse.equinox.common-3.12.0.jar:/home/runner/.m2/repository/org/eclipse/platform/org.eclipse.osgi/3.15.300/org.eclipse.osgi-3.15.300.jar:/home/runner/.m2/repository/org/eclipse/emf/org.eclipse.emf.common/2.17.0/org.eclipse.emf.common-2.17.0.jar:/home/runner/.m2/repository/org/eclipse/emf/org.eclipse.emf.ecore.xmi/2.16.0/org.eclipse.emf.ecore.xmi-2.16.0.jar:/home/runner/.m2/repository/com/google/inject/guice/7.0.0/guice-7.0.0.jar:/home/runner/.m2/repository/jakarta/inject/jakarta.inject-api/2.0.1/jakarta.inject-api-2.0.1.jar:/home/runner/.m2/repository/aopalliance/aopalliance/1.0/aopalliance-1.0.jar:/home/runner/.m2/repository/org/antlr/antlr-runtime/3.2/antlr-runtime-3.2.jar:/home/runner/.m2/repository/org/eclipse/xtext/org.eclipse.xtext.xbase/2.23.0/org.eclipse.xtext.xbase-2.23.0.jar:/home/runner/.m2/repository/org/eclipse/xtext/org.eclipse.xtext.common.types/2.23.0/org.eclipse.xtext.common.types-2.23.0.jar:/home/runner/.m2/repository/io/github/classgraph/classgraph/4.8.35/classgraph-4.8.35.jar:/home/runner/.m2/repository/org/freemarker/freemarker/2.3.30/freemarker-2.3.30.jar:/home/runner/.m2/repository/org/contextmapper/service-cutter-library/1.2.1/service-cutter-library-1.2.1.jar:/home/runner/.m2/repository/org/graphstream/gs-core/1.3/gs-core-1.3.jar:/home/runner/.m2/repository/org/graphstream/pherd/1.0/pherd-1.0.jar:/home/runner/.m2/repository/org/graphstream/mbox2/1.0/mbox2-1.0.jar:/home/runner/.m2/repository/org/graphstream/gs-algo/1.3/gs-algo-1.3.jar:/home/runner/.m2/repository/org/apache/commons/commons-math/2.1/commons-math-2.1.jar:/home/runner/.m2/repository/org/apache/commons/commons-math3/3.4.1/commons-math3-3.4.1.jar:/home/runner/.m2/repository/org/jfree/jfreechart/1.0.14/jfreechart-1.0.14.jar:/home/runner/.m2/repository/org/jfree/jcommon/1.0.17/jcommon-1.0.17.jar:/home/runner/.m2/repository/com/lowagie/itext/2.1.5/itext-2.1.5.jar:/home/runner/.m2/repository/org/nlpub/watset/2.1.5/watset-2.1.5.jar:/home/runner/.m2/repository/org/jgrapht/jgrapht-core/1.4.0/jgrapht-core-1.4.0.jar:/home/runner/.m2/repository/org/jheaps/jheaps/0.11/jheaps-0.11.jar:/home/runner/.m2/repository/org/contextmapper/context-map-generator/1.2.1/context-map-generator-1.2.1.jar:/home/runner/.m2/repository/guru/nidi/com/kitfox/svgSalamander/1.1.2/svgSalamander-1.1.2.jar:/home/runner/.m2/repository/org/apache/commons/commons-exec/1.3/commons-exec-1.3.jar:/home/runner/.m2/repository/org/slf4j/slf4j-api/1.7.36/slf4j-api-1.7.36.jar:/home/runner/.m2/repository/org/slf4j/log4j-over-slf4j/1.7.36/log4j-over-slf4j-1.7.36.jar:/home/runner/.m2/repository/org/projectlombok/lombok/1.18.30/lombok-1.18.30.jar:/home/runner/.m2/repository/com/buschmais/jqassistant/core/test/2.1.0/test-2.1.0.jar:/home/runner/.m2/repository/com/buschmais/jqassistant/core/runtime/2.1.0/runtime-2.1.0.jar:/home/runner/.m2/repository/com/buschmais/jqassistant/core/analysis/2.1.0/analysis-2.1.0.jar:/home/runner/.m2/repository/io/smallrye/config/smallrye-config-source-yaml/3.1.3/smallrye-config-source-yaml-3.1.3.jar:/home/runner/.m2/repository/io/smallrye/config/smallrye-config/3.1.3/smallrye-config-3.1.3.jar:/home/runner/.m2/repository/jakarta/annotation/jakarta.annotation-api/2.1.1/jakarta.annotation-api-2.1.1.jar:/home/runner/.m2/repository/com/buschmais/jqassistant/core/store/2.1.0/store-2.1.0-tests.jar:/home/runner/.m2/repository/com/buschmais/jqassistant/core/analysis/2.1.0/analysis-2.1.0-tests.jar:/home/runner/.m2/repository/org/neo4j/neo4j/5.17.0/neo4j-5.17.0.jar:/home/runner/.m2/repository/org/neo4j/annotations/5.17.0/annotations-5.17.0.jar:/home/runner/.m2/repository/org/eclipse/collections/eclipse-collections/11.1.0/eclipse-collections-11.1.0.jar:/home/runner/.m2/repository/org/eclipse/collections/eclipse-collections-api/11.1.0/eclipse-collections-api-11.1.0.jar:/home/runner/.m2/repository/org/neo4j/neo4j-kernel/5.17.0/neo4j-kernel-5.17.0.jar:/home/runner/.m2/repository/org/neo4j/neo4j-native/5.17.0/neo4j-native-5.17.0.jar:/home/runner/.m2/repository/net/java/dev/jna/jna/5.14.0/jna-5.14.0.jar:/home/runner/.m2/repository/org/neo4j/neo4j-graphdb-api/5.17.0/neo4j-graphdb-api-5.17.0.jar:/home/runner/.m2/repository/org/neo4j/neo4j-kernel-api/5.17.0/neo4j-kernel-api-5.17.0.jar:/home/runner/.m2/repository/org/neo4j/neo4j-monitoring/5.17.0/neo4j-monitoring-5.17.0.jar:/home/runner/.m2/repository/org/neo4j/neo4j-diagnostics/5.17.0/neo4j-diagnostics-5.17.0.jar:/home/runner/.m2/repository/org/neo4j/neo4j-schema/5.17.0/neo4j-schema-5.17.0.jar:/home/runner/.m2/repository/org/neo4j/neo4j-lock/5.17.0/neo4j-lock-5.17.0.jar:/home/runner/.m2/repository/org/neo4j/neo4j-token-api/5.17.0/neo4j-token-api-5.17.0.jar:/home/runner/.m2/repository/org/neo4j/neo4j-storage-engine-util/5.17.0/neo4j-storage-engine-util-5.17.0.jar:/home/runner/.m2/repository/org/neo4j/neo4j-common/5.17.0/neo4j-common-5.17.0.jar:/home/runner/.m2/repository/org/neo4j/neo4j-values/5.17.0/neo4j-values-5.17.0.jar:/home/runner/.m2/repository/org/neo4j/neo4j-unsafe/5.17.0/neo4j-unsafe-5.17.0.jar:/home/runner/.m2/repository/org/neo4j/neo4j-collections/5.17.0/neo4j-collections-5.17.0.jar:/home/runner/.m2/repository/org/neo4j/neo4j-io/5.17.0/neo4j-io-5.17.0.jar:/home/runner/.m2/repository/org/neo4j/neo4j-concurrent/5.17.0/neo4j-concurrent-5.17.0.jar:/home/runner/.m2/repository/org/neo4j/neo4j-logging/5.17.0/neo4j-logging-5.17.0.jar:/home/runner/.m2/repository/org/codehaus/jettison/jettison/1.5.4/jettison-1.5.4.jar:/home/runner/.m2/repository/org/apache/logging/log4j/log4j-api/2.20.0/log4j-api-2.20.0.jar:/home/runner/.m2/repository/org/apache/logging/log4j/log4j-core/2.20.0/log4j-core-2.20.0.jar:/home/runner/.m2/repository/org/apache/logging/log4j/log4j-layout-template-json/2.20.0/log4j-layout-template-json-2.20.0.jar:/home/runner/.m2/repository/org/neo4j/neo4j-configuration/5.17.0/neo4j-configuration-5.17.0.jar:/home/runner/.m2/repository/com/github/seancfoley/ipaddress/5.4.0/ipaddress-5.4.0.jar:/home/runner/.m2/repository/org/neo4j/neo4j-layout/5.17.0/neo4j-layout-5.17.0.jar:/home/runner/.m2/repository/org/neo4j/neo4j-index/5.17.0/neo4j-index-5.17.0.jar:/home/runner/.m2/repository/org/neo4j/neo4j-spatial-index/5.17.0/neo4j-spatial-index-5.17.0.jar:/home/runner/.m2/repository/org/neo4j/neo4j-id-generator/5.17.0/neo4j-id-generator-5.17.0.jar:/home/runner/.m2/repository/org/neo4j/neo4j-wal/5.17.0/neo4j-wal-5.17.0.jar:/home/runner/.m2/repository/org/neo4j/neo4j-import-util/5.17.0/neo4j-import-util-5.17.0.jar:/home/runner/.m2/repository/org/neo4j/neo4j-csv/5.17.0/neo4j-csv-5.17.0.jar:/home/runner/.m2/repository/org/jctools/jctools-core/4.0.2/jctools-core-4.0.2.jar:/home/runner/.m2/repository/org/neo4j/neo4j-fabric/5.17.0/neo4j-fabric-5.17.0.jar:/home/runner/.m2/repository/io/projectreactor/reactor-core/3.6.1/reactor-core-3.6.1.jar:/home/runner/.m2/repository/org/neo4j/neo4j-front-end/5.17.0/neo4j-front-end-5.17.0.jar:/home/runner/.m2/repository/org/neo4j/neo4j-expressions/5.17.0/neo4j-expressions-5.17.0.jar:/home/runner/.m2/repository/org/neo4j/neo4j-cypher-ast-factory/5.17.0/neo4j-cypher-ast-factory-5.17.0.jar:/home/runner/.m2/repository/org/neo4j/neo4j-cypher-macros/5.17.0/neo4j-cypher-macros-5.17.0.jar:/home/runner/.m2/repository/org/scala-lang/scala-reflect/2.13.11/scala-reflect-2.13.11.jar:/home/runner/.m2/repository/org/neo4j/neo4j-query-router/5.17.0/neo4j-query-router-5.17.0.jar:/home/runner/.m2/repository/org/neo4j/neo4j-procedure/5.17.0/neo4j-procedure-5.17.0.jar:/home/runner/.m2/repository/org/neo4j/neo4j-procedure-api/5.17.0/neo4j-procedure-api-5.17.0.jar:/home/runner/.m2/repository/org/neo4j/neo4j-codegen/5.17.0/neo4j-codegen-5.17.0.jar:/home/runner/.m2/repository/org/ow2/asm/asm-util/9.6/asm-util-9.6.jar:/home/runner/.m2/repository/org/ow2/asm/asm-analysis/9.6/asm-analysis-9.6.jar:/home/runner/.m2/repository/org/ow2/asm/asm-tree/9.6/asm-tree-9.6.jar:/home/runner/.m2/repository/org/neo4j/neo4j-cypher-expression-evaluator/5.17.0/neo4j-cypher-expression-evaluator-5.17.0.jar:/home/runner/.m2/repository/org/neo4j/neo4j-ast/5.17.0/neo4j-ast-5.17.0.jar:/home/runner/.m2/repository/org/neo4j/neo4j-lucene-index/5.17.0/neo4j-lucene-index-5.17.0.jar:/home/runner/.m2/repository/org/neo4j/neo4j-resource/5.17.0/neo4j-resource-5.17.0.jar:/home/runner/.m2/repository/org/apache/lucene/lucene-analysis-common/9.8.0/lucene-analysis-common-9.8.0.jar:/home/runner/.m2/repository/org/apache/lucene/lucene-core/9.8.0/lucene-core-9.8.0.jar:/home/runner/.m2/repository/org/apache/lucene/lucene-queryparser/9.8.0/lucene-queryparser-9.8.0.jar:/home/runner/.m2/repository/org/apache/lucene/lucene-backward-codecs/9.8.0/lucene-backward-codecs-9.8.0.jar:/home/runner/.m2/repository/org/neo4j/neo4j-fulltext-index/5.17.0/neo4j-fulltext-index-5.17.0.jar:/home/runner/.m2/repository/org/neo4j/neo4j-graph-algo/5.17.0/neo4j-graph-algo-5.17.0.jar:/home/runner/.m2/repository/org/neo4j/neo4j-cypher-runtime-util/5.17.0/neo4j-cypher-runtime-util-5.17.0.jar:/home/runner/.m2/repository/org/neo4j/neo4j-cypher-logical-plans/5.17.0/neo4j-cypher-logical-plans-5.17.0.jar:/home/runner/.m2/repository/org/neo4j/neo4j-data-collector/5.17.0/neo4j-data-collector-5.17.0.jar:/home/runner/.m2/repository/org/neo4j/neo4j-cypher-planner/5.17.0/neo4j-cypher-planner-5.17.0.jar:/home/runner/.m2/repository/org/scala-lang/modules/scala-collection-contrib_2.13/0.3.0/scala-collection-contrib_2.13-0.3.0.jar:/home/runner/.m2/repository/org/neo4j/neo4j-notifications/5.17.0/neo4j-notifications-5.17.0.jar:/home/runner/.m2/repository/org/neo4j/neo4j-cypher-ir/5.17.0/neo4j-cypher-ir-5.17.0.jar:/home/runner/.m2/repository/org/neo4j/neo4j-cypher-javacc-parser/5.17.0/neo4j-cypher-javacc-parser-5.17.0.jar:/home/runner/.m2/repository/org/neo4j/cypher-ast-factory/5.17.0/cypher-ast-factory-5.17.0.jar:/home/runner/.m2/repository/org/neo4j/neo4j-cypher-rendering/5.17.0/neo4j-cypher-rendering-5.17.0.jar:/home/runner/.m2/repository/org/neo4j/neo4j-rewriting/5.17.0/neo4j-rewriting-5.17.0.jar:/home/runner/.m2/repository/org/neo4j/neo4j-cypher/5.17.0/neo4j-cypher-5.17.0.jar:/home/runner/.m2/repository/org/scala-lang/scala-library/2.13.11/scala-library-2.13.11.jar:/home/runner/.m2/repository/org/neo4j/neo4j-cypher-physical-planning/5.17.0/neo4j-cypher-physical-planning-5.17.0.jar:/home/runner/.m2/repository/org/neo4j/neo4j-exceptions/5.17.0/neo4j-exceptions-5.17.0.jar:/home/runner/.m2/repository/org/neo4j/neo4j-util/5.17.0/neo4j-util-5.17.0.jar:/home/runner/.m2/repository/org/neo4j/neo4j-cypher-config/5.17.0/neo4j-cypher-config-5.17.0.jar:/home/runner/.m2/repository/com/softwaremill/magnolia1_2/magnolia_2.13/1.1.8/magnolia_2.13-1.1.8.jar:/home/runner/.m2/repository/org/neo4j/neo4j-cypher-cache/5.17.0/neo4j-cypher-cache-5.17.0.jar:/home/runner/.m2/repository/org/neo4j/neo4j-cypher-planner-spi/5.17.0/neo4j-cypher-planner-spi-5.17.0.jar:/home/runner/.m2/repository/org/neo4j/neo4j-cypher-interpreted-runtime/5.17.0/neo4j-cypher-interpreted-runtime-5.17.0.jar:/home/runner/.m2/repository/org/neo4j/neo4j-cypher-slotted-runtime/5.17.0/neo4j-cypher-slotted-runtime-5.17.0.jar:/home/runner/.m2/repository/org/apache/shiro/shiro-core/1.13.0/shiro-core-1.13.0.jar:/home/runner/.m2/repository/org/apache/shiro/shiro-lang/1.13.0/shiro-lang-1.13.0.jar:/home/runner/.m2/repository/org/apache/shiro/shiro-cache/1.13.0/shiro-cache-1.13.0.jar:/home/runner/.m2/repository/org/apache/shiro/shiro-crypto-hash/1.13.0/shiro-crypto-hash-1.13.0.jar:/home/runner/.m2/repository/org/apache/shiro/shiro-crypto-core/1.13.0/shiro-crypto-core-1.13.0.jar:/home/runner/.m2/repository/org/apache/shiro/shiro-crypto-cipher/1.13.0/shiro-crypto-cipher-1.13.0.jar:/home/runner/.m2/repository/org/apache/shiro/shiro-config-core/1.13.0/shiro-config-core-1.13.0.jar:/home/runner/.m2/repository/org/apache/shiro/shiro-event/1.13.0/shiro-event-1.13.0.jar:/home/runner/.m2/repository/org/bitbucket/inkytonik/kiama/kiama_2.13/2.5.1/kiama_2.13-2.5.1.jar:/home/runner/.m2/repository/org/neo4j/neo4j-security/5.17.0/neo4j-security-5.17.0.jar:/home/runner/.m2/repository/org/neo4j/neo4j-command-line/5.17.0/neo4j-command-line-5.17.0.jar:/home/runner/.m2/repository/info/picocli/picocli/4.7.5/picocli-4.7.5.jar:/home/runner/.m2/repository/org/neo4j/neo4j-bolt/5.17.0/neo4j-bolt-5.17.0.jar:/home/runner/.m2/repository/org/neo4j/neo4j-ssl/5.17.0/neo4j-ssl-5.17.0.jar:/home/runner/.m2/repository/io/netty/netty-handler/4.1.101.Final/netty-handler-4.1.101.Final.jar:/home/runner/.m2/repository/io/netty/netty-resolver/4.1.101.Final/netty-resolver-4.1.101.Final.jar:/home/runner/.m2/repository/org/neo4j/server-api/5.17.0/server-api-5.17.0.jar:/home/runner/.m2/repository/jakarta/ws/rs/jakarta.ws.rs-api/2.1.6/jakarta.ws.rs-api-2.1.6.jar:/home/runner/.m2/repository/io/netty/netty-codec-http/4.1.101.Final/netty-codec-http-4.1.101.Final.jar:/home/runner/.m2/repository/io/netty/netty-common/4.1.101.Final/netty-common-4.1.101.Final.jar:/home/runner/.m2/repository/io/netty/netty-buffer/4.1.101.Final/netty-buffer-4.1.101.Final.jar:/home/runner/.m2/repository/io/netty/netty-transport/4.1.101.Final/netty-transport-4.1.101.Final.jar:/home/runner/.m2/repository/io/netty/netty-codec/4.1.101.Final/netty-codec-4.1.101.Final.jar:/home/runner/.m2/repository/io/netty/netty-transport-native-epoll/4.1.101.Final/netty-transport-native-epoll-4.1.101.Final-linux-x86_64.jar:/home/runner/.m2/repository/io/netty/netty-transport-native-unix-common/4.1.101.Final/netty-transport-native-unix-common-4.1.101.Final.jar:/home/runner/.m2/repository/io/netty/netty-transport-classes-epoll/4.1.101.Final/netty-transport-classes-epoll-4.1.101.Final.jar:/home/runner/.m2/repository/io/netty/netty-transport-native-epoll/4.1.101.Final/netty-transport-native-epoll-4.1.101.Final-linux-aarch_64.jar:/home/runner/.m2/repository/io/netty/netty-transport-native-kqueue/4.1.101.Final/netty-transport-native-kqueue-4.1.101.Final-osx-x86_64.jar:/home/runner/.m2/repository/io/netty/netty-transport-classes-kqueue/4.1.101.Final/netty-transport-classes-kqueue-4.1.101.Final.jar:/home/runner/.m2/repository/io/netty/netty-transport-native-kqueue/4.1.101.Final/netty-transport-native-kqueue-4.1.101.Final-osx-aarch_64.jar:/home/runner/.m2/repository/org/neo4j/neo4j-consistency-check/5.17.0/neo4j-consistency-check-5.17.0.jar:/home/runner/.m2/repository/org/neo4j/neo4j-record-storage-engine/5.17.0/neo4j-record-storage-engine-5.17.0.jar:/home/runner/.m2/repository/org/neo4j/neo4j-dbms/5.17.0/neo4j-dbms-5.17.0.jar:/home/runner/.m2/repository/org/jprocesses/jProcesses/1.6.5/jProcesses-1.6.5.jar:/home/runner/.m2/repository/com/profesorfalken/WMI4Java/1.6.3/WMI4Java-1.6.3.jar:/home/runner/.m2/repository/com/profesorfalken/jPowerShell/3.0/jPowerShell-3.0.jar:/home/runner/.m2/repository/org/apache/commons/commons-configuration2/2.9.0/commons-configuration2-2.9.0.jar:/home/runner/.m2/repository/org/neo4j/licensing-proxy/zstd-proxy/5.17.0/zstd-proxy-5.17.0.jar:/home/runner/.m2/repository/com/github/luben/zstd-jni/1.5.5-11/zstd-jni-1.5.5-11.jar:/home/runner/.m2/repository/org/neo4j/neo4j-import-tool/5.17.0/neo4j-import-tool-5.17.0.jar:/home/runner/.m2/repository/org/neo4j/app/neo4j-server/5.17.0/neo4j-server-5.17.0.jar:/home/runner/.m2/repository/org/eclipse/jetty/jetty-server/10.0.17/jetty-server-10.0.17.jar:/home/runner/.m2/repository/org/eclipse/jetty/toolchain/jetty-servlet-api/4.0.6/jetty-servlet-api-4.0.6.jar:/home/runner/.m2/repository/org/eclipse/jetty/jetty-http/10.0.17/jetty-http-10.0.17.jar:/home/runner/.m2/repository/org/eclipse/jetty/jetty-util/10.0.17/jetty-util-10.0.17.jar:/home/runner/.m2/repository/org/eclipse/jetty/jetty-io/10.0.17/jetty-io-10.0.17.jar:/home/runner/.m2/repository/org/eclipse/jetty/http2/http2-server/10.0.17/http2-server-10.0.17.jar:/home/runner/.m2/repository/org/eclipse/jetty/http2/http2-common/10.0.17/http2-common-10.0.17.jar:/home/runner/.m2/repository/org/eclipse/jetty/http2/http2-hpack/10.0.17/http2-hpack-10.0.17.jar:/home/runner/.m2/repository/org/eclipse/jetty/jetty-alpn-server/10.0.17/jetty-alpn-server-10.0.17.jar:/home/runner/.m2/repository/org/eclipse/jetty/jetty-alpn-java-server/10.0.17/jetty-alpn-java-server-10.0.17.jar:/home/runner/.m2/repository/org/eclipse/jetty/jetty-webapp/10.0.17/jetty-webapp-10.0.17.jar:/home/runner/.m2/repository/org/eclipse/jetty/jetty-servlet/10.0.17/jetty-servlet-10.0.17.jar:/home/runner/.m2/repository/org/eclipse/jetty/jetty-security/10.0.17/jetty-security-10.0.17.jar:/home/runner/.m2/repository/org/eclipse/jetty/jetty-xml/10.0.17/jetty-xml-10.0.17.jar:/home/runner/.m2/repository/org/glassfish/jersey/inject/jersey-hk2/2.34/jersey-hk2-2.34.jar:/home/runner/.m2/repository/org/glassfish/jersey/core/jersey-common/2.34/jersey-common-2.34.jar:/home/runner/.m2/repository/org/glassfish/hk2/external/jakarta.inject/2.6.1/jakarta.inject-2.6.1.jar:/home/runner/.m2/repository/org/glassfish/hk2/hk2-locator/2.6.1/hk2-locator-2.6.1.jar:/home/runner/.m2/repository/org/glassfish/hk2/hk2-api/2.6.1/hk2-api-2.6.1.jar:/home/runner/.m2/repository/org/glassfish/hk2/hk2-utils/2.6.1/hk2-utils-2.6.1.jar:/home/runner/.m2/repository/org/javassist/javassist/3.25.0-GA/javassist-3.25.0-GA.jar:/home/runner/.m2/repository/org/glassfish/jersey/containers/jersey-container-servlet/2.34/jersey-container-servlet-2.34.jar:/home/runner/.m2/repository/org/glassfish/jersey/containers/jersey-container-servlet-core/2.34/jersey-container-servlet-core-2.34.jar:/home/runner/.m2/repository/org/glassfish/jersey/core/jersey-server/2.34/jersey-server-2.34.jar:/home/runner/.m2/repository/org/glassfish/jersey/core/jersey-client/2.34/jersey-client-2.34.jar:/home/runner/.m2/repository/jakarta/validation/jakarta.validation-api/2.0.2/jakarta.validation-api-2.0.2.jar:/home/runner/.m2/repository/com/fasterxml/jackson/jaxrs/jackson-jaxrs-json-provider/2.16.1/jackson-jaxrs-json-provider-2.16.1.jar:/home/runner/.m2/repository/com/fasterxml/jackson/jaxrs/jackson-jaxrs-base/2.16.1/jackson-jaxrs-base-2.16.1.jar:/home/runner/.m2/repository/com/fasterxml/jackson/module/jackson-module-jaxb-annotations/2.16.1/jackson-module-jaxb-annotations-2.16.1.jar:/home/runner/.m2/repository/jakarta/xml/bind/jakarta.xml.bind-api/2.3.2/jakarta.xml.bind-api-2.3.2.jar:/home/runner/.m2/repository/jakarta/activation/jakarta.activation-api/1.2.1/jakarta.activation-api-1.2.1.jar:/home/runner/.m2/repository/org/neo4j/neo4j-capabilities/5.17.0/neo4j-capabilities-5.17.0.jar:/home/runner/.m2/repository/org/neo4j/community/it-test-support/5.17.0/it-test-support-5.17.0.jar:/home/runner/.m2/repository/org/neo4j/io-test-utils/5.17.0/io-test-utils-5.17.0.jar:/home/runner/.m2/repository/org/neo4j/neo4j-random-values/5.17.0/neo4j-random-values-5.17.0.jar:/home/runner/.m2/repository/org/neo4j/test-utils/5.17.0/test-utils-5.17.0.jar:/home/runner/.m2/repository/org/junit/platform/junit-platform-testkit/1.9.1/junit-platform-testkit-1.9.1.jar:/home/runner/.m2/repository/org/junit/platform/junit-platform-launcher/1.9.1/junit-platform-launcher-1.9.1.jar:/home/runner/.m2/repository/org/bouncycastle/bcpkix-jdk18on/1.77/bcpkix-jdk18on-1.77.jar:/home/runner/.m2/repository/org/bouncycastle/bcutil-jdk18on/1.77/bcutil-jdk18on-1.77.jar:/home/runner/.m2/repository/org/bouncycastle/bcprov-jdk18on/1.77/bcprov-jdk18on-1.77.jar:/home/runner/.m2/repository/org/neo4j/layout-test-utils/5.17.0/layout-test-utils-5.17.0.jar:/home/runner/.m2/repository/org/junit/vintage/junit-vintage-engine/5.9.1/junit-vintage-engine-5.9.1.jar:/home/runner/.m2/repository/junit/junit/4.13.2/junit-4.13.2.jar:/home/runner/.m2/repository/org/hamcrest/hamcrest-core/1.3/hamcrest-core-1.3.jar:/home/runner/.m2/repository/com/buschmais/jqassistant/neo4j/embedded/2.1.0/embedded-2.1.0.jar:/home/runner/.m2/repository/org/neo4j/client/neo4j-browser/5.15.0/neo4j-browser-5.15.0.jar:/home/runner/.m2/repository/com/buschmais/xo/xo.neo4j.embedded/2.2.2/xo.neo4j.embedded-2.2.2.jar:/home/runner/.m2/repository/com/buschmais/xo/xo.neo4j.spi/2.2.2/xo.neo4j.spi-2.2.2.jar:/home/runner/.m2/repository/com/google/guava/guava/32.0.1-jre/guava-32.0.1-jre.jar:/home/runner/.m2/repository/com/google/guava/failureaccess/1.0.1/failureaccess-1.0.1.jar:/home/runner/.m2/repository/com/google/guava/listenablefuture/9999.0-empty-to-avoid-conflict-with-guava/listenablefuture-9999.0-empty-to-avoid-conflict-with-guava.jar:/home/runner/.m2/repository/com/google/code/findbugs/jsr305/3.0.2/jsr305-3.0.2.jar:/home/runner/.m2/repository/com/google/j2objc/j2objc-annotations/2.8/j2objc-annotations-2.8.jar:/home/runner/.m2/repository/org/junit/jupiter/junit-jupiter-engine/5.9.1/junit-jupiter-engine-5.9.1.jar:/home/runner/.m2/repository/org/junit/platform/junit-platform-engine/1.9.1/junit-platform-engine-1.9.1.jar:/home/runner/.m2/repository/org/opentest4j/opentest4j/1.2.0/opentest4j-1.2.0.jar:/home/runner/.m2/repository/org/junit/platform/junit-platform-commons/1.9.1/junit-platform-commons-1.9.1.jar:/home/runner/.m2/repository/org/junit/jupiter/junit-jupiter-api/5.9.1/junit-jupiter-api-5.9.1.jar:/home/runner/.m2/repository/org/apiguardian/apiguardian-api/1.1.2/apiguardian-api-1.1.2.jar:/home/runner/.m2/repository/org/junit/jupiter/junit-jupiter-params/5.9.1/junit-jupiter-params-5.9.1.jar:/home/runner/.m2/repository/org/assertj/assertj-core/3.22.0/assertj-core-3.22.0.jar:/home/runner/.m2/repository/org/slf4j/slf4j-simple/1.7.36/slf4j-simple-1.7.36.jar:/home/runner/.m2/repository/org/mockito/mockito-junit-jupiter/2.23.4/mockito-junit-jupiter-2.23.4.jar:/home/runner/.m2/repository/org/mockito/mockito-core/2.23.4/mockito-core-2.23.4.jar:/home/runner/.m2/repository/net/bytebuddy/byte-buddy/1.9.3/byte-buddy-1.9.3.jar:/home/runner/.m2/repository/net/bytebuddy/byte-buddy-agent/1.9.3/byte-buddy-agent-1.9.3.jar:/home/runner/.m2/repository/org/objenesis/objenesis/2.6/objenesis-2.6.jar:"/>
    <property name="java.vm.vendor" value="Eclipse Adoptium"/>
    <property name="sun.arch.data.model" value="64"/>
    <property name="java.vendor.url" value="https://adoptium.net/"/>
    <property name="user.timezone" value="Etc/UTC"/>
    <property name="os.name" value="Linux"/>
    <property name="java.vm.specification.version" value="21"/>
    <property name="sun.java.launcher" value="SUN_STANDARD"/>
    <property name="sun.boot.library.path" value="/usr/lib/jvm/temurin-21-jdk-amd64/lib"/>
    <property name="sun.java.command" value="/home/runner/work/jqassistant-context-mapper-plugin/jqassistant-context-mapper-plugin/target/surefire/surefirebooter-20240725104008632_3.jar /home/runner/work/jqassistant-context-mapper-plugin/jqassistant-context-mapper-plugin/target/surefire 2024-07-25T10-40-08_574-jvmRun1 surefire-20240725104008632_1tmp surefire_0-20240725104008632_2tmp"/>
    <property name="jdk.debug" value="release"/>
    <property name="surefire.test.class.path" value="/home/runner/work/jqassistant-context-mapper-plugin/jqassistant-context-mapper-plugin/target/test-classes:/home/runner/work/jqassistant-context-mapper-plugin/jqassistant-context-mapper-plugin/target/jqassistant-context-mapper-plugin-2.1.0-SNAPSHOT.jar:/home/runner/.m2/repository/com/buschmais/jqassistant/core/scanner/2.1.0/scanner-2.1.0.jar:/home/runner/.m2/repository/com/buschmais/jqassistant/core/store/2.1.0/store-2.1.0.jar:/home/runner/.m2/repository/com/buschmais/xo/xo.neo4j.remote/2.2.2/xo.neo4j.remote-2.2.2.jar:/home/runner/.m2/repository/org/neo4j/driver/neo4j-java-driver/4.4.13/neo4j-java-driver-4.4.13.jar:/home/runner/.m2/repository/org/reactivestreams/reactive-streams/1.0.4/reactive-streams-1.0.4.jar:/home/runner/.m2/repository/com/buschmais/xo/xo.impl/2.2.2/xo.impl-2.2.2.jar:/home/runner/.m2/repository/com/github/ben-manes/caffeine/caffeine/3.1.6/caffeine-3.1.6.jar:/home/runner/.m2/repository/org/checkerframework/checker-qual/3.33.0/checker-qual-3.33.0.jar:/home/runner/.m2/repository/com/google/errorprone/error_prone_annotations/2.18.0/error_prone_annotations-2.18.0.jar:/home/runner/.m2/repository/com/buschmais/jqassistant/core/shared/2.1.0/shared-2.1.0.jar:/home/runner/.m2/repository/org/slf4j/jcl-over-slf4j/1.7.36/jcl-over-slf4j-1.7.36.jar:/home/runner/.m2/repository/commons-lang/commons-lang/2.6/commons-lang-2.6.jar:/home/runner/.m2/repository/commons-codec/commons-codec/1.15/commons-codec-1.15.jar:/home/runner/.m2/repository/io/smallrye/config/smallrye-config-core/3.1.3/smallrye-config-core-3.1.3.jar:/home/runner/.m2/repository/org/eclipse/microprofile/config/microprofile-config-api/3.0.2/microprofile-config-api-3.0.2.jar:/home/runner/.m2/repository/io/smallrye/common/smallrye-common-annotation/2.0.0/smallrye-common-annotation-2.0.0.jar:/home/runner/.m2/repository/io/smallrye/common/smallrye-common-expression/2.0.0/smallrye-common-expression-2.0.0.jar:/home/runner/.m2/repository/io/smallrye/common/smallrye-common-function/2.0.0/smallrye-common-function-2.0.0.jar:/home/runner/.m2/repository/io/smallrye/common/smallrye-common-constraint/2.0.0/smallrye-common-constraint-2.0.0.jar:/home/runner/.m2/repository/io/smallrye/common/smallrye-common-classloader/2.0.0/smallrye-common-classloader-2.0.0.jar:/home/runner/.m2/repository/org/jboss/logging/jboss-logging/3.5.0.Final/jboss-logging-3.5.0.Final.jar:/home/runner/.m2/repository/org/ow2/asm/asm/9.6/asm-9.6.jar:/home/runner/.m2/repository/io/smallrye/config/smallrye-config-common/3.1.3/smallrye-config-common-3.1.3.jar:/home/runner/.m2/repository/commons-io/commons-io/2.7/commons-io-2.7.jar:/home/runner/.m2/repository/com/buschmais/jqassistant/core/report/2.1.0/report-2.1.0.jar:/home/runner/.m2/repository/com/buschmais/jqassistant/core/rule/2.1.0/rule-2.1.0.jar:/home/runner/.m2/repository/com/fasterxml/jackson/dataformat/jackson-dataformat-yaml/2.15.0/jackson-dataformat-yaml-2.15.0.jar:/home/runner/.m2/repository/com/fasterxml/jackson/core/jackson-databind/2.15.0/jackson-databind-2.15.0.jar:/home/runner/.m2/repository/com/fasterxml/jackson/core/jackson-annotations/2.15.0/jackson-annotations-2.15.0.jar:/home/runner/.m2/repository/org/yaml/snakeyaml/2.0/snakeyaml-2.0.jar:/home/runner/.m2/repository/com/fasterxml/jackson/core/jackson-core/2.15.0/jackson-core-2.15.0.jar:/home/runner/.m2/repository/com/networknt/json-schema-validator/1.0.36/json-schema-validator-1.0.36.jar:/home/runner/.m2/repository/org/jruby/joni/joni/2.1.31/joni-2.1.31.jar:/home/runner/.m2/repository/org/jruby/jcodings/jcodings/1.0.46/jcodings-1.0.46.jar:/home/runner/.m2/repository/org/snakeyaml/snakeyaml-engine/2.3/snakeyaml-engine-2.3.jar:/home/runner/.m2/repository/com/buschmais/jqassistant/core/schemata/2.1.0/schemata-2.1.0.jar:/home/runner/.m2/repository/javax/xml/bind/jaxb-api/2.4.0-b180830.0359/jaxb-api-2.4.0-b180830.0359.jar:/home/runner/.m2/repository/javax/annotation/javax.annotation-api/1.3.2/javax.annotation-api-1.3.2.jar:/home/runner/.m2/repository/com/buschmais/xo/xo.neo4j.api/2.2.2/xo.neo4j.api-2.2.2.jar:/home/runner/.m2/repository/com/buschmais/xo/xo.spi/2.2.2/xo.spi-2.2.2.jar:/home/runner/.m2/repository/org/glassfish/jaxb/jaxb-runtime/2.4.0-b180830.0438/jaxb-runtime-2.4.0-b180830.0438.jar:/home/runner/.m2/repository/org/glassfish/jaxb/txw2/2.4.0-b180830.0438/txw2-2.4.0-b180830.0438.jar:/home/runner/.m2/repository/com/sun/istack/istack-commons-runtime/3.0.7/istack-commons-runtime-3.0.7.jar:/home/runner/.m2/repository/org/jvnet/staxex/stax-ex/1.8/stax-ex-1.8.jar:/home/runner/.m2/repository/com/sun/xml/fastinfoset/FastInfoset/1.2.15/FastInfoset-1.2.15.jar:/home/runner/.m2/repository/javax/activation/javax.activation-api/1.2.0/javax.activation-api-1.2.0.jar:/home/runner/.m2/repository/com/buschmais/jqassistant/plugin/common/2.1.0/common-2.1.0.jar:/home/runner/.m2/repository/com/opencsv/opencsv/4.6/opencsv-4.6.jar:/home/runner/.m2/repository/org/apache/commons/commons-lang3/3.12.0/commons-lang3-3.12.0.jar:/home/runner/.m2/repository/org/apache/commons/commons-text/1.10.0/commons-text-1.10.0.jar:/home/runner/.m2/repository/commons-beanutils/commons-beanutils/1.9.4/commons-beanutils-1.9.4.jar:/home/runner/.m2/repository/commons-collections/commons-collections/3.2.2/commons-collections-3.2.2.jar:/home/runner/.m2/repository/org/apache/commons/commons-collections4/4.2/commons-collections4-4.2.jar:/home/runner/.m2/repository/org/mapstruct/mapstruct/1.5.5.Final/mapstruct-1.5.5.Final.jar:/home/runner/.m2/repository/org/apache/commons/commons-compress/1.25.0/commons-compress-1.25.0.jar:/home/runner/.m2/repository/com/buschmais/xo/xo.api/2.2.2/xo.api-2.2.2.jar:/home/runner/.m2/repository/javax/validation/validation-api/2.0.1.Final/validation-api-2.0.1.Final.jar:/home/runner/.m2/repository/org/contextmapper/context-mapper-dsl/6.6.1/context-mapper-dsl-6.6.1.jar:/home/runner/.m2/repository/org/eclipse/xtext/org.eclipse.xtext/2.23.0/org.eclipse.xtext-2.23.0.jar:/home/runner/.m2/repository/org/eclipse/xtext/org.eclipse.xtext.util/2.23.0/org.eclipse.xtext.util-2.23.0.jar:/home/runner/.m2/repository/org/eclipse/emf/org.eclipse.emf.ecore/2.20.0/org.eclipse.emf.ecore-2.20.0.jar:/home/runner/.m2/repository/org/eclipse/xtend/org.eclipse.xtend.lib/2.23.0/org.eclipse.xtend.lib-2.23.0.jar:/home/runner/.m2/repository/org/eclipse/xtext/org.eclipse.xtext.xbase.lib/2.23.0/org.eclipse.xtext.xbase.lib-2.23.0.jar:/home/runner/.m2/repository/org/eclipse/xtend/org.eclipse.xtend.lib.macro/2.23.0/org.eclipse.xtend.lib.macro-2.23.0.jar:/home/runner/.m2/repository/org/eclipse/platform/org.eclipse.equinox.common/3.12.0/org.eclipse.equinox.common-3.12.0.jar:/home/runner/.m2/repository/org/eclipse/platform/org.eclipse.osgi/3.15.300/org.eclipse.osgi-3.15.300.jar:/home/runner/.m2/repository/org/eclipse/emf/org.eclipse.emf.common/2.17.0/org.eclipse.emf.common-2.17.0.jar:/home/runner/.m2/repository/org/eclipse/emf/org.eclipse.emf.ecore.xmi/2.16.0/org.eclipse.emf.ecore.xmi-2.16.0.jar:/home/runner/.m2/repository/com/google/inject/guice/7.0.0/guice-7.0.0.jar:/home/runner/.m2/repository/jakarta/inject/jakarta.inject-api/2.0.1/jakarta.inject-api-2.0.1.jar:/home/runner/.m2/repository/aopalliance/aopalliance/1.0/aopalliance-1.0.jar:/home/runner/.m2/repository/org/antlr/antlr-runtime/3.2/antlr-runtime-3.2.jar:/home/runner/.m2/repository/org/eclipse/xtext/org.eclipse.xtext.xbase/2.23.0/org.eclipse.xtext.xbase-2.23.0.jar:/home/runner/.m2/repository/org/eclipse/xtext/org.eclipse.xtext.common.types/2.23.0/org.eclipse.xtext.common.types-2.23.0.jar:/home/runner/.m2/repository/io/github/classgraph/classgraph/4.8.35/classgraph-4.8.35.jar:/home/runner/.m2/repository/org/freemarker/freemarker/2.3.30/freemarker-2.3.30.jar:/home/runner/.m2/repository/org/contextmapper/service-cutter-library/1.2.1/service-cutter-library-1.2.1.jar:/home/runner/.m2/repository/org/graphstream/gs-core/1.3/gs-core-1.3.jar:/home/runner/.m2/repository/org/graphstream/pherd/1.0/pherd-1.0.jar:/home/runner/.m2/repository/org/graphstream/mbox2/1.0/mbox2-1.0.jar:/home/runner/.m2/repository/org/graphstream/gs-algo/1.3/gs-algo-1.3.jar:/home/runner/.m2/repository/org/apache/commons/commons-math/2.1/commons-math-2.1.jar:/home/runner/.m2/repository/org/apache/commons/commons-math3/3.4.1/commons-math3-3.4.1.jar:/home/runner/.m2/repository/org/jfree/jfreechart/1.0.14/jfreechart-1.0.14.jar:/home/runner/.m2/repository/org/jfree/jcommon/1.0.17/jcommon-1.0.17.jar:/home/runner/.m2/repository/com/lowagie/itext/2.1.5/itext-2.1.5.jar:/home/runner/.m2/repository/org/nlpub/watset/2.1.5/watset-2.1.5.jar:/home/runner/.m2/repository/org/jgrapht/jgrapht-core/1.4.0/jgrapht-core-1.4.0.jar:/home/runner/.m2/repository/org/jheaps/jheaps/0.11/jheaps-0.11.jar:/home/runner/.m2/repository/org/contextmapper/context-map-generator/1.2.1/context-map-generator-1.2.1.jar:/home/runner/.m2/repository/guru/nidi/com/kitfox/svgSalamander/1.1.2/svgSalamander-1.1.2.jar:/home/runner/.m2/repository/org/apache/commons/commons-exec/1.3/commons-exec-1.3.jar:/home/runner/.m2/repository/org/slf4j/slf4j-api/1.7.36/slf4j-api-1.7.36.jar:/home/runner/.m2/repository/org/slf4j/log4j-over-slf4j/1.7.36/log4j-over-slf4j-1.7.36.jar:/home/runner/.m2/repository/org/projectlombok/lombok/1.18.30/lombok-1.18.30.jar:/home/runner/.m2/repository/com/buschmais/jqassistant/core/test/2.1.0/test-2.1.0.jar:/home/runner/.m2/repository/com/buschmais/jqassistant/core/runtime/2.1.0/runtime-2.1.0.jar:/home/runner/.m2/repository/com/buschmais/jqassistant/core/analysis/2.1.0/analysis-2.1.0.jar:/home/runner/.m2/repository/io/smallrye/config/smallrye-config-source-yaml/3.1.3/smallrye-config-source-yaml-3.1.3.jar:/home/runner/.m2/repository/io/smallrye/config/smallrye-config/3.1.3/smallrye-config-3.1.3.jar:/home/runner/.m2/repository/jakarta/annotation/jakarta.annotation-api/2.1.1/jakarta.annotation-api-2.1.1.jar:/home/runner/.m2/repository/com/buschmais/jqassistant/core/store/2.1.0/store-2.1.0-tests.jar:/home/runner/.m2/repository/com/buschmais/jqassistant/core/analysis/2.1.0/analysis-2.1.0-tests.jar:/home/runner/.m2/repository/org/neo4j/neo4j/5.17.0/neo4j-5.17.0.jar:/home/runner/.m2/repository/org/neo4j/annotations/5.17.0/annotations-5.17.0.jar:/home/runner/.m2/repository/org/eclipse/collections/eclipse-collections/11.1.0/eclipse-collections-11.1.0.jar:/home/runner/.m2/repository/org/eclipse/collections/eclipse-collections-api/11.1.0/eclipse-collections-api-11.1.0.jar:/home/runner/.m2/repository/org/neo4j/neo4j-kernel/5.17.0/neo4j-kernel-5.17.0.jar:/home/runner/.m2/repository/org/neo4j/neo4j-native/5.17.0/neo4j-native-5.17.0.jar:/home/runner/.m2/repository/net/java/dev/jna/jna/5.14.0/jna-5.14.0.jar:/home/runner/.m2/repository/org/neo4j/neo4j-graphdb-api/5.17.0/neo4j-graphdb-api-5.17.0.jar:/home/runner/.m2/repository/org/neo4j/neo4j-kernel-api/5.17.0/neo4j-kernel-api-5.17.0.jar:/home/runner/.m2/repository/org/neo4j/neo4j-monitoring/5.17.0/neo4j-monitoring-5.17.0.jar:/home/runner/.m2/repository/org/neo4j/neo4j-diagnostics/5.17.0/neo4j-diagnostics-5.17.0.jar:/home/runner/.m2/repository/org/neo4j/neo4j-schema/5.17.0/neo4j-schema-5.17.0.jar:/home/runner/.m2/repository/org/neo4j/neo4j-lock/5.17.0/neo4j-lock-5.17.0.jar:/home/runner/.m2/repository/org/neo4j/neo4j-token-api/5.17.0/neo4j-token-api-5.17.0.jar:/home/runner/.m2/repository/org/neo4j/neo4j-storage-engine-util/5.17.0/neo4j-storage-engine-util-5.17.0.jar:/home/runner/.m2/repository/org/neo4j/neo4j-common/5.17.0/neo4j-common-5.17.0.jar:/home/runner/.m2/repository/org/neo4j/neo4j-values/5.17.0/neo4j-values-5.17.0.jar:/home/runner/.m2/repository/org/neo4j/neo4j-unsafe/5.17.0/neo4j-unsafe-5.17.0.jar:/home/runner/.m2/repository/org/neo4j/neo4j-collections/5.17.0/neo4j-collections-5.17.0.jar:/home/runner/.m2/repository/org/neo4j/neo4j-io/5.17.0/neo4j-io-5.17.0.jar:/home/runner/.m2/repository/org/neo4j/neo4j-concurrent/5.17.0/neo4j-concurrent-5.17.0.jar:/home/runner/.m2/repository/org/neo4j/neo4j-logging/5.17.0/neo4j-logging-5.17.0.jar:/home/runner/.m2/repository/org/codehaus/jettison/jettison/1.5.4/jettison-1.5.4.jar:/home/runner/.m2/repository/org/apache/logging/log4j/log4j-api/2.20.0/log4j-api-2.20.0.jar:/home/runner/.m2/repository/org/apache/logging/log4j/log4j-core/2.20.0/log4j-core-2.20.0.jar:/home/runner/.m2/repository/org/apache/logging/log4j/log4j-layout-template-json/2.20.0/log4j-layout-template-json-2.20.0.jar:/home/runner/.m2/repository/org/neo4j/neo4j-configuration/5.17.0/neo4j-configuration-5.17.0.jar:/home/runner/.m2/repository/com/github/seancfoley/ipaddress/5.4.0/ipaddress-5.4.0.jar:/home/runner/.m2/repository/org/neo4j/neo4j-layout/5.17.0/neo4j-layout-5.17.0.jar:/home/runner/.m2/repository/org/neo4j/neo4j-index/5.17.0/neo4j-index-5.17.0.jar:/home/runner/.m2/repository/org/neo4j/neo4j-spatial-index/5.17.0/neo4j-spatial-index-5.17.0.jar:/home/runner/.m2/repository/org/neo4j/neo4j-id-generator/5.17.0/neo4j-id-generator-5.17.0.jar:/home/runner/.m2/repository/org/neo4j/neo4j-wal/5.17.0/neo4j-wal-5.17.0.jar:/home/runner/.m2/repository/org/neo4j/neo4j-import-util/5.17.0/neo4j-import-util-5.17.0.jar:/home/runner/.m2/repository/org/neo4j/neo4j-csv/5.17.0/neo4j-csv-5.17.0.jar:/home/runner/.m2/repository/org/jctools/jctools-core/4.0.2/jctools-core-4.0.2.jar:/home/runner/.m2/repository/org/neo4j/neo4j-fabric/5.17.0/neo4j-fabric-5.17.0.jar:/home/runner/.m2/repository/io/projectreactor/reactor-core/3.6.1/reactor-core-3.6.1.jar:/home/runner/.m2/repository/org/neo4j/neo4j-front-end/5.17.0/neo4j-front-end-5.17.0.jar:/home/runner/.m2/repository/org/neo4j/neo4j-expressions/5.17.0/neo4j-expressions-5.17.0.jar:/home/runner/.m2/repository/org/neo4j/neo4j-cypher-ast-factory/5.17.0/neo4j-cypher-ast-factory-5.17.0.jar:/home/runner/.m2/repository/org/neo4j/neo4j-cypher-macros/5.17.0/neo4j-cypher-macros-5.17.0.jar:/home/runner/.m2/repository/org/scala-lang/scala-reflect/2.13.11/scala-reflect-2.13.11.jar:/home/runner/.m2/repository/org/neo4j/neo4j-query-router/5.17.0/neo4j-query-router-5.17.0.jar:/home/runner/.m2/repository/org/neo4j/neo4j-procedure/5.17.0/neo4j-procedure-5.17.0.jar:/home/runner/.m2/repository/org/neo4j/neo4j-procedure-api/5.17.0/neo4j-procedure-api-5.17.0.jar:/home/runner/.m2/repository/org/neo4j/neo4j-codegen/5.17.0/neo4j-codegen-5.17.0.jar:/home/runner/.m2/repository/org/ow2/asm/asm-util/9.6/asm-util-9.6.jar:/home/runner/.m2/repository/org/ow2/asm/asm-analysis/9.6/asm-analysis-9.6.jar:/home/runner/.m2/repository/org/ow2/asm/asm-tree/9.6/asm-tree-9.6.jar:/home/runner/.m2/repository/org/neo4j/neo4j-cypher-expression-evaluator/5.17.0/neo4j-cypher-expression-evaluator-5.17.0.jar:/home/runner/.m2/repository/org/neo4j/neo4j-ast/5.17.0/neo4j-ast-5.17.0.jar:/home/runner/.m2/repository/org/neo4j/neo4j-lucene-index/5.17.0/neo4j-lucene-index-5.17.0.jar:/home/runner/.m2/repository/org/neo4j/neo4j-resource/5.17.0/neo4j-resource-5.17.0.jar:/home/runner/.m2/repository/org/apache/lucene/lucene-analysis-common/9.8.0/lucene-analysis-common-9.8.0.jar:/home/runner/.m2/repository/org/apache/lucene/lucene-core/9.8.0/lucene-core-9.8.0.jar:/home/runner/.m2/repository/org/apache/lucene/lucene-queryparser/9.8.0/lucene-queryparser-9.8.0.jar:/home/runner/.m2/repository/org/apache/lucene/lucene-backward-codecs/9.8.0/lucene-backward-codecs-9.8.0.jar:/home/runner/.m2/repository/org/neo4j/neo4j-fulltext-index/5.17.0/neo4j-fulltext-index-5.17.0.jar:/home/runner/.m2/repository/org/neo4j/neo4j-graph-algo/5.17.0/neo4j-graph-algo-5.17.0.jar:/home/runner/.m2/repository/org/neo4j/neo4j-cypher-runtime-util/5.17.0/neo4j-cypher-runtime-util-5.17.0.jar:/home/runner/.m2/repository/org/neo4j/neo4j-cypher-logical-plans/5.17.0/neo4j-cypher-logical-plans-5.17.0.jar:/home/runner/.m2/repository/org/neo4j/neo4j-data-collector/5.17.0/neo4j-data-collector-5.17.0.jar:/home/runner/.m2/repository/org/neo4j/neo4j-cypher-planner/5.17.0/neo4j-cypher-planner-5.17.0.jar:/home/runner/.m2/repository/org/scala-lang/modules/scala-collection-contrib_2.13/0.3.0/scala-collection-contrib_2.13-0.3.0.jar:/home/runner/.m2/repository/org/neo4j/neo4j-notifications/5.17.0/neo4j-notifications-5.17.0.jar:/home/runner/.m2/repository/org/neo4j/neo4j-cypher-ir/5.17.0/neo4j-cypher-ir-5.17.0.jar:/home/runner/.m2/repository/org/neo4j/neo4j-cypher-javacc-parser/5.17.0/neo4j-cypher-javacc-parser-5.17.0.jar:/home/runner/.m2/repository/org/neo4j/cypher-ast-factory/5.17.0/cypher-ast-factory-5.17.0.jar:/home/runner/.m2/repository/org/neo4j/neo4j-cypher-rendering/5.17.0/neo4j-cypher-rendering-5.17.0.jar:/home/runner/.m2/repository/org/neo4j/neo4j-rewriting/5.17.0/neo4j-rewriting-5.17.0.jar:/home/runner/.m2/repository/org/neo4j/neo4j-cypher/5.17.0/neo4j-cypher-5.17.0.jar:/home/runner/.m2/repository/org/scala-lang/scala-library/2.13.11/scala-library-2.13.11.jar:/home/runner/.m2/repository/org/neo4j/neo4j-cypher-physical-planning/5.17.0/neo4j-cypher-physical-planning-5.17.0.jar:/home/runner/.m2/repository/org/neo4j/neo4j-exceptions/5.17.0/neo4j-exceptions-5.17.0.jar:/home/runner/.m2/repository/org/neo4j/neo4j-util/5.17.0/neo4j-util-5.17.0.jar:/home/runner/.m2/repository/org/neo4j/neo4j-cypher-config/5.17.0/neo4j-cypher-config-5.17.0.jar:/home/runner/.m2/repository/com/softwaremill/magnolia1_2/magnolia_2.13/1.1.8/magnolia_2.13-1.1.8.jar:/home/runner/.m2/repository/org/neo4j/neo4j-cypher-cache/5.17.0/neo4j-cypher-cache-5.17.0.jar:/home/runner/.m2/repository/org/neo4j/neo4j-cypher-planner-spi/5.17.0/neo4j-cypher-planner-spi-5.17.0.jar:/home/runner/.m2/repository/org/neo4j/neo4j-cypher-interpreted-runtime/5.17.0/neo4j-cypher-interpreted-runtime-5.17.0.jar:/home/runner/.m2/repository/org/neo4j/neo4j-cypher-slotted-runtime/5.17.0/neo4j-cypher-slotted-runtime-5.17.0.jar:/home/runner/.m2/repository/org/apache/shiro/shiro-core/1.13.0/shiro-core-1.13.0.jar:/home/runner/.m2/repository/org/apache/shiro/shiro-lang/1.13.0/shiro-lang-1.13.0.jar:/home/runner/.m2/repository/org/apache/shiro/shiro-cache/1.13.0/shiro-cache-1.13.0.jar:/home/runner/.m2/repository/org/apache/shiro/shiro-crypto-hash/1.13.0/shiro-crypto-hash-1.13.0.jar:/home/runner/.m2/repository/org/apache/shiro/shiro-crypto-core/1.13.0/shiro-crypto-core-1.13.0.jar:/home/runner/.m2/repository/org/apache/shiro/shiro-crypto-cipher/1.13.0/shiro-crypto-cipher-1.13.0.jar:/home/runner/.m2/repository/org/apache/shiro/shiro-config-core/1.13.0/shiro-config-core-1.13.0.jar:/home/runner/.m2/repository/org/apache/shiro/shiro-event/1.13.0/shiro-event-1.13.0.jar:/home/runner/.m2/repository/org/bitbucket/inkytonik/kiama/kiama_2.13/2.5.1/kiama_2.13-2.5.1.jar:/home/runner/.m2/repository/org/neo4j/neo4j-security/5.17.0/neo4j-security-5.17.0.jar:/home/runner/.m2/repository/org/neo4j/neo4j-command-line/5.17.0/neo4j-command-line-5.17.0.jar:/home/runner/.m2/repository/info/picocli/picocli/4.7.5/picocli-4.7.5.jar:/home/runner/.m2/repository/org/neo4j/neo4j-bolt/5.17.0/neo4j-bolt-5.17.0.jar:/home/runner/.m2/repository/org/neo4j/neo4j-ssl/5.17.0/neo4j-ssl-5.17.0.jar:/home/runner/.m2/repository/io/netty/netty-handler/4.1.101.Final/netty-handler-4.1.101.Final.jar:/home/runner/.m2/repository/io/netty/netty-resolver/4.1.101.Final/netty-resolver-4.1.101.Final.jar:/home/runner/.m2/repository/org/neo4j/server-api/5.17.0/server-api-5.17.0.jar:/home/runner/.m2/repository/jakarta/ws/rs/jakarta.ws.rs-api/2.1.6/jakarta.ws.rs-api-2.1.6.jar:/home/runner/.m2/repository/io/netty/netty-codec-http/4.1.101.Final/netty-codec-http-4.1.101.Final.jar:/home/runner/.m2/repository/io/netty/netty-common/4.1.101.Final/netty-common-4.1.101.Final.jar:/home/runner/.m2/repository/io/netty/netty-buffer/4.1.101.Final/netty-buffer-4.1.101.Final.jar:/home/runner/.m2/repository/io/netty/netty-transport/4.1.101.Final/netty-transport-4.1.101.Final.jar:/home/runner/.m2/repository/io/netty/netty-codec/4.1.101.Final/netty-codec-4.1.101.Final.jar:/home/runner/.m2/repository/io/netty/netty-transport-native-epoll/4.1.101.Final/netty-transport-native-epoll-4.1.101.Final-linux-x86_64.jar:/home/runner/.m2/repository/io/netty/netty-transport-native-unix-common/4.1.101.Final/netty-transport-native-unix-common-4.1.101.Final.jar:/home/runner/.m2/repository/io/netty/netty-transport-classes-epoll/4.1.101.Final/netty-transport-classes-epoll-4.1.101.Final.jar:/home/runner/.m2/repository/io/netty/netty-transport-native-epoll/4.1.101.Final/netty-transport-native-epoll-4.1.101.Final-linux-aarch_64.jar:/home/runner/.m2/repository/io/netty/netty-transport-native-kqueue/4.1.101.Final/netty-transport-native-kqueue-4.1.101.Final-osx-x86_64.jar:/home/runner/.m2/repository/io/netty/netty-transport-classes-kqueue/4.1.101.Final/netty-transport-classes-kqueue-4.1.101.Final.jar:/home/runner/.m2/repository/io/netty/netty-transport-native-kqueue/4.1.101.Final/netty-transport-native-kqueue-4.1.101.Final-osx-aarch_64.jar:/home/runner/.m2/repository/org/neo4j/neo4j-consistency-check/5.17.0/neo4j-consistency-check-5.17.0.jar:/home/runner/.m2/repository/org/neo4j/neo4j-record-storage-engine/5.17.0/neo4j-record-storage-engine-5.17.0.jar:/home/runner/.m2/repository/org/neo4j/neo4j-dbms/5.17.0/neo4j-dbms-5.17.0.jar:/home/runner/.m2/repository/org/jprocesses/jProcesses/1.6.5/jProcesses-1.6.5.jar:/home/runner/.m2/repository/com/profesorfalken/WMI4Java/1.6.3/WMI4Java-1.6.3.jar:/home/runner/.m2/repository/com/profesorfalken/jPowerShell/3.0/jPowerShell-3.0.jar:/home/runner/.m2/repository/org/apache/commons/commons-configuration2/2.9.0/commons-configuration2-2.9.0.jar:/home/runner/.m2/repository/org/neo4j/licensing-proxy/zstd-proxy/5.17.0/zstd-proxy-5.17.0.jar:/home/runner/.m2/repository/com/github/luben/zstd-jni/1.5.5-11/zstd-jni-1.5.5-11.jar:/home/runner/.m2/repository/org/neo4j/neo4j-import-tool/5.17.0/neo4j-import-tool-5.17.0.jar:/home/runner/.m2/repository/org/neo4j/app/neo4j-server/5.17.0/neo4j-server-5.17.0.jar:/home/runner/.m2/repository/org/eclipse/jetty/jetty-server/10.0.17/jetty-server-10.0.17.jar:/home/runner/.m2/repository/org/eclipse/jetty/toolchain/jetty-servlet-api/4.0.6/jetty-servlet-api-4.0.6.jar:/home/runner/.m2/repository/org/eclipse/jetty/jetty-http/10.0.17/jetty-http-10.0.17.jar:/home/runner/.m2/repository/org/eclipse/jetty/jetty-util/10.0.17/jetty-util-10.0.17.jar:/home/runner/.m2/repository/org/eclipse/jetty/jetty-io/10.0.17/jetty-io-10.0.17.jar:/home/runner/.m2/repository/org/eclipse/jetty/http2/http2-server/10.0.17/http2-server-10.0.17.jar:/home/runner/.m2/repository/org/eclipse/jetty/http2/http2-common/10.0.17/http2-common-10.0.17.jar:/home/runner/.m2/repository/org/eclipse/jetty/http2/http2-hpack/10.0.17/http2-hpack-10.0.17.jar:/home/runner/.m2/repository/org/eclipse/jetty/jetty-alpn-server/10.0.17/jetty-alpn-server-10.0.17.jar:/home/runner/.m2/repository/org/eclipse/jetty/jetty-alpn-java-server/10.0.17/jetty-alpn-java-server-10.0.17.jar:/home/runner/.m2/repository/org/eclipse/jetty/jetty-webapp/10.0.17/jetty-webapp-10.0.17.jar:/home/runner/.m2/repository/org/eclipse/jetty/jetty-servlet/10.0.17/jetty-servlet-10.0.17.jar:/home/runner/.m2/repository/org/eclipse/jetty/jetty-security/10.0.17/jetty-security-10.0.17.jar:/home/runner/.m2/repository/org/eclipse/jetty/jetty-xml/10.0.17/jetty-xml-10.0.17.jar:/home/runner/.m2/repository/org/glassfish/jersey/inject/jersey-hk2/2.34/jersey-hk2-2.34.jar:/home/runner/.m2/repository/org/glassfish/jersey/core/jersey-common/2.34/jersey-common-2.34.jar:/home/runner/.m2/repository/org/glassfish/hk2/external/jakarta.inject/2.6.1/jakarta.inject-2.6.1.jar:/home/runner/.m2/repository/org/glassfish/hk2/hk2-locator/2.6.1/hk2-locator-2.6.1.jar:/home/runner/.m2/repository/org/glassfish/hk2/hk2-api/2.6.1/hk2-api-2.6.1.jar:/home/runner/.m2/repository/org/glassfish/hk2/hk2-utils/2.6.1/hk2-utils-2.6.1.jar:/home/runner/.m2/repository/org/javassist/javassist/3.25.0-GA/javassist-3.25.0-GA.jar:/home/runner/.m2/repository/org/glassfish/jersey/containers/jersey-container-servlet/2.34/jersey-container-servlet-2.34.jar:/home/runner/.m2/repository/org/glassfish/jersey/containers/jersey-container-servlet-core/2.34/jersey-container-servlet-core-2.34.jar:/home/runner/.m2/repository/org/glassfish/jersey/core/jersey-server/2.34/jersey-server-2.34.jar:/home/runner/.m2/repository/org/glassfish/jersey/core/jersey-client/2.34/jersey-client-2.34.jar:/home/runner/.m2/repository/jakarta/validation/jakarta.validation-api/2.0.2/jakarta.validation-api-2.0.2.jar:/home/runner/.m2/repository/com/fasterxml/jackson/jaxrs/jackson-jaxrs-json-provider/2.16.1/jackson-jaxrs-json-provider-2.16.1.jar:/home/runner/.m2/repository/com/fasterxml/jackson/jaxrs/jackson-jaxrs-base/2.16.1/jackson-jaxrs-base-2.16.1.jar:/home/runner/.m2/repository/com/fasterxml/jackson/module/jackson-module-jaxb-annotations/2.16.1/jackson-module-jaxb-annotations-2.16.1.jar:/home/runner/.m2/repository/jakarta/xml/bind/jakarta.xml.bind-api/2.3.2/jakarta.xml.bind-api-2.3.2.jar:/home/runner/.m2/repository/jakarta/activation/jakarta.activation-api/1.2.1/jakarta.activation-api-1.2.1.jar:/home/runner/.m2/repository/org/neo4j/neo4j-capabilities/5.17.0/neo4j-capabilities-5.17.0.jar:/home/runner/.m2/repository/org/neo4j/community/it-test-support/5.17.0/it-test-support-5.17.0.jar:/home/runner/.m2/repository/org/neo4j/io-test-utils/5.17.0/io-test-utils-5.17.0.jar:/home/runner/.m2/repository/org/neo4j/neo4j-random-values/5.17.0/neo4j-random-values-5.17.0.jar:/home/runner/.m2/repository/org/neo4j/test-utils/5.17.0/test-utils-5.17.0.jar:/home/runner/.m2/repository/org/junit/platform/junit-platform-testkit/1.9.1/junit-platform-testkit-1.9.1.jar:/home/runner/.m2/repository/org/junit/platform/junit-platform-launcher/1.9.1/junit-platform-launcher-1.9.1.jar:/home/runner/.m2/repository/org/bouncycastle/bcpkix-jdk18on/1.77/bcpkix-jdk18on-1.77.jar:/home/runner/.m2/repository/org/bouncycastle/bcutil-jdk18on/1.77/bcutil-jdk18on-1.77.jar:/home/runner/.m2/repository/org/bouncycastle/bcprov-jdk18on/1.77/bcprov-jdk18on-1.77.jar:/home/runner/.m2/repository/org/neo4j/layout-test-utils/5.17.0/layout-test-utils-5.17.0.jar:/home/runner/.m2/repository/org/junit/vintage/junit-vintage-engine/5.9.1/junit-vintage-engine-5.9.1.jar:/home/runner/.m2/repository/junit/junit/4.13.2/junit-4.13.2.jar:/home/runner/.m2/repository/org/hamcrest/hamcrest-core/1.3/hamcrest-core-1.3.jar:/home/runner/.m2/repository/com/buschmais/jqassistant/neo4j/embedded/2.1.0/embedded-2.1.0.jar:/home/runner/.m2/repository/org/neo4j/client/neo4j-browser/5.15.0/neo4j-browser-5.15.0.jar:/home/runner/.m2/repository/com/buschmais/xo/xo.neo4j.embedded/2.2.2/xo.neo4j.embedded-2.2.2.jar:/home/runner/.m2/repository/com/buschmais/xo/xo.neo4j.spi/2.2.2/xo.neo4j.spi-2.2.2.jar:/home/runner/.m2/repository/com/google/guava/guava/32.0.1-jre/guava-32.0.1-jre.jar:/home/runner/.m2/repository/com/google/guava/failureaccess/1.0.1/failureaccess-1.0.1.jar:/home/runner/.m2/repository/com/google/guava/listenablefuture/9999.0-empty-to-avoid-conflict-with-guava/listenablefuture-9999.0-empty-to-avoid-conflict-with-guava.jar:/home/runner/.m2/repository/com/google/code/findbugs/jsr305/3.0.2/jsr305-3.0.2.jar:/home/runner/.m2/repository/com/google/j2objc/j2objc-annotations/2.8/j2objc-annotations-2.8.jar:/home/runner/.m2/repository/org/junit/jupiter/junit-jupiter-engine/5.9.1/junit-jupiter-engine-5.9.1.jar:/home/runner/.m2/repository/org/junit/platform/junit-platform-engine/1.9.1/junit-platform-engine-1.9.1.jar:/home/runner/.m2/repository/org/opentest4j/opentest4j/1.2.0/opentest4j-1.2.0.jar:/home/runner/.m2/repository/org/junit/platform/junit-platform-commons/1.9.1/junit-platform-commons-1.9.1.jar:/home/runner/.m2/repository/org/junit/jupiter/junit-jupiter-api/5.9.1/junit-jupiter-api-5.9.1.jar:/home/runner/.m2/repository/org/apiguardian/apiguardian-api/1.1.2/apiguardian-api-1.1.2.jar:/home/runner/.m2/repository/org/junit/jupiter/junit-jupiter-params/5.9.1/junit-jupiter-params-5.9.1.jar:/home/runner/.m2/repository/org/assertj/assertj-core/3.22.0/assertj-core-3.22.0.jar:/home/runner/.m2/repository/org/slf4j/slf4j-simple/1.7.36/slf4j-simple-1.7.36.jar:/home/runner/.m2/repository/org/mockito/mockito-junit-jupiter/2.23.4/mockito-junit-jupiter-2.23.4.jar:/home/runner/.m2/repository/org/mockito/mockito-core/2.23.4/mockito-core-2.23.4.jar:/home/runner/.m2/repository/net/bytebuddy/byte-buddy/1.9.3/byte-buddy-1.9.3.jar:/home/runner/.m2/repository/net/bytebuddy/byte-buddy-agent/1.9.3/byte-buddy-agent-1.9.3.jar:/home/runner/.m2/repository/org/objenesis/objenesis/2.6/objenesis-2.6.jar:"/>
    <property name="sun.cpu.endian" value="little"/>
    <property name="user.home" value="/home/runner"/>
    <property name="user.language" value="en"/>
    <property name="java.specification.vendor" value="Oracle Corporation"/>
    <property name="java.version.date" value="2024-04-16"/>
    <property name="java.home" value="/usr/lib/jvm/temurin-21-jdk-amd64"/>
    <property name="file.separator" value="/"/>
    <property name="basedir" value="/home/runner/work/jqassistant-context-mapper-plugin/jqassistant-context-mapper-plugin"/>
    <property name="java.vm.compressedOopsMode" value="Zero based"/>
    <property name="line.separator" value="&#10;"/>
    <property name="java.vm.specification.vendor" value="Oracle Corporation"/>
    <property name="java.specification.name" value="Java Platform API Specification"/>
    <property name="surefire.real.class.path" value="/home/runner/work/jqassistant-context-mapper-plugin/jqassistant-context-mapper-plugin/target/surefire/surefirebooter-20240725104008632_3.jar"/>
    <property name="sun.management.compiler" value="HotSpot 64-Bit Tiered Compilers"/>
    <property name="java.runtime.version" value="21.0.3+9-LTS"/>
    <property name="user.name" value="runner"/>
    <property name="stdout.encoding" value="UTF-8"/>
    <property name="path.separator" value=":"/>
    <property name="os.version" value="6.5.0-1024-azure"/>
    <property name="java.runtime.name" value="OpenJDK Runtime Environment"/>
    <property name="file.encoding" value="UTF-8"/>
    <property name="jnidispatch.path" value="/home/runner/.cache/JNA/temp/jna18439329907418290030.tmp"/>
    <property name="java.vm.name" value="OpenJDK 64-Bit Server VM"/>
    <property name="jna.platform.library.path" value="/usr/lib/x86_64-linux-gnu:/lib/x86_64-linux-gnu:/usr/lib64:/lib64:/usr/lib:/lib:/lib32:/usr/local/lib:/usr/lib/x86_64-linux-gnu/libfakeroot"/>
    <property name="java.vendor.version" value="Temurin-21.0.3+9"/>
    <property name="localRepository" value="/home/runner/.m2/repository"/>
    <property name="jna.loaded" value="true"/>
    <property name="java.vendor.url.bug" value="https://github.com/adoptium/adoptium-support/issues"/>
    <property name="java.io.tmpdir" value="/tmp"/>
    <property name="java.version" value="21.0.3"/>
    <property name="user.dir" value="/home/runner/work/jqassistant-context-mapper-plugin/jqassistant-context-mapper-plugin"/>
    <property name="os.arch" value="amd64"/>
    <property name="java.vm.specification.name" value="Java Virtual Machine Specification"/>
    <property name="native.encoding" value="UTF-8"/>
    <property name="java.library.path" value="/usr/java/packages/lib:/usr/lib64:/lib64:/lib:/usr/lib"/>
    <property name="java.vm.info" value="mixed mode, sharing"/>
    <property name="stderr.encoding" value="UTF-8"/>
    <property name="java.vendor" value="Eclipse Adoptium"/>
    <property name="java.vm.version" value="21.0.3+9-LTS"/>
    <property name="sun.io.unicode.encoding" value="UnicodeLittle"/>
    <property name="java.class.version" value="65.0"/>
  </properties>
  <testcase name="scan" classname="org.jqassistant.plugin.contextmapper.report.ContextMapperReportPluginIT" time="0.699">
    <system-out><![CDATA[try to call: path=/tmp/GraphvizJava/DotEngine10073138086518989952; dotFile=/tmp/GraphvizJava/DotEngine10073138086518989952/dotfile.dot; options=Options{engine=DOT, format=SVG, totalMemory=null, yInvert=null, basedir=./target/jqassistant/report/context-mapper, images=[]}
]]></system-out>
    <system-err><![CDATA[[main] INFO com.buschmais.jqassistant.core.runtime.impl.plugin.PluginConfigurationReaderImpl - Scanning for jQAssistant plugins...
[main] INFO com.buschmais.jqassistant.core.runtime.impl.plugin.PluginConfigurationReaderImpl - Loaded plugin 'jQAssistant Context Mapper Plugin' with id 'jqa.plugin.contextmapper'
[main] INFO com.buschmais.jqassistant.core.runtime.impl.plugin.PluginConfigurationReaderImpl - Loaded plugin 'jQAssistant Core Report Plugin' with id 'jqa.core.report.plugin'
[main] INFO com.buschmais.jqassistant.core.runtime.impl.plugin.PluginConfigurationReaderImpl - Loaded plugin 'jQAssistant Common Plugin' with id 'jqa.plugin.common'
[main] INFO com.buschmais.jqassistant.core.runtime.impl.plugin.PluginConfigurationReaderImpl - Loaded plugin 'jQAssistant Core Analysis Plugin' with id 'jqa.core.analysis.plugin'
[main] INFO com.buschmais.jqassistant.core.store.api.StoreFactory - Connecting to store at memory:///'
[main] INFO com.buschmais.jqassistant.core.store.impl.EmbeddedGraphStore - Initialized embedded Neo4j database '5.17.0'.
[main] INFO com.buschmais.jqassistant.core.store.impl.AbstractGraphStore - Resetting store.
[main] INFO com.buschmais.jqassistant.core.store.impl.AbstractGraphStore - Reset finished (removed 0 nodes, duration: 0s).
[main] INFO com.buschmais.jqassistant.core.analysis.impl.AnalyzerRuleVisitor - Applying concept 'context-mapper:BoundedContexts' with severity: 'MINOR'.
[main] INFO guru.nidi.graphviz.service.CommandLineExecutor - executing command [/bin/sh, -c, dot -Tsvg /tmp/GraphvizJava/DotEngine10073138086518989952/dotfile.dot -ooutfile.svg]
]]></system-err>
  </testcase>
</testsuite>