<?xml version="1.0" encoding="UTF-8"?>
<testsuite xmlns:xsi="http://www.w3.org/2001/XMLSchema-instance" xsi:noNamespaceSchemaLocation="https://maven.apache.org/surefire/maven-failsafe-plugin/xsd/failsafe-test-report-3.0.xsd" version="3.0" name="org.jqassistant.plugin.contextmapper.report.ContextMapperReportPluginIT" time="1.083" tests="1" errors="0" skipped="0" failures="0">
  <properties>
    <property name="awt.toolkit" value="sun.awt.X11.XToolkit"/>
    <property name="java.specification.version" value="11"/>
    <property name="sun.cpu.isalist" value=""/>
    <property name="sun.jnu.encoding" value="UTF-8"/>
    <property name="java.class.path" value="/home/runner/work/jqassistant-context-mapper-plugin/jqassistant-context-mapper-plugin/target/test-classes:/home/runner/work/jqassistant-context-mapper-plugin/jqassistant-context-mapper-plugin/target/jqassistant-context-mapper-plugin-2.1.0-SNAPSHOT.jar:/home/runner/.m2/repository/com/buschmais/jqassistant/core/scanner/2.3.0/scanner-2.3.0.jar:/home/runner/.m2/repository/com/buschmais/jqassistant/core/store/2.3.0/store-2.3.0.jar:/home/runner/.m2/repository/com/buschmais/xo/xo.neo4j.remote/2.2.7/xo.neo4j.remote-2.2.7.jar:/home/runner/.m2/repository/org/neo4j/driver/neo4j-java-driver/4.4.17/neo4j-java-driver-4.4.17.jar:/home/runner/.m2/repository/org/reactivestreams/reactive-streams/1.0.4/reactive-streams-1.0.4.jar:/home/runner/.m2/repository/com/buschmais/xo/xo.impl/2.2.7/xo.impl-2.2.7.jar:/home/runner/.m2/repository/com/github/ben-manes/caffeine/caffeine/3.1.6/caffeine-3.1.6.jar:/home/runner/.m2/repository/org/checkerframework/checker-qual/3.33.0/checker-qual-3.33.0.jar:/home/runner/.m2/repository/com/google/errorprone/error_prone_annotations/2.18.0/error_prone_annotations-2.18.0.jar:/home/runner/.m2/repository/com/buschmais/jqassistant/core/shared/2.3.0/shared-2.3.0.jar:/home/runner/.m2/repository/org/slf4j/jcl-over-slf4j/1.7.36/jcl-over-slf4j-1.7.36.jar:/home/runner/.m2/repository/commons-lang/commons-lang/2.6/commons-lang-2.6.jar:/home/runner/.m2/repository/io/smallrye/config/smallrye-config-core/3.8.2/smallrye-config-core-3.8.2.jar:/home/runner/.m2/repository/org/eclipse/microprofile/config/microprofile-config-api/3.1/microprofile-config-api-3.1.jar:/home/runner/.m2/repository/io/smallrye/common/smallrye-common-annotation/2.4.0/smallrye-common-annotation-2.4.0.jar:/home/runner/.m2/repository/io/smallrye/common/smallrye-common-expression/2.4.0/smallrye-common-expression-2.4.0.jar:/home/runner/.m2/repository/io/smallrye/common/smallrye-common-function/2.4.0/smallrye-common-function-2.4.0.jar:/home/runner/.m2/repository/io/smallrye/common/smallrye-common-constraint/2.4.0/smallrye-common-constraint-2.4.0.jar:/home/runner/.m2/repository/io/smallrye/common/smallrye-common-classloader/2.4.0/smallrye-common-classloader-2.4.0.jar:/home/runner/.m2/repository/org/jboss/logging/jboss-logging/3.5.3.Final/jboss-logging-3.5.3.Final.jar:/home/runner/.m2/repository/org/ow2/asm/asm/9.7/asm-9.7.jar:/home/runner/.m2/repository/io/smallrye/config/smallrye-config-common/3.8.2/smallrye-config-common-3.8.2.jar:/home/runner/.m2/repository/commons-io/commons-io/2.16.1/commons-io-2.16.1.jar:/home/runner/.m2/repository/com/buschmais/jqassistant/core/report/2.3.0/report-2.3.0.jar:/home/runner/.m2/repository/com/buschmais/jqassistant/core/rule/2.3.0/rule-2.3.0.jar:/home/runner/.m2/repository/com/fasterxml/jackson/dataformat/jackson-dataformat-yaml/2.15.0/jackson-dataformat-yaml-2.15.0.jar:/home/runner/.m2/repository/com/fasterxml/jackson/core/jackson-databind/2.15.0/jackson-databind-2.15.0.jar:/home/runner/.m2/repository/com/fasterxml/jackson/core/jackson-annotations/2.15.0/jackson-annotations-2.15.0.jar:/home/runner/.m2/repository/org/yaml/snakeyaml/2.0/snakeyaml-2.0.jar:/home/runner/.m2/repository/com/fasterxml/jackson/core/jackson-core/2.15.0/jackson-core-2.15.0.jar:/home/runner/.m2/repository/com/networknt/json-schema-validator/1.0.36/json-schema-validator-1.0.36.jar:/home/runner/.m2/repository/org/jruby/joni/joni/2.1.31/joni-2.1.31.jar:/home/runner/.m2/repository/org/jruby/jcodings/jcodings/1.0.46/jcodings-1.0.46.jar:/home/runner/.m2/repository/org/snakeyaml/snakeyaml-engine/2.3/snakeyaml-engine-2.3.jar:/home/runner/.m2/repository/com/buschmais/jqassistant/core/schemata/2.3.0/schemata-2.3.0.jar:/home/runner/.m2/repository/javax/xml/bind/jaxb-api/2.4.0-b180830.0359/jaxb-api-2.4.0-b180830.0359.jar:/home/runner/.m2/repository/javax/annotation/javax.annotation-api/1.3.2/javax.annotation-api-1.3.2.jar:/home/runner/.m2/repository/com/buschmais/xo/xo.neo4j.api/2.2.7/xo.neo4j.api-2.2.7.jar:/home/runner/.m2/repository/com/buschmais/xo/xo.spi/2.2.7/xo.spi-2.2.7.jar:/home/runner/.m2/repository/org/glassfish/jaxb/jaxb-runtime/2.4.0-b180830.0438/jaxb-runtime-2.4.0-b180830.0438.jar:/home/runner/.m2/repository/org/glassfish/jaxb/txw2/2.4.0-b180830.0438/txw2-2.4.0-b180830.0438.jar:/home/runner/.m2/repository/com/sun/istack/istack-commons-runtime/3.0.7/istack-commons-runtime-3.0.7.jar:/home/runner/.m2/repository/org/jvnet/staxex/stax-ex/1.8/stax-ex-1.8.jar:/home/runner/.m2/repository/com/sun/xml/fastinfoset/FastInfoset/1.2.15/FastInfoset-1.2.15.jar:/home/runner/.m2/repository/javax/activation/javax.activation-api/1.2.0/javax.activation-api-1.2.0.jar:/home/runner/.m2/repository/com/buschmais/jqassistant/plugin/common/2.3.0/common-2.3.0.jar:/home/runner/.m2/repository/com/opencsv/opencsv/4.6/opencsv-4.6.jar:/home/runner/.m2/repository/org/apache/commons/commons-lang3/3.14.0/commons-lang3-3.14.0.jar:/home/runner/.m2/repository/org/apache/commons/commons-text/1.12.0/commons-text-1.12.0.jar:/home/runner/.m2/repository/commons-beanutils/commons-beanutils/1.9.4/commons-beanutils-1.9.4.jar:/home/runner/.m2/repository/commons-collections/commons-collections/3.2.2/commons-collections-3.2.2.jar:/home/runner/.m2/repository/org/apache/commons/commons-collections4/4.2/commons-collections4-4.2.jar:/home/runner/.m2/repository/org/mapstruct/mapstruct/1.5.5.Final/mapstruct-1.5.5.Final.jar:/home/runner/.m2/repository/org/apache/commons/commons-compress/1.25.0/commons-compress-1.25.0.jar:/home/runner/.m2/repository/com/buschmais/xo/xo.api/2.2.7/xo.api-2.2.7.jar:/home/runner/.m2/repository/javax/validation/validation-api/2.0.1.Final/validation-api-2.0.1.Final.jar:/home/runner/.m2/repository/org/contextmapper/context-mapper-dsl/6.6.1/context-mapper-dsl-6.6.1.jar:/home/runner/.m2/repository/org/eclipse/xtext/org.eclipse.xtext/2.23.0/org.eclipse.xtext-2.23.0.jar:/home/runner/.m2/repository/org/eclipse/xtext/org.eclipse.xtext.util/2.23.0/org.eclipse.xtext.util-2.23.0.jar:/home/runner/.m2/repository/org/eclipse/emf/org.eclipse.emf.ecore/2.20.0/org.eclipse.emf.ecore-2.20.0.jar:/home/runner/.m2/repository/org/eclipse/xtend/org.eclipse.xtend.lib/2.23.0/org.eclipse.xtend.lib-2.23.0.jar:/home/runner/.m2/repository/org/eclipse/xtext/org.eclipse.xtext.xbase.lib/2.23.0/org.eclipse.xtext.xbase.lib-2.23.0.jar:/home/runner/.m2/repository/org/eclipse/xtend/org.eclipse.xtend.lib.macro/2.23.0/org.eclipse.xtend.lib.macro-2.23.0.jar:/home/runner/.m2/repository/org/eclipse/platform/org.eclipse.equinox.common/3.12.0/org.eclipse.equinox.common-3.12.0.jar:/home/runner/.m2/repository/org/eclipse/platform/org.eclipse.osgi/3.15.300/org.eclipse.osgi-3.15.300.jar:/home/runner/.m2/repository/org/eclipse/emf/org.eclipse.emf.common/2.17.0/org.eclipse.emf.common-2.17.0.jar:/home/runner/.m2/repository/org/eclipse/emf/org.eclipse.emf.ecore.xmi/2.16.0/org.eclipse.emf.ecore.xmi-2.16.0.jar:/home/runner/.m2/repository/com/google/inject/guice/7.0.0/guice-7.0.0.jar:/home/runner/.m2/repository/jakarta/inject/jakarta.inject-api/2.0.1/jakarta.inject-api-2.0.1.jar:/home/runner/.m2/repository/aopalliance/aopalliance/1.0/aopalliance-1.0.jar:/home/runner/.m2/repository/org/antlr/antlr-runtime/3.2/antlr-runtime-3.2.jar:/home/runner/.m2/repository/org/eclipse/xtext/org.eclipse.xtext.xbase/2.23.0/org.eclipse.xtext.xbase-2.23.0.jar:/home/runner/.m2/repository/org/eclipse/xtext/org.eclipse.xtext.common.types/2.23.0/org.eclipse.xtext.common.types-2.23.0.jar:/home/runner/.m2/repository/io/github/classgraph/classgraph/4.8.35/classgraph-4.8.35.jar:/home/runner/.m2/repository/org/freemarker/freemarker/2.3.30/freemarker-2.3.30.jar:/home/runner/.m2/repository/org/contextmapper/service-cutter-library/1.2.1/service-cutter-library-1.2.1.jar:/home/runner/.m2/repository/org/graphstream/gs-core/1.3/gs-core-1.3.jar:/home/runner/.m2/repository/org/graphstream/pherd/1.0/pherd-1.0.jar:/home/runner/.m2/repository/org/graphstream/mbox2/1.0/mbox2-1.0.jar:/home/runner/.m2/repository/org/graphstream/gs-algo/1.3/gs-algo-1.3.jar:/home/runner/.m2/repository/org/apache/commons/commons-math/2.1/commons-math-2.1.jar:/home/runner/.m2/repository/org/apache/commons/commons-math3/3.4.1/commons-math3-3.4.1.jar:/home/runner/.m2/repository/org/jfree/jfreechart/1.0.14/jfreechart-1.0.14.jar:/home/runner/.m2/repository/org/jfree/jcommon/1.0.17/jcommon-1.0.17.jar:/home/runner/.m2/repository/com/lowagie/itext/2.1.5/itext-2.1.5.jar:/home/runner/.m2/repository/org/nlpub/watset/2.1.5/watset-2.1.5.jar:/home/runner/.m2/repository/org/jgrapht/jgrapht-core/1.4.0/jgrapht-core-1.4.0.jar:/home/runner/.m2/repository/org/jheaps/jheaps/0.11/jheaps-0.11.jar:/home/runner/.m2/repository/org/contextmapper/context-map-generator/1.2.1/context-map-generator-1.2.1.jar:/home/runner/.m2/repository/guru/nidi/com/kitfox/svgSalamander/1.1.2/svgSalamander-1.1.2.jar:/home/runner/.m2/repository/org/apache/commons/commons-exec/1.3/commons-exec-1.3.jar:/home/runner/.m2/repository/org/slf4j/slf4j-api/1.7.36/slf4j-api-1.7.36.jar:/home/runner/.m2/repository/org/slf4j/log4j-over-slf4j/1.7.36/log4j-over-slf4j-1.7.36.jar:/home/runner/.m2/repository/org/projectlombok/lombok/1.18.32/lombok-1.18.32.jar:/home/runner/.m2/repository/com/buschmais/jqassistant/core/test/2.3.0/test-2.3.0.jar:/home/runner/.m2/repository/com/buschmais/jqassistant/core/runtime/2.3.0/runtime-2.3.0.jar:/home/runner/.m2/repository/com/buschmais/jqassistant/core/analysis/2.3.0/analysis-2.3.0.jar:/home/runner/.m2/repository/io/smallrye/config/smallrye-config-source-yaml/3.8.2/smallrye-config-source-yaml-3.8.2.jar:/home/runner/.m2/repository/io/smallrye/config/smallrye-config/3.8.2/smallrye-config-3.8.2.jar:/home/runner/.m2/repository/jakarta/annotation/jakarta.annotation-api/2.1.1/jakarta.annotation-api-2.1.1.jar:/home/runner/.m2/repository/org/neo4j/neo4j/4.4.34/neo4j-4.4.34.jar:/home/runner/.m2/repository/org/neo4j/annotations/4.4.34/annotations-4.4.34.jar:/home/runner/.m2/repository/org/eclipse/collections/eclipse-collections/10.4.0/eclipse-collections-10.4.0.jar:/home/runner/.m2/repository/org/eclipse/collections/eclipse-collections-api/10.4.0/eclipse-collections-api-10.4.0.jar:/home/runner/.m2/repository/org/neo4j/neo4j-kernel/4.4.34/neo4j-kernel-4.4.34.jar:/home/runner/.m2/repository/org/neo4j/neo4j-native/4.4.34/neo4j-native-4.4.34.jar:/home/runner/.m2/repository/net/java/dev/jna/jna/5.9.0/jna-5.9.0.jar:/home/runner/.m2/repository/org/neo4j/neo4j-graphdb-api/4.4.34/neo4j-graphdb-api-4.4.34.jar:/home/runner/.m2/repository/org/neo4j/neo4j-storage-engine-api/4.4.34/neo4j-storage-engine-api-4.4.34.jar:/home/runner/.m2/repository/org/neo4j/neo4j-lock/4.4.34/neo4j-lock-4.4.34.jar:/home/runner/.m2/repository/org/neo4j/neo4j-diagnostics/4.4.34/neo4j-diagnostics-4.4.34.jar:/home/runner/.m2/repository/org/neo4j/neo4j-token-api/4.4.34/neo4j-token-api-4.4.34.jar:/home/runner/.m2/repository/org/neo4j/neo4j-schema/4.4.34/neo4j-schema-4.4.34.jar:/home/runner/.m2/repository/org/neo4j/neo4j-monitoring/4.4.34/neo4j-monitoring-4.4.34.jar:/home/runner/.m2/repository/org/neo4j/neo4j-kernel-api/4.4.34/neo4j-kernel-api-4.4.34.jar:/home/runner/.m2/repository/org/neo4j/neo4j-common/4.4.34/neo4j-common-4.4.34.jar:/home/runner/.m2/repository/org/neo4j/neo4j-values/4.4.34/neo4j-values-4.4.34.jar:/home/runner/.m2/repository/org/neo4j/neo4j-unsafe/4.4.34/neo4j-unsafe-4.4.34.jar:/home/runner/.m2/repository/com/github/jbellis/jamm/0.3.3/jamm-0.3.3.jar:/home/runner/.m2/repository/org/neo4j/neo4j-collections/4.4.34/neo4j-collections-4.4.34.jar:/home/runner/.m2/repository/org/neo4j/neo4j-io/4.4.34/neo4j-io-4.4.34.jar:/home/runner/.m2/repository/org/neo4j/neo4j-concurrent/4.4.34/neo4j-concurrent-4.4.34.jar:/home/runner/.m2/repository/org/neo4j/neo4j-logging/4.4.34/neo4j-logging-4.4.34.jar:/home/runner/.m2/repository/org/codehaus/jettison/jettison/1.5.4/jettison-1.5.4.jar:/home/runner/.m2/repository/org/apache/logging/log4j/log4j-api/2.17.1/log4j-api-2.17.1.jar:/home/runner/.m2/repository/org/apache/logging/log4j/log4j-core/2.17.1/log4j-core-2.17.1.jar:/home/runner/.m2/repository/org/neo4j/neo4j-configuration/4.4.34/neo4j-configuration-4.4.34.jar:/home/runner/.m2/repository/com/github/seancfoley/ipaddress/5.3.3/ipaddress-5.3.3.jar:/home/runner/.m2/repository/org/neo4j/neo4j-layout/4.4.34/neo4j-layout-4.4.34.jar:/home/runner/.m2/repository/org/neo4j/neo4j-index/4.4.34/neo4j-index-4.4.34.jar:/home/runner/.m2/repository/org/neo4j/neo4j-spatial-index/4.4.34/neo4j-spatial-index-4.4.34.jar:/home/runner/.m2/repository/org/neo4j/neo4j-id-generator/4.4.34/neo4j-id-generator-4.4.34.jar:/home/runner/.m2/repository/org/neo4j/neo4j-wal/4.4.34/neo4j-wal-4.4.34.jar:/home/runner/.m2/repository/org/neo4j/neo4j-import-util/4.4.34/neo4j-import-util-4.4.34.jar:/home/runner/.m2/repository/org/neo4j/neo4j-csv/4.4.34/neo4j-csv-4.4.34.jar:/home/runner/.m2/repository/org/jctools/jctools-core/3.3.0/jctools-core-3.3.0.jar:/home/runner/.m2/repository/org/neo4j/neo4j-fabric/4.4.34/neo4j-fabric-4.4.34.jar:/home/runner/.m2/repository/io/projectreactor/reactor-core/3.6.5/reactor-core-3.6.5.jar:/home/runner/.m2/repository/org/neo4j/neo4j-front-end/4.4.34/neo4j-front-end-4.4.34.jar:/home/runner/.m2/repository/org/neo4j/neo4j-expressions/4.4.34/neo4j-expressions-4.4.34.jar:/home/runner/.m2/repository/org/neo4j/neo4j-parser/4.4.34/neo4j-parser-4.4.34.jar:/home/runner/.m2/repository/org/neo4j/neo4j-cypher-macros/4.4.34/neo4j-cypher-macros-4.4.34.jar:/home/runner/.m2/repository/org/scala-lang/scala-reflect/2.12.13/scala-reflect-2.12.13.jar:/home/runner/.m2/repository/org/neo4j/neo4j-procedure/4.4.34/neo4j-procedure-4.4.34.jar:/home/runner/.m2/repository/org/neo4j/neo4j-procedure-api/4.4.34/neo4j-procedure-api-4.4.34.jar:/home/runner/.m2/repository/org/neo4j/neo4j-codegen/4.4.34/neo4j-codegen-4.4.34.jar:/home/runner/.m2/repository/org/ow2/asm/asm-util/9.7/asm-util-9.7.jar:/home/runner/.m2/repository/org/ow2/asm/asm-analysis/9.2/asm-analysis-9.2.jar:/home/runner/.m2/repository/org/ow2/asm/asm-tree/9.2/asm-tree-9.2.jar:/home/runner/.m2/repository/org/neo4j/neo4j-cypher-expression-evaluator/4.4.34/neo4j-cypher-expression-evaluator-4.4.34.jar:/home/runner/.m2/repository/org/neo4j/neo4j-ast/4.4.34/neo4j-ast-4.4.34.jar:/home/runner/.m2/repository/org/neo4j/neo4j-lucene-index/4.4.34/neo4j-lucene-index-4.4.34.jar:/home/runner/.m2/repository/org/neo4j/neo4j-resource/4.4.34/neo4j-resource-4.4.34.jar:/home/runner/.m2/repository/org/apache/lucene/lucene-analyzers-common/8.11.2/lucene-analyzers-common-8.11.2.jar:/home/runner/.m2/repository/org/apache/lucene/lucene-core/8.11.2/lucene-core-8.11.2.jar:/home/runner/.m2/repository/org/apache/lucene/lucene-queryparser/8.11.2/lucene-queryparser-8.11.2.jar:/home/runner/.m2/repository/org/apache/lucene/lucene-backward-codecs/8.11.2/lucene-backward-codecs-8.11.2.jar:/home/runner/.m2/repository/org/neo4j/neo4j-fulltext-index/4.4.34/neo4j-fulltext-index-4.4.34.jar:/home/runner/.m2/repository/org/neo4j/neo4j-graph-algo/4.4.34/neo4j-graph-algo-4.4.34.jar:/home/runner/.m2/repository/org/neo4j/neo4j-cypher-runtime-util/4.4.34/neo4j-cypher-runtime-util-4.4.34.jar:/home/runner/.m2/repository/org/neo4j/neo4j-cypher-logical-plans/4.4.34/neo4j-cypher-logical-plans-4.4.34.jar:/home/runner/.m2/repository/org/neo4j/neo4j-data-collector/4.4.34/neo4j-data-collector-4.4.34.jar:/home/runner/.m2/repository/org/neo4j/neo4j-cypher-planner/4.4.34/neo4j-cypher-planner-4.4.34.jar:/home/runner/.m2/repository/org/neo4j/neo4j-cypher-ir/4.4.34/neo4j-cypher-ir-4.4.34.jar:/home/runner/.m2/repository/org/neo4j/neo4j-cypher-javacc-parser/4.4.34/neo4j-cypher-javacc-parser-4.4.34.jar:/home/runner/.m2/repository/org/neo4j/cypher-ast-factory/4.4.34/cypher-ast-factory-4.4.34.jar:/home/runner/.m2/repository/org/neo4j/neo4j-cypher-ast-factory/4.4.34/neo4j-cypher-ast-factory-4.4.34.jar:/home/runner/.m2/repository/org/neo4j/neo4j-rewriting/4.4.34/neo4j-rewriting-4.4.34.jar:/home/runner/.m2/repository/org/neo4j/neo4j-cypher/4.4.34/neo4j-cypher-4.4.34.jar:/home/runner/.m2/repository/org/scala-lang/scala-library/2.12.13/scala-library-2.12.13.jar:/home/runner/.m2/repository/org/neo4j/neo4j-exceptions/4.4.34/neo4j-exceptions-4.4.34.jar:/home/runner/.m2/repository/org/neo4j/neo4j-util/4.4.34/neo4j-util-4.4.34.jar:/home/runner/.m2/repository/org/neo4j/neo4j-cypher-config/4.4.34/neo4j-cypher-config-4.4.34.jar:/home/runner/.m2/repository/com/propensive/magnolia_2.12/0.17.0/magnolia_2.12-0.17.0.jar:/home/runner/.m2/repository/com/propensive/mercator_2.12/0.2.1/mercator_2.12-0.2.1.jar:/home/runner/.m2/repository/org/neo4j/neo4j-cypher-planner-spi/4.4.34/neo4j-cypher-planner-spi-4.4.34.jar:/home/runner/.m2/repository/org/neo4j/neo4j-cypher-interpreted-runtime/4.4.34/neo4j-cypher-interpreted-runtime-4.4.34.jar:/home/runner/.m2/repository/org/parboiled/parboiled-scala_2.12/1.2.0/parboiled-scala_2.12-1.2.0.jar:/home/runner/.m2/repository/org/parboiled/parboiled-core/1.2.0/parboiled-core-1.2.0.jar:/home/runner/.m2/repository/org/apache/shiro/shiro-core/1.13.0/shiro-core-1.13.0.jar:/home/runner/.m2/repository/org/apache/shiro/shiro-lang/1.13.0/shiro-lang-1.13.0.jar:/home/runner/.m2/repository/org/apache/shiro/shiro-cache/1.13.0/shiro-cache-1.13.0.jar:/home/runner/.m2/repository/org/apache/shiro/shiro-crypto-hash/1.13.0/shiro-crypto-hash-1.13.0.jar:/home/runner/.m2/repository/org/apache/shiro/shiro-crypto-core/1.13.0/shiro-crypto-core-1.13.0.jar:/home/runner/.m2/repository/org/apache/shiro/shiro-crypto-cipher/1.13.0/shiro-crypto-cipher-1.13.0.jar:/home/runner/.m2/repository/org/apache/shiro/shiro-config-core/1.13.0/shiro-config-core-1.13.0.jar:/home/runner/.m2/repository/org/apache/shiro/shiro-config-ogdl/1.13.0/shiro-config-ogdl-1.13.0.jar:/home/runner/.m2/repository/org/apache/shiro/shiro-event/1.13.0/shiro-event-1.13.0.jar:/home/runner/.m2/repository/org/neo4j/neo4j-security/4.4.34/neo4j-security-4.4.34.jar:/home/runner/.m2/repository/org/neo4j/neo4j-command-line/4.4.34/neo4j-command-line-4.4.34.jar:/home/runner/.m2/repository/info/picocli/picocli/4.6.1/picocli-4.6.1.jar:/home/runner/.m2/repository/org/neo4j/neo4j-bolt/4.4.34/neo4j-bolt-4.4.34.jar:/home/runner/.m2/repository/org/neo4j/neo4j-ssl/4.4.34/neo4j-ssl-4.4.34.jar:/home/runner/.m2/repository/org/neo4j/server-api/4.4.34/server-api-4.4.34.jar:/home/runner/.m2/repository/javax/ws/rs/javax.ws.rs-api/2.1.1/javax.ws.rs-api-2.1.1.jar:/home/runner/.m2/repository/io/netty/netty-codec-http/4.1.100.Final/netty-codec-http-4.1.100.Final.jar:/home/runner/.m2/repository/io/netty/netty-common/4.1.100.Final/netty-common-4.1.100.Final.jar:/home/runner/.m2/repository/io/netty/netty-buffer/4.1.100.Final/netty-buffer-4.1.100.Final.jar:/home/runner/.m2/repository/io/netty/netty-transport/4.1.100.Final/netty-transport-4.1.100.Final.jar:/home/runner/.m2/repository/io/netty/netty-codec/4.1.100.Final/netty-codec-4.1.100.Final.jar:/home/runner/.m2/repository/io/netty/netty-transport-native-epoll/4.1.100.Final/netty-transport-native-epoll-4.1.100.Final-linux-x86_64.jar:/home/runner/.m2/repository/io/netty/netty-transport-native-unix-common/4.1.100.Final/netty-transport-native-unix-common-4.1.100.Final.jar:/home/runner/.m2/repository/io/netty/netty-transport-classes-epoll/4.1.100.Final/netty-transport-classes-epoll-4.1.100.Final.jar:/home/runner/.m2/repository/io/netty/netty-transport-native-epoll/4.1.100.Final/netty-transport-native-epoll-4.1.100.Final-linux-aarch_64.jar:/home/runner/.m2/repository/org/bouncycastle/bcpkix-jdk18on/1.78/bcpkix-jdk18on-1.78.jar:/home/runner/.m2/repository/org/bouncycastle/bcutil-jdk18on/1.78/bcutil-jdk18on-1.78.jar:/home/runner/.m2/repository/org/neo4j/neo4j-consistency-check/4.4.34/neo4j-consistency-check-4.4.34.jar:/home/runner/.m2/repository/org/neo4j/neo4j-record-storage-engine/4.4.34/neo4j-record-storage-engine-4.4.34.jar:/home/runner/.m2/repository/org/neo4j/neo4j-storage-engine-util/4.4.34/neo4j-storage-engine-util-4.4.34.jar:/home/runner/.m2/repository/org/neo4j/neo4j-dbms/4.4.34/neo4j-dbms-4.4.34.jar:/home/runner/.m2/repository/org/jprocesses/jProcesses/1.6.5/jProcesses-1.6.5.jar:/home/runner/.m2/repository/com/profesorfalken/WMI4Java/1.6.3/WMI4Java-1.6.3.jar:/home/runner/.m2/repository/com/profesorfalken/jPowerShell/3.0/jPowerShell-3.0.jar:/home/runner/.m2/repository/org/neo4j/licensing-proxy/zstd-proxy/4.4.34/zstd-proxy-4.4.34.jar:/home/runner/.m2/repository/com/github/luben/zstd-jni/1.5.0-4/zstd-jni-1.5.0-4.jar:/home/runner/.m2/repository/org/neo4j/neo4j-import-tool/4.4.34/neo4j-import-tool-4.4.34.jar:/home/runner/.m2/repository/org/neo4j/neo4j-batch-insert/4.4.34/neo4j-batch-insert-4.4.34.jar:/home/runner/.m2/repository/org/neo4j/app/neo4j-server/4.4.34/neo4j-server-4.4.34.jar:/home/runner/.m2/repository/org/eclipse/jetty/jetty-server/9.4.53.v20231009/jetty-server-9.4.53.v20231009.jar:/home/runner/.m2/repository/javax/servlet/javax.servlet-api/3.1.0/javax.servlet-api-3.1.0.jar:/home/runner/.m2/repository/org/eclipse/jetty/jetty-http/9.4.53.v20231009/jetty-http-9.4.53.v20231009.jar:/home/runner/.m2/repository/org/eclipse/jetty/jetty-util/9.4.53.v20231009/jetty-util-9.4.53.v20231009.jar:/home/runner/.m2/repository/org/eclipse/jetty/jetty-io/9.4.53.v20231009/jetty-io-9.4.53.v20231009.jar:/home/runner/.m2/repository/org/eclipse/jetty/jetty-webapp/9.4.53.v20231009/jetty-webapp-9.4.53.v20231009.jar:/home/runner/.m2/repository/org/eclipse/jetty/jetty-xml/9.4.53.v20231009/jetty-xml-9.4.53.v20231009.jar:/home/runner/.m2/repository/org/eclipse/jetty/jetty-servlet/9.4.53.v20231009/jetty-servlet-9.4.53.v20231009.jar:/home/runner/.m2/repository/org/eclipse/jetty/jetty-security/9.4.53.v20231009/jetty-security-9.4.53.v20231009.jar:/home/runner/.m2/repository/org/eclipse/jetty/jetty-util-ajax/9.4.53.v20231009/jetty-util-ajax-9.4.53.v20231009.jar:/home/runner/.m2/repository/org/glassfish/jersey/core/jersey-server/2.34/jersey-server-2.34.jar:/home/runner/.m2/repository/org/glassfish/jersey/core/jersey-common/2.34/jersey-common-2.34.jar:/home/runner/.m2/repository/org/glassfish/hk2/osgi-resource-locator/1.0.3/osgi-resource-locator-1.0.3.jar:/home/runner/.m2/repository/org/glassfish/jersey/core/jersey-client/2.34/jersey-client-2.34.jar:/home/runner/.m2/repository/jakarta/ws/rs/jakarta.ws.rs-api/2.1.6/jakarta.ws.rs-api-2.1.6.jar:/home/runner/.m2/repository/org/glassfish/hk2/external/jakarta.inject/2.6.1/jakarta.inject-2.6.1.jar:/home/runner/.m2/repository/jakarta/validation/jakarta.validation-api/2.0.2/jakarta.validation-api-2.0.2.jar:/home/runner/.m2/repository/org/glassfish/jersey/inject/jersey-hk2/2.34/jersey-hk2-2.34.jar:/home/runner/.m2/repository/org/glassfish/hk2/hk2-locator/2.6.1/hk2-locator-2.6.1.jar:/home/runner/.m2/repository/org/glassfish/hk2/hk2-api/2.6.1/hk2-api-2.6.1.jar:/home/runner/.m2/repository/org/glassfish/hk2/hk2-utils/2.6.1/hk2-utils-2.6.1.jar:/home/runner/.m2/repository/org/javassist/javassist/3.25.0-GA/javassist-3.25.0-GA.jar:/home/runner/.m2/repository/org/glassfish/jersey/containers/jersey-container-servlet/2.34/jersey-container-servlet-2.34.jar:/home/runner/.m2/repository/org/glassfish/jersey/containers/jersey-container-servlet-core/2.34/jersey-container-servlet-core-2.34.jar:/home/runner/.m2/repository/com/fasterxml/jackson/jaxrs/jackson-jaxrs-json-provider/2.15.2/jackson-jaxrs-json-provider-2.15.2.jar:/home/runner/.m2/repository/com/fasterxml/jackson/jaxrs/jackson-jaxrs-base/2.15.2/jackson-jaxrs-base-2.15.2.jar:/home/runner/.m2/repository/com/fasterxml/jackson/module/jackson-module-jaxb-annotations/2.15.2/jackson-module-jaxb-annotations-2.15.2.jar:/home/runner/.m2/repository/org/bouncycastle/bcprov-jdk18on/1.78/bcprov-jdk18on-1.78.jar:/home/runner/.m2/repository/org/neo4j/neo4j-buffers/4.4.34/neo4j-buffers-4.4.34.jar:/home/runner/.m2/repository/io/netty/netty-handler/4.1.100.Final/netty-handler-4.1.100.Final.jar:/home/runner/.m2/repository/io/netty/netty-resolver/4.1.100.Final/netty-resolver-4.1.100.Final.jar:/home/runner/.m2/repository/org/neo4j/neo4j-capabilities/4.4.34/neo4j-capabilities-4.4.34.jar:/home/runner/.m2/repository/org/neo4j/community/it-test-support/4.4.34/it-test-support-4.4.34.jar:/home/runner/.m2/repository/org/neo4j/io-test-utils/4.4.34/io-test-utils-4.4.34.jar:/home/runner/.m2/repository/org/neo4j/test-utils/4.4.34/test-utils-4.4.34.jar:/home/runner/.m2/repository/commons-codec/commons-codec/1.15/commons-codec-1.15.jar:/home/runner/.m2/repository/org/neo4j/layout-test-utils/4.4.34/layout-test-utils-4.4.34.jar:/home/runner/.m2/repository/org/junit/vintage/junit-vintage-engine/5.9.1/junit-vintage-engine-5.9.1.jar:/home/runner/.m2/repository/junit/junit/4.13.2/junit-4.13.2.jar:/home/runner/.m2/repository/org/hamcrest/hamcrest-core/1.3/hamcrest-core-1.3.jar:/home/runner/.m2/repository/com/buschmais/jqassistant/neo4j/embedded/2.3.0/embedded-2.3.0.jar:/home/runner/.m2/repository/org/neo4j/client/neo4j-browser/5.21.0/neo4j-browser-5.21.0.jar:/home/runner/.m2/repository/com/buschmais/xo/xo.neo4j.embedded/2.2.7/xo.neo4j.embedded-2.2.7.jar:/home/runner/.m2/repository/com/buschmais/xo/xo.neo4j.spi/2.2.7/xo.neo4j.spi-2.2.7.jar:/home/runner/.m2/repository/com/google/guava/guava/32.0.1-jre/guava-32.0.1-jre.jar:/home/runner/.m2/repository/com/google/guava/failureaccess/1.0.1/failureaccess-1.0.1.jar:/home/runner/.m2/repository/com/google/guava/listenablefuture/9999.0-empty-to-avoid-conflict-with-guava/listenablefuture-9999.0-empty-to-avoid-conflict-with-guava.jar:/home/runner/.m2/repository/com/google/code/findbugs/jsr305/3.0.2/jsr305-3.0.2.jar:/home/runner/.m2/repository/com/google/j2objc/j2objc-annotations/2.8/j2objc-annotations-2.8.jar:/home/runner/.m2/repository/org/junit/jupiter/junit-jupiter-engine/5.9.1/junit-jupiter-engine-5.9.1.jar:/home/runner/.m2/repository/org/junit/platform/junit-platform-engine/1.9.1/junit-platform-engine-1.9.1.jar:/home/runner/.m2/repository/org/opentest4j/opentest4j/1.2.0/opentest4j-1.2.0.jar:/home/runner/.m2/repository/org/junit/platform/junit-platform-commons/1.9.1/junit-platform-commons-1.9.1.jar:/home/runner/.m2/repository/org/junit/jupiter/junit-jupiter-api/5.9.1/junit-jupiter-api-5.9.1.jar:/home/runner/.m2/repository/org/apiguardian/apiguardian-api/1.1.2/apiguardian-api-1.1.2.jar:/home/runner/.m2/repository/org/junit/jupiter/junit-jupiter-params/5.9.1/junit-jupiter-params-5.9.1.jar:/home/runner/.m2/repository/org/assertj/assertj-core/3.22.0/assertj-core-3.22.0.jar:/home/runner/.m2/repository/org/slf4j/slf4j-simple/1.7.36/slf4j-simple-1.7.36.jar:/home/runner/.m2/repository/org/mockito/mockito-junit-jupiter/2.23.4/mockito-junit-jupiter-2.23.4.jar:/home/runner/.m2/repository/org/mockito/mockito-core/2.23.4/mockito-core-2.23.4.jar:/home/runner/.m2/repository/net/bytebuddy/byte-buddy/1.9.3/byte-buddy-1.9.3.jar:/home/runner/.m2/repository/net/bytebuddy/byte-buddy-agent/1.9.3/byte-buddy-agent-1.9.3.jar:/home/runner/.m2/repository/org/objenesis/objenesis/2.6/objenesis-2.6.jar:"/>
    <property name="java.vm.vendor" value="Eclipse Adoptium"/>
    <property name="jqassistant.store.uri" value="memory:///"/>
    <property name="sun.arch.data.model" value="64"/>
    <property name="java.vendor.url" value="https://adoptium.net/"/>
    <property name="user.timezone" value="Etc/UTC"/>
    <property name="java.vm.specification.version" value="11"/>
    <property name="os.name" value="Linux"/>
    <property name="sun.java.launcher" value="SUN_STANDARD"/>
    <property name="sun.boot.library.path" value="/usr/lib/jvm/temurin-11-jdk-amd64/lib"/>
    <property name="sun.java.command" value="/home/runner/work/jqassistant-context-mapper-plugin/jqassistant-context-mapper-plugin/target/surefire/surefirebooter-20240725122233442_3.jar /home/runner/work/jqassistant-context-mapper-plugin/jqassistant-context-mapper-plugin/target/surefire 2024-07-25T12-22-33_269-jvmRun1 surefire-20240725122233442_1tmp surefire_0-20240725122233442_2tmp"/>
    <property name="jdk.debug" value="release"/>
    <property name="surefire.test.class.path" value="/home/runner/work/jqassistant-context-mapper-plugin/jqassistant-context-mapper-plugin/target/test-classes:/home/runner/work/jqassistant-context-mapper-plugin/jqassistant-context-mapper-plugin/target/jqassistant-context-mapper-plugin-2.1.0-SNAPSHOT.jar:/home/runner/.m2/repository/com/buschmais/jqassistant/core/scanner/2.3.0/scanner-2.3.0.jar:/home/runner/.m2/repository/com/buschmais/jqassistant/core/store/2.3.0/store-2.3.0.jar:/home/runner/.m2/repository/com/buschmais/xo/xo.neo4j.remote/2.2.7/xo.neo4j.remote-2.2.7.jar:/home/runner/.m2/repository/org/neo4j/driver/neo4j-java-driver/4.4.17/neo4j-java-driver-4.4.17.jar:/home/runner/.m2/repository/org/reactivestreams/reactive-streams/1.0.4/reactive-streams-1.0.4.jar:/home/runner/.m2/repository/com/buschmais/xo/xo.impl/2.2.7/xo.impl-2.2.7.jar:/home/runner/.m2/repository/com/github/ben-manes/caffeine/caffeine/3.1.6/caffeine-3.1.6.jar:/home/runner/.m2/repository/org/checkerframework/checker-qual/3.33.0/checker-qual-3.33.0.jar:/home/runner/.m2/repository/com/google/errorprone/error_prone_annotations/2.18.0/error_prone_annotations-2.18.0.jar:/home/runner/.m2/repository/com/buschmais/jqassistant/core/shared/2.3.0/shared-2.3.0.jar:/home/runner/.m2/repository/org/slf4j/jcl-over-slf4j/1.7.36/jcl-over-slf4j-1.7.36.jar:/home/runner/.m2/repository/commons-lang/commons-lang/2.6/commons-lang-2.6.jar:/home/runner/.m2/repository/io/smallrye/config/smallrye-config-core/3.8.2/smallrye-config-core-3.8.2.jar:/home/runner/.m2/repository/org/eclipse/microprofile/config/microprofile-config-api/3.1/microprofile-config-api-3.1.jar:/home/runner/.m2/repository/io/smallrye/common/smallrye-common-annotation/2.4.0/smallrye-common-annotation-2.4.0.jar:/home/runner/.m2/repository/io/smallrye/common/smallrye-common-expression/2.4.0/smallrye-common-expression-2.4.0.jar:/home/runner/.m2/repository/io/smallrye/common/smallrye-common-function/2.4.0/smallrye-common-function-2.4.0.jar:/home/runner/.m2/repository/io/smallrye/common/smallrye-common-constraint/2.4.0/smallrye-common-constraint-2.4.0.jar:/home/runner/.m2/repository/io/smallrye/common/smallrye-common-classloader/2.4.0/smallrye-common-classloader-2.4.0.jar:/home/runner/.m2/repository/org/jboss/logging/jboss-logging/3.5.3.Final/jboss-logging-3.5.3.Final.jar:/home/runner/.m2/repository/org/ow2/asm/asm/9.7/asm-9.7.jar:/home/runner/.m2/repository/io/smallrye/config/smallrye-config-common/3.8.2/smallrye-config-common-3.8.2.jar:/home/runner/.m2/repository/commons-io/commons-io/2.16.1/commons-io-2.16.1.jar:/home/runner/.m2/repository/com/buschmais/jqassistant/core/report/2.3.0/report-2.3.0.jar:/home/runner/.m2/repository/com/buschmais/jqassistant/core/rule/2.3.0/rule-2.3.0.jar:/home/runner/.m2/repository/com/fasterxml/jackson/dataformat/jackson-dataformat-yaml/2.15.0/jackson-dataformat-yaml-2.15.0.jar:/home/runner/.m2/repository/com/fasterxml/jackson/core/jackson-databind/2.15.0/jackson-databind-2.15.0.jar:/home/runner/.m2/repository/com/fasterxml/jackson/core/jackson-annotations/2.15.0/jackson-annotations-2.15.0.jar:/home/runner/.m2/repository/org/yaml/snakeyaml/2.0/snakeyaml-2.0.jar:/home/runner/.m2/repository/com/fasterxml/jackson/core/jackson-core/2.15.0/jackson-core-2.15.0.jar:/home/runner/.m2/repository/com/networknt/json-schema-validator/1.0.36/json-schema-validator-1.0.36.jar:/home/runner/.m2/repository/org/jruby/joni/joni/2.1.31/joni-2.1.31.jar:/home/runner/.m2/repository/org/jruby/jcodings/jcodings/1.0.46/jcodings-1.0.46.jar:/home/runner/.m2/repository/org/snakeyaml/snakeyaml-engine/2.3/snakeyaml-engine-2.3.jar:/home/runner/.m2/repository/com/buschmais/jqassistant/core/schemata/2.3.0/schemata-2.3.0.jar:/home/runner/.m2/repository/javax/xml/bind/jaxb-api/2.4.0-b180830.0359/jaxb-api-2.4.0-b180830.0359.jar:/home/runner/.m2/repository/javax/annotation/javax.annotation-api/1.3.2/javax.annotation-api-1.3.2.jar:/home/runner/.m2/repository/com/buschmais/xo/xo.neo4j.api/2.2.7/xo.neo4j.api-2.2.7.jar:/home/runner/.m2/repository/com/buschmais/xo/xo.spi/2.2.7/xo.spi-2.2.7.jar:/home/runner/.m2/repository/org/glassfish/jaxb/jaxb-runtime/2.4.0-b180830.0438/jaxb-runtime-2.4.0-b180830.0438.jar:/home/runner/.m2/repository/org/glassfish/jaxb/txw2/2.4.0-b180830.0438/txw2-2.4.0-b180830.0438.jar:/home/runner/.m2/repository/com/sun/istack/istack-commons-runtime/3.0.7/istack-commons-runtime-3.0.7.jar:/home/runner/.m2/repository/org/jvnet/staxex/stax-ex/1.8/stax-ex-1.8.jar:/home/runner/.m2/repository/com/sun/xml/fastinfoset/FastInfoset/1.2.15/FastInfoset-1.2.15.jar:/home/runner/.m2/repository/javax/activation/javax.activation-api/1.2.0/javax.activation-api-1.2.0.jar:/home/runner/.m2/repository/com/buschmais/jqassistant/plugin/common/2.3.0/common-2.3.0.jar:/home/runner/.m2/repository/com/opencsv/opencsv/4.6/opencsv-4.6.jar:/home/runner/.m2/repository/org/apache/commons/commons-lang3/3.14.0/commons-lang3-3.14.0.jar:/home/runner/.m2/repository/org/apache/commons/commons-text/1.12.0/commons-text-1.12.0.jar:/home/runner/.m2/repository/commons-beanutils/commons-beanutils/1.9.4/commons-beanutils-1.9.4.jar:/home/runner/.m2/repository/commons-collections/commons-collections/3.2.2/commons-collections-3.2.2.jar:/home/runner/.m2/repository/org/apache/commons/commons-collections4/4.2/commons-collections4-4.2.jar:/home/runner/.m2/repository/org/mapstruct/mapstruct/1.5.5.Final/mapstruct-1.5.5.Final.jar:/home/runner/.m2/repository/org/apache/commons/commons-compress/1.25.0/commons-compress-1.25.0.jar:/home/runner/.m2/repository/com/buschmais/xo/xo.api/2.2.7/xo.api-2.2.7.jar:/home/runner/.m2/repository/javax/validation/validation-api/2.0.1.Final/validation-api-2.0.1.Final.jar:/home/runner/.m2/repository/org/contextmapper/context-mapper-dsl/6.6.1/context-mapper-dsl-6.6.1.jar:/home/runner/.m2/repository/org/eclipse/xtext/org.eclipse.xtext/2.23.0/org.eclipse.xtext-2.23.0.jar:/home/runner/.m2/repository/org/eclipse/xtext/org.eclipse.xtext.util/2.23.0/org.eclipse.xtext.util-2.23.0.jar:/home/runner/.m2/repository/org/eclipse/emf/org.eclipse.emf.ecore/2.20.0/org.eclipse.emf.ecore-2.20.0.jar:/home/runner/.m2/repository/org/eclipse/xtend/org.eclipse.xtend.lib/2.23.0/org.eclipse.xtend.lib-2.23.0.jar:/home/runner/.m2/repository/org/eclipse/xtext/org.eclipse.xtext.xbase.lib/2.23.0/org.eclipse.xtext.xbase.lib-2.23.0.jar:/home/runner/.m2/repository/org/eclipse/xtend/org.eclipse.xtend.lib.macro/2.23.0/org.eclipse.xtend.lib.macro-2.23.0.jar:/home/runner/.m2/repository/org/eclipse/platform/org.eclipse.equinox.common/3.12.0/org.eclipse.equinox.common-3.12.0.jar:/home/runner/.m2/repository/org/eclipse/platform/org.eclipse.osgi/3.15.300/org.eclipse.osgi-3.15.300.jar:/home/runner/.m2/repository/org/eclipse/emf/org.eclipse.emf.common/2.17.0/org.eclipse.emf.common-2.17.0.jar:/home/runner/.m2/repository/org/eclipse/emf/org.eclipse.emf.ecore.xmi/2.16.0/org.eclipse.emf.ecore.xmi-2.16.0.jar:/home/runner/.m2/repository/com/google/inject/guice/7.0.0/guice-7.0.0.jar:/home/runner/.m2/repository/jakarta/inject/jakarta.inject-api/2.0.1/jakarta.inject-api-2.0.1.jar:/home/runner/.m2/repository/aopalliance/aopalliance/1.0/aopalliance-1.0.jar:/home/runner/.m2/repository/org/antlr/antlr-runtime/3.2/antlr-runtime-3.2.jar:/home/runner/.m2/repository/org/eclipse/xtext/org.eclipse.xtext.xbase/2.23.0/org.eclipse.xtext.xbase-2.23.0.jar:/home/runner/.m2/repository/org/eclipse/xtext/org.eclipse.xtext.common.types/2.23.0/org.eclipse.xtext.common.types-2.23.0.jar:/home/runner/.m2/repository/io/github/classgraph/classgraph/4.8.35/classgraph-4.8.35.jar:/home/runner/.m2/repository/org/freemarker/freemarker/2.3.30/freemarker-2.3.30.jar:/home/runner/.m2/repository/org/contextmapper/service-cutter-library/1.2.1/service-cutter-library-1.2.1.jar:/home/runner/.m2/repository/org/graphstream/gs-core/1.3/gs-core-1.3.jar:/home/runner/.m2/repository/org/graphstream/pherd/1.0/pherd-1.0.jar:/home/runner/.m2/repository/org/graphstream/mbox2/1.0/mbox2-1.0.jar:/home/runner/.m2/repository/org/graphstream/gs-algo/1.3/gs-algo-1.3.jar:/home/runner/.m2/repository/org/apache/commons/commons-math/2.1/commons-math-2.1.jar:/home/runner/.m2/repository/org/apache/commons/commons-math3/3.4.1/commons-math3-3.4.1.jar:/home/runner/.m2/repository/org/jfree/jfreechart/1.0.14/jfreechart-1.0.14.jar:/home/runner/.m2/repository/org/jfree/jcommon/1.0.17/jcommon-1.0.17.jar:/home/runner/.m2/repository/com/lowagie/itext/2.1.5/itext-2.1.5.jar:/home/runner/.m2/repository/org/nlpub/watset/2.1.5/watset-2.1.5.jar:/home/runner/.m2/repository/org/jgrapht/jgrapht-core/1.4.0/jgrapht-core-1.4.0.jar:/home/runner/.m2/repository/org/jheaps/jheaps/0.11/jheaps-0.11.jar:/home/runner/.m2/repository/org/contextmapper/context-map-generator/1.2.1/context-map-generator-1.2.1.jar:/home/runner/.m2/repository/guru/nidi/com/kitfox/svgSalamander/1.1.2/svgSalamander-1.1.2.jar:/home/runner/.m2/repository/org/apache/commons/commons-exec/1.3/commons-exec-1.3.jar:/home/runner/.m2/repository/org/slf4j/slf4j-api/1.7.36/slf4j-api-1.7.36.jar:/home/runner/.m2/repository/org/slf4j/log4j-over-slf4j/1.7.36/log4j-over-slf4j-1.7.36.jar:/home/runner/.m2/repository/org/projectlombok/lombok/1.18.32/lombok-1.18.32.jar:/home/runner/.m2/repository/com/buschmais/jqassistant/core/test/2.3.0/test-2.3.0.jar:/home/runner/.m2/repository/com/buschmais/jqassistant/core/runtime/2.3.0/runtime-2.3.0.jar:/home/runner/.m2/repository/com/buschmais/jqassistant/core/analysis/2.3.0/analysis-2.3.0.jar:/home/runner/.m2/repository/io/smallrye/config/smallrye-config-source-yaml/3.8.2/smallrye-config-source-yaml-3.8.2.jar:/home/runner/.m2/repository/io/smallrye/config/smallrye-config/3.8.2/smallrye-config-3.8.2.jar:/home/runner/.m2/repository/jakarta/annotation/jakarta.annotation-api/2.1.1/jakarta.annotation-api-2.1.1.jar:/home/runner/.m2/repository/org/neo4j/neo4j/4.4.34/neo4j-4.4.34.jar:/home/runner/.m2/repository/org/neo4j/annotations/4.4.34/annotations-4.4.34.jar:/home/runner/.m2/repository/org/eclipse/collections/eclipse-collections/10.4.0/eclipse-collections-10.4.0.jar:/home/runner/.m2/repository/org/eclipse/collections/eclipse-collections-api/10.4.0/eclipse-collections-api-10.4.0.jar:/home/runner/.m2/repository/org/neo4j/neo4j-kernel/4.4.34/neo4j-kernel-4.4.34.jar:/home/runner/.m2/repository/org/neo4j/neo4j-native/4.4.34/neo4j-native-4.4.34.jar:/home/runner/.m2/repository/net/java/dev/jna/jna/5.9.0/jna-5.9.0.jar:/home/runner/.m2/repository/org/neo4j/neo4j-graphdb-api/4.4.34/neo4j-graphdb-api-4.4.34.jar:/home/runner/.m2/repository/org/neo4j/neo4j-storage-engine-api/4.4.34/neo4j-storage-engine-api-4.4.34.jar:/home/runner/.m2/repository/org/neo4j/neo4j-lock/4.4.34/neo4j-lock-4.4.34.jar:/home/runner/.m2/repository/org/neo4j/neo4j-diagnostics/4.4.34/neo4j-diagnostics-4.4.34.jar:/home/runner/.m2/repository/org/neo4j/neo4j-token-api/4.4.34/neo4j-token-api-4.4.34.jar:/home/runner/.m2/repository/org/neo4j/neo4j-schema/4.4.34/neo4j-schema-4.4.34.jar:/home/runner/.m2/repository/org/neo4j/neo4j-monitoring/4.4.34/neo4j-monitoring-4.4.34.jar:/home/runner/.m2/repository/org/neo4j/neo4j-kernel-api/4.4.34/neo4j-kernel-api-4.4.34.jar:/home/runner/.m2/repository/org/neo4j/neo4j-common/4.4.34/neo4j-common-4.4.34.jar:/home/runner/.m2/repository/org/neo4j/neo4j-values/4.4.34/neo4j-values-4.4.34.jar:/home/runner/.m2/repository/org/neo4j/neo4j-unsafe/4.4.34/neo4j-unsafe-4.4.34.jar:/home/runner/.m2/repository/com/github/jbellis/jamm/0.3.3/jamm-0.3.3.jar:/home/runner/.m2/repository/org/neo4j/neo4j-collections/4.4.34/neo4j-collections-4.4.34.jar:/home/runner/.m2/repository/org/neo4j/neo4j-io/4.4.34/neo4j-io-4.4.34.jar:/home/runner/.m2/repository/org/neo4j/neo4j-concurrent/4.4.34/neo4j-concurrent-4.4.34.jar:/home/runner/.m2/repository/org/neo4j/neo4j-logging/4.4.34/neo4j-logging-4.4.34.jar:/home/runner/.m2/repository/org/codehaus/jettison/jettison/1.5.4/jettison-1.5.4.jar:/home/runner/.m2/repository/org/apache/logging/log4j/log4j-api/2.17.1/log4j-api-2.17.1.jar:/home/runner/.m2/repository/org/apache/logging/log4j/log4j-core/2.17.1/log4j-core-2.17.1.jar:/home/runner/.m2/repository/org/neo4j/neo4j-configuration/4.4.34/neo4j-configuration-4.4.34.jar:/home/runner/.m2/repository/com/github/seancfoley/ipaddress/5.3.3/ipaddress-5.3.3.jar:/home/runner/.m2/repository/org/neo4j/neo4j-layout/4.4.34/neo4j-layout-4.4.34.jar:/home/runner/.m2/repository/org/neo4j/neo4j-index/4.4.34/neo4j-index-4.4.34.jar:/home/runner/.m2/repository/org/neo4j/neo4j-spatial-index/4.4.34/neo4j-spatial-index-4.4.34.jar:/home/runner/.m2/repository/org/neo4j/neo4j-id-generator/4.4.34/neo4j-id-generator-4.4.34.jar:/home/runner/.m2/repository/org/neo4j/neo4j-wal/4.4.34/neo4j-wal-4.4.34.jar:/home/runner/.m2/repository/org/neo4j/neo4j-import-util/4.4.34/neo4j-import-util-4.4.34.jar:/home/runner/.m2/repository/org/neo4j/neo4j-csv/4.4.34/neo4j-csv-4.4.34.jar:/home/runner/.m2/repository/org/jctools/jctools-core/3.3.0/jctools-core-3.3.0.jar:/home/runner/.m2/repository/org/neo4j/neo4j-fabric/4.4.34/neo4j-fabric-4.4.34.jar:/home/runner/.m2/repository/io/projectreactor/reactor-core/3.6.5/reactor-core-3.6.5.jar:/home/runner/.m2/repository/org/neo4j/neo4j-front-end/4.4.34/neo4j-front-end-4.4.34.jar:/home/runner/.m2/repository/org/neo4j/neo4j-expressions/4.4.34/neo4j-expressions-4.4.34.jar:/home/runner/.m2/repository/org/neo4j/neo4j-parser/4.4.34/neo4j-parser-4.4.34.jar:/home/runner/.m2/repository/org/neo4j/neo4j-cypher-macros/4.4.34/neo4j-cypher-macros-4.4.34.jar:/home/runner/.m2/repository/org/scala-lang/scala-reflect/2.12.13/scala-reflect-2.12.13.jar:/home/runner/.m2/repository/org/neo4j/neo4j-procedure/4.4.34/neo4j-procedure-4.4.34.jar:/home/runner/.m2/repository/org/neo4j/neo4j-procedure-api/4.4.34/neo4j-procedure-api-4.4.34.jar:/home/runner/.m2/repository/org/neo4j/neo4j-codegen/4.4.34/neo4j-codegen-4.4.34.jar:/home/runner/.m2/repository/org/ow2/asm/asm-util/9.7/asm-util-9.7.jar:/home/runner/.m2/repository/org/ow2/asm/asm-analysis/9.2/asm-analysis-9.2.jar:/home/runner/.m2/repository/org/ow2/asm/asm-tree/9.2/asm-tree-9.2.jar:/home/runner/.m2/repository/org/neo4j/neo4j-cypher-expression-evaluator/4.4.34/neo4j-cypher-expression-evaluator-4.4.34.jar:/home/runner/.m2/repository/org/neo4j/neo4j-ast/4.4.34/neo4j-ast-4.4.34.jar:/home/runner/.m2/repository/org/neo4j/neo4j-lucene-index/4.4.34/neo4j-lucene-index-4.4.34.jar:/home/runner/.m2/repository/org/neo4j/neo4j-resource/4.4.34/neo4j-resource-4.4.34.jar:/home/runner/.m2/repository/org/apache/lucene/lucene-analyzers-common/8.11.2/lucene-analyzers-common-8.11.2.jar:/home/runner/.m2/repository/org/apache/lucene/lucene-core/8.11.2/lucene-core-8.11.2.jar:/home/runner/.m2/repository/org/apache/lucene/lucene-queryparser/8.11.2/lucene-queryparser-8.11.2.jar:/home/runner/.m2/repository/org/apache/lucene/lucene-backward-codecs/8.11.2/lucene-backward-codecs-8.11.2.jar:/home/runner/.m2/repository/org/neo4j/neo4j-fulltext-index/4.4.34/neo4j-fulltext-index-4.4.34.jar:/home/runner/.m2/repository/org/neo4j/neo4j-graph-algo/4.4.34/neo4j-graph-algo-4.4.34.jar:/home/runner/.m2/repository/org/neo4j/neo4j-cypher-runtime-util/4.4.34/neo4j-cypher-runtime-util-4.4.34.jar:/home/runner/.m2/repository/org/neo4j/neo4j-cypher-logical-plans/4.4.34/neo4j-cypher-logical-plans-4.4.34.jar:/home/runner/.m2/repository/org/neo4j/neo4j-data-collector/4.4.34/neo4j-data-collector-4.4.34.jar:/home/runner/.m2/repository/org/neo4j/neo4j-cypher-planner/4.4.34/neo4j-cypher-planner-4.4.34.jar:/home/runner/.m2/repository/org/neo4j/neo4j-cypher-ir/4.4.34/neo4j-cypher-ir-4.4.34.jar:/home/runner/.m2/repository/org/neo4j/neo4j-cypher-javacc-parser/4.4.34/neo4j-cypher-javacc-parser-4.4.34.jar:/home/runner/.m2/repository/org/neo4j/cypher-ast-factory/4.4.34/cypher-ast-factory-4.4.34.jar:/home/runner/.m2/repository/org/neo4j/neo4j-cypher-ast-factory/4.4.34/neo4j-cypher-ast-factory-4.4.34.jar:/home/runner/.m2/repository/org/neo4j/neo4j-rewriting/4.4.34/neo4j-rewriting-4.4.34.jar:/home/runner/.m2/repository/org/neo4j/neo4j-cypher/4.4.34/neo4j-cypher-4.4.34.jar:/home/runner/.m2/repository/org/scala-lang/scala-library/2.12.13/scala-library-2.12.13.jar:/home/runner/.m2/repository/org/neo4j/neo4j-exceptions/4.4.34/neo4j-exceptions-4.4.34.jar:/home/runner/.m2/repository/org/neo4j/neo4j-util/4.4.34/neo4j-util-4.4.34.jar:/home/runner/.m2/repository/org/neo4j/neo4j-cypher-config/4.4.34/neo4j-cypher-config-4.4.34.jar:/home/runner/.m2/repository/com/propensive/magnolia_2.12/0.17.0/magnolia_2.12-0.17.0.jar:/home/runner/.m2/repository/com/propensive/mercator_2.12/0.2.1/mercator_2.12-0.2.1.jar:/home/runner/.m2/repository/org/neo4j/neo4j-cypher-planner-spi/4.4.34/neo4j-cypher-planner-spi-4.4.34.jar:/home/runner/.m2/repository/org/neo4j/neo4j-cypher-interpreted-runtime/4.4.34/neo4j-cypher-interpreted-runtime-4.4.34.jar:/home/runner/.m2/repository/org/parboiled/parboiled-scala_2.12/1.2.0/parboiled-scala_2.12-1.2.0.jar:/home/runner/.m2/repository/org/parboiled/parboiled-core/1.2.0/parboiled-core-1.2.0.jar:/home/runner/.m2/repository/org/apache/shiro/shiro-core/1.13.0/shiro-core-1.13.0.jar:/home/runner/.m2/repository/org/apache/shiro/shiro-lang/1.13.0/shiro-lang-1.13.0.jar:/home/runner/.m2/repository/org/apache/shiro/shiro-cache/1.13.0/shiro-cache-1.13.0.jar:/home/runner/.m2/repository/org/apache/shiro/shiro-crypto-hash/1.13.0/shiro-crypto-hash-1.13.0.jar:/home/runner/.m2/repository/org/apache/shiro/shiro-crypto-core/1.13.0/shiro-crypto-core-1.13.0.jar:/home/runner/.m2/repository/org/apache/shiro/shiro-crypto-cipher/1.13.0/shiro-crypto-cipher-1.13.0.jar:/home/runner/.m2/repository/org/apache/shiro/shiro-config-core/1.13.0/shiro-config-core-1.13.0.jar:/home/runner/.m2/repository/org/apache/shiro/shiro-config-ogdl/1.13.0/shiro-config-ogdl-1.13.0.jar:/home/runner/.m2/repository/org/apache/shiro/shiro-event/1.13.0/shiro-event-1.13.0.jar:/home/runner/.m2/repository/org/neo4j/neo4j-security/4.4.34/neo4j-security-4.4.34.jar:/home/runner/.m2/repository/org/neo4j/neo4j-command-line/4.4.34/neo4j-command-line-4.4.34.jar:/home/runner/.m2/repository/info/picocli/picocli/4.6.1/picocli-4.6.1.jar:/home/runner/.m2/repository/org/neo4j/neo4j-bolt/4.4.34/neo4j-bolt-4.4.34.jar:/home/runner/.m2/repository/org/neo4j/neo4j-ssl/4.4.34/neo4j-ssl-4.4.34.jar:/home/runner/.m2/repository/org/neo4j/server-api/4.4.34/server-api-4.4.34.jar:/home/runner/.m2/repository/javax/ws/rs/javax.ws.rs-api/2.1.1/javax.ws.rs-api-2.1.1.jar:/home/runner/.m2/repository/io/netty/netty-codec-http/4.1.100.Final/netty-codec-http-4.1.100.Final.jar:/home/runner/.m2/repository/io/netty/netty-common/4.1.100.Final/netty-common-4.1.100.Final.jar:/home/runner/.m2/repository/io/netty/netty-buffer/4.1.100.Final/netty-buffer-4.1.100.Final.jar:/home/runner/.m2/repository/io/netty/netty-transport/4.1.100.Final/netty-transport-4.1.100.Final.jar:/home/runner/.m2/repository/io/netty/netty-codec/4.1.100.Final/netty-codec-4.1.100.Final.jar:/home/runner/.m2/repository/io/netty/netty-transport-native-epoll/4.1.100.Final/netty-transport-native-epoll-4.1.100.Final-linux-x86_64.jar:/home/runner/.m2/repository/io/netty/netty-transport-native-unix-common/4.1.100.Final/netty-transport-native-unix-common-4.1.100.Final.jar:/home/runner/.m2/repository/io/netty/netty-transport-classes-epoll/4.1.100.Final/netty-transport-classes-epoll-4.1.100.Final.jar:/home/runner/.m2/repository/io/netty/netty-transport-native-epoll/4.1.100.Final/netty-transport-native-epoll-4.1.100.Final-linux-aarch_64.jar:/home/runner/.m2/repository/org/bouncycastle/bcpkix-jdk18on/1.78/bcpkix-jdk18on-1.78.jar:/home/runner/.m2/repository/org/bouncycastle/bcutil-jdk18on/1.78/bcutil-jdk18on-1.78.jar:/home/runner/.m2/repository/org/neo4j/neo4j-consistency-check/4.4.34/neo4j-consistency-check-4.4.34.jar:/home/runner/.m2/repository/org/neo4j/neo4j-record-storage-engine/4.4.34/neo4j-record-storage-engine-4.4.34.jar:/home/runner/.m2/repository/org/neo4j/neo4j-storage-engine-util/4.4.34/neo4j-storage-engine-util-4.4.34.jar:/home/runner/.m2/repository/org/neo4j/neo4j-dbms/4.4.34/neo4j-dbms-4.4.34.jar:/home/runner/.m2/repository/org/jprocesses/jProcesses/1.6.5/jProcesses-1.6.5.jar:/home/runner/.m2/repository/com/profesorfalken/WMI4Java/1.6.3/WMI4Java-1.6.3.jar:/home/runner/.m2/repository/com/profesorfalken/jPowerShell/3.0/jPowerShell-3.0.jar:/home/runner/.m2/repository/org/neo4j/licensing-proxy/zstd-proxy/4.4.34/zstd-proxy-4.4.34.jar:/home/runner/.m2/repository/com/github/luben/zstd-jni/1.5.0-4/zstd-jni-1.5.0-4.jar:/home/runner/.m2/repository/org/neo4j/neo4j-import-tool/4.4.34/neo4j-import-tool-4.4.34.jar:/home/runner/.m2/repository/org/neo4j/neo4j-batch-insert/4.4.34/neo4j-batch-insert-4.4.34.jar:/home/runner/.m2/repository/org/neo4j/app/neo4j-server/4.4.34/neo4j-server-4.4.34.jar:/home/runner/.m2/repository/org/eclipse/jetty/jetty-server/9.4.53.v20231009/jetty-server-9.4.53.v20231009.jar:/home/runner/.m2/repository/javax/servlet/javax.servlet-api/3.1.0/javax.servlet-api-3.1.0.jar:/home/runner/.m2/repository/org/eclipse/jetty/jetty-http/9.4.53.v20231009/jetty-http-9.4.53.v20231009.jar:/home/runner/.m2/repository/org/eclipse/jetty/jetty-util/9.4.53.v20231009/jetty-util-9.4.53.v20231009.jar:/home/runner/.m2/repository/org/eclipse/jetty/jetty-io/9.4.53.v20231009/jetty-io-9.4.53.v20231009.jar:/home/runner/.m2/repository/org/eclipse/jetty/jetty-webapp/9.4.53.v20231009/jetty-webapp-9.4.53.v20231009.jar:/home/runner/.m2/repository/org/eclipse/jetty/jetty-xml/9.4.53.v20231009/jetty-xml-9.4.53.v20231009.jar:/home/runner/.m2/repository/org/eclipse/jetty/jetty-servlet/9.4.53.v20231009/jetty-servlet-9.4.53.v20231009.jar:/home/runner/.m2/repository/org/eclipse/jetty/jetty-security/9.4.53.v20231009/jetty-security-9.4.53.v20231009.jar:/home/runner/.m2/repository/org/eclipse/jetty/jetty-util-ajax/9.4.53.v20231009/jetty-util-ajax-9.4.53.v20231009.jar:/home/runner/.m2/repository/org/glassfish/jersey/core/jersey-server/2.34/jersey-server-2.34.jar:/home/runner/.m2/repository/org/glassfish/jersey/core/jersey-common/2.34/jersey-common-2.34.jar:/home/runner/.m2/repository/org/glassfish/hk2/osgi-resource-locator/1.0.3/osgi-resource-locator-1.0.3.jar:/home/runner/.m2/repository/org/glassfish/jersey/core/jersey-client/2.34/jersey-client-2.34.jar:/home/runner/.m2/repository/jakarta/ws/rs/jakarta.ws.rs-api/2.1.6/jakarta.ws.rs-api-2.1.6.jar:/home/runner/.m2/repository/org/glassfish/hk2/external/jakarta.inject/2.6.1/jakarta.inject-2.6.1.jar:/home/runner/.m2/repository/jakarta/validation/jakarta.validation-api/2.0.2/jakarta.validation-api-2.0.2.jar:/home/runner/.m2/repository/org/glassfish/jersey/inject/jersey-hk2/2.34/jersey-hk2-2.34.jar:/home/runner/.m2/repository/org/glassfish/hk2/hk2-locator/2.6.1/hk2-locator-2.6.1.jar:/home/runner/.m2/repository/org/glassfish/hk2/hk2-api/2.6.1/hk2-api-2.6.1.jar:/home/runner/.m2/repository/org/glassfish/hk2/hk2-utils/2.6.1/hk2-utils-2.6.1.jar:/home/runner/.m2/repository/org/javassist/javassist/3.25.0-GA/javassist-3.25.0-GA.jar:/home/runner/.m2/repository/org/glassfish/jersey/containers/jersey-container-servlet/2.34/jersey-container-servlet-2.34.jar:/home/runner/.m2/repository/org/glassfish/jersey/containers/jersey-container-servlet-core/2.34/jersey-container-servlet-core-2.34.jar:/home/runner/.m2/repository/com/fasterxml/jackson/jaxrs/jackson-jaxrs-json-provider/2.15.2/jackson-jaxrs-json-provider-2.15.2.jar:/home/runner/.m2/repository/com/fasterxml/jackson/jaxrs/jackson-jaxrs-base/2.15.2/jackson-jaxrs-base-2.15.2.jar:/home/runner/.m2/repository/com/fasterxml/jackson/module/jackson-module-jaxb-annotations/2.15.2/jackson-module-jaxb-annotations-2.15.2.jar:/home/runner/.m2/repository/org/bouncycastle/bcprov-jdk18on/1.78/bcprov-jdk18on-1.78.jar:/home/runner/.m2/repository/org/neo4j/neo4j-buffers/4.4.34/neo4j-buffers-4.4.34.jar:/home/runner/.m2/repository/io/netty/netty-handler/4.1.100.Final/netty-handler-4.1.100.Final.jar:/home/runner/.m2/repository/io/netty/netty-resolver/4.1.100.Final/netty-resolver-4.1.100.Final.jar:/home/runner/.m2/repository/org/neo4j/neo4j-capabilities/4.4.34/neo4j-capabilities-4.4.34.jar:/home/runner/.m2/repository/org/neo4j/community/it-test-support/4.4.34/it-test-support-4.4.34.jar:/home/runner/.m2/repository/org/neo4j/io-test-utils/4.4.34/io-test-utils-4.4.34.jar:/home/runner/.m2/repository/org/neo4j/test-utils/4.4.34/test-utils-4.4.34.jar:/home/runner/.m2/repository/commons-codec/commons-codec/1.15/commons-codec-1.15.jar:/home/runner/.m2/repository/org/neo4j/layout-test-utils/4.4.34/layout-test-utils-4.4.34.jar:/home/runner/.m2/repository/org/junit/vintage/junit-vintage-engine/5.9.1/junit-vintage-engine-5.9.1.jar:/home/runner/.m2/repository/junit/junit/4.13.2/junit-4.13.2.jar:/home/runner/.m2/repository/org/hamcrest/hamcrest-core/1.3/hamcrest-core-1.3.jar:/home/runner/.m2/repository/com/buschmais/jqassistant/neo4j/embedded/2.3.0/embedded-2.3.0.jar:/home/runner/.m2/repository/org/neo4j/client/neo4j-browser/5.21.0/neo4j-browser-5.21.0.jar:/home/runner/.m2/repository/com/buschmais/xo/xo.neo4j.embedded/2.2.7/xo.neo4j.embedded-2.2.7.jar:/home/runner/.m2/repository/com/buschmais/xo/xo.neo4j.spi/2.2.7/xo.neo4j.spi-2.2.7.jar:/home/runner/.m2/repository/com/google/guava/guava/32.0.1-jre/guava-32.0.1-jre.jar:/home/runner/.m2/repository/com/google/guava/failureaccess/1.0.1/failureaccess-1.0.1.jar:/home/runner/.m2/repository/com/google/guava/listenablefuture/9999.0-empty-to-avoid-conflict-with-guava/listenablefuture-9999.0-empty-to-avoid-conflict-with-guava.jar:/home/runner/.m2/repository/com/google/code/findbugs/jsr305/3.0.2/jsr305-3.0.2.jar:/home/runner/.m2/repository/com/google/j2objc/j2objc-annotations/2.8/j2objc-annotations-2.8.jar:/home/runner/.m2/repository/org/junit/jupiter/junit-jupiter-engine/5.9.1/junit-jupiter-engine-5.9.1.jar:/home/runner/.m2/repository/org/junit/platform/junit-platform-engine/1.9.1/junit-platform-engine-1.9.1.jar:/home/runner/.m2/repository/org/opentest4j/opentest4j/1.2.0/opentest4j-1.2.0.jar:/home/runner/.m2/repository/org/junit/platform/junit-platform-commons/1.9.1/junit-platform-commons-1.9.1.jar:/home/runner/.m2/repository/org/junit/jupiter/junit-jupiter-api/5.9.1/junit-jupiter-api-5.9.1.jar:/home/runner/.m2/repository/org/apiguardian/apiguardian-api/1.1.2/apiguardian-api-1.1.2.jar:/home/runner/.m2/repository/org/junit/jupiter/junit-jupiter-params/5.9.1/junit-jupiter-params-5.9.1.jar:/home/runner/.m2/repository/org/assertj/assertj-core/3.22.0/assertj-core-3.22.0.jar:/home/runner/.m2/repository/org/slf4j/slf4j-simple/1.7.36/slf4j-simple-1.7.36.jar:/home/runner/.m2/repository/org/mockito/mockito-junit-jupiter/2.23.4/mockito-junit-jupiter-2.23.4.jar:/home/runner/.m2/repository/org/mockito/mockito-core/2.23.4/mockito-core-2.23.4.jar:/home/runner/.m2/repository/net/bytebuddy/byte-buddy/1.9.3/byte-buddy-1.9.3.jar:/home/runner/.m2/repository/net/bytebuddy/byte-buddy-agent/1.9.3/byte-buddy-agent-1.9.3.jar:/home/runner/.m2/repository/org/objenesis/objenesis/2.6/objenesis-2.6.jar:"/>
    <property name="sun.cpu.endian" value="little"/>
    <property name="user.home" value="/home/runner"/>
    <property name="user.language" value="en"/>
    <property name="java.specification.vendor" value="Oracle Corporation"/>
    <property name="java.version.date" value="2024-04-16"/>
    <property name="java.home" value="/usr/lib/jvm/temurin-11-jdk-amd64"/>
    <property name="file.separator" value="/"/>
    <property name="basedir" value="/home/runner/work/jqassistant-context-mapper-plugin/jqassistant-context-mapper-plugin"/>
    <property name="java.vm.compressedOopsMode" value="Zero based"/>
    <property name="line.separator" value="&#10;"/>
    <property name="java.specification.name" value="Java Platform API Specification"/>
    <property name="java.vm.specification.vendor" value="Oracle Corporation"/>
    <property name="java.awt.graphicsenv" value="sun.awt.X11GraphicsEnvironment"/>
    <property name="surefire.real.class.path" value="/home/runner/work/jqassistant-context-mapper-plugin/jqassistant-context-mapper-plugin/target/surefire/surefirebooter-20240725122233442_3.jar"/>
    <property name="sun.management.compiler" value="HotSpot 64-Bit Tiered Compilers"/>
    <property name="java.runtime.version" value="11.0.23+9"/>
    <property name="user.name" value="runner"/>
    <property name="path.separator" value=":"/>
    <property name="os.version" value="6.5.0-1024-azure"/>
    <property name="java.runtime.name" value="OpenJDK Runtime Environment"/>
    <property name="file.encoding" value="UTF-8"/>
    <property name="jnidispatch.path" value="/home/runner/.cache/JNA/temp/jna10454637915151703822.tmp"/>
    <property name="java.vm.name" value="OpenJDK 64-Bit Server VM"/>
    <property name="jna.platform.library.path" value="/usr/lib/x86_64-linux-gnu:/lib/x86_64-linux-gnu:/usr/lib64:/lib64:/usr/lib:/lib:/lib32:/usr/local/lib:/usr/lib/x86_64-linux-gnu/libfakeroot"/>
    <property name="java.vendor.version" value="Temurin-11.0.23+9"/>
    <property name="localRepository" value="/home/runner/.m2/repository"/>
    <property name="jna.loaded" value="true"/>
    <property name="java.vendor.url.bug" value="https://github.com/adoptium/adoptium-support/issues"/>
    <property name="java.io.tmpdir" value="/tmp"/>
    <property name="java.version" value="11.0.23"/>
    <property name="user.dir" value="/home/runner/work/jqassistant-context-mapper-plugin/jqassistant-context-mapper-plugin"/>
    <property name="os.arch" value="amd64"/>
    <property name="java.vm.specification.name" value="Java Virtual Machine Specification"/>
    <property name="java.awt.printerjob" value="sun.print.PSPrinterJob"/>
    <property name="sun.os.patch.level" value="unknown"/>
    <property name="java.library.path" value="/usr/java/packages/lib:/usr/lib64:/lib64:/lib:/usr/lib"/>
    <property name="java.vm.info" value="mixed mode"/>
    <property name="java.vendor" value="Eclipse Adoptium"/>
    <property name="java.vm.version" value="11.0.23+9"/>
    <property name="java.specification.maintenance.version" value="2"/>
    <property name="sun.io.unicode.encoding" value="UnicodeLittle"/>
    <property name="java.class.version" value="55.0"/>
  </properties>
  <testcase name="scan" classname="org.jqassistant.plugin.contextmapper.report.ContextMapperReportPluginIT" time="1.04">
    <system-out><![CDATA[try to call: path=/tmp/GraphvizJava/DotEngine11817371780191598740; dotFile=/tmp/GraphvizJava/DotEngine11817371780191598740/dotfile.dot; options=Options{engine=DOT, format=SVG, totalMemory=null, yInvert=null, basedir=./target/jqassistant/report/context-mapper, images=[]}
]]></system-out>
    <system-err><![CDATA[[main] INFO com.buschmais.jqassistant.core.runtime.impl.plugin.PluginConfigurationReaderImpl - Scanning for jQAssistant plugins...
[main] INFO com.buschmais.jqassistant.core.runtime.impl.plugin.PluginRepositoryImpl - jQAssistant Core Analysis Plugin 2.3.0 [jqa.core.analysis.plugin]
[main] INFO com.buschmais.jqassistant.core.runtime.impl.plugin.PluginRepositoryImpl - jQAssistant Core Report Plugin 2.3.0 [jqa.core.report.plugin]
[main] INFO com.buschmais.jqassistant.core.runtime.impl.plugin.PluginRepositoryImpl - jQAssistant Common Plugin 2.3.0 [jqa.plugin.common]
[main] INFO com.buschmais.jqassistant.core.runtime.impl.plugin.PluginRepositoryImpl - jQAssistant Context Mapper Plugin <unknown version> [jqa.plugin.contextmapper]
[main] INFO com.buschmais.jqassistant.core.store.api.StoreFactory - Connecting to store at memory:///'
[main] INFO org.neo4j.dbms.identity.DefaultIdentityModule - This instance is ServerId{6f6f1942} (6f6f1942-b106-407f-9d18-bf5d33c23adf)
[main] INFO org.neo4j.server.security.systemgraph.UserSecurityGraphComponent - Initializing system graph model for component 'security-users' with version -1 and status UNINITIALIZED
[main] INFO org.neo4j.server.security.systemgraph.UserSecurityGraphComponent - Setting up initial user from defaults: neo4j
[main] INFO org.neo4j.server.security.systemgraph.UserSecurityGraphComponent - Creating new user 'neo4j' (passwordChangeRequired=true, suspended=false)
[main] INFO org.neo4j.server.security.systemgraph.UserSecurityGraphComponent - Setting version for 'security-users' to 3
[main] INFO org.neo4j.server.security.systemgraph.UserSecurityGraphComponent - After initialization of system graph model component 'security-users' have version 3 and status CURRENT
[main] INFO org.neo4j.server.security.systemgraph.UserSecurityGraphComponent - Performing postInitialization step for component 'security-users' with version 3 and status CURRENT
[main] INFO org.neo4j.test.TestDatabaseManagementServiceFactory - id: 60F13AA6CF3B7344F49EA133401F213E71099AEBEE2331758EF30EE70A652546
[main] INFO org.neo4j.test.TestDatabaseManagementServiceFactory - name: system
[main] INFO org.neo4j.test.TestDatabaseManagementServiceFactory - creationDate: 2024-07-25T12:22:52.767Z
[main] INFO com.buschmais.jqassistant.core.store.impl.EmbeddedGraphStore - Initialized embedded Neo4j database '4.4.34'.
[main] INFO com.buschmais.jqassistant.core.store.impl.AbstractGraphStore - Resetting store.
[main] INFO com.buschmais.jqassistant.core.store.impl.AbstractGraphStore - Reset finished (removed 0 nodes, duration: 0s).
[main] INFO com.buschmais.jqassistant.core.analysis.impl.AnalyzerRuleVisitor - Applying concept 'context-mapper:BoundedContexts' with severity: 'MINOR'.
[main] INFO guru.nidi.graphviz.service.CommandLineExecutor - executing command [/bin/sh, -c, dot -Tsvg /tmp/GraphvizJava/DotEngine11817371780191598740/dotfile.dot -ooutfile.svg]
]]></system-err>
  </testcase>
</testsuite>