<?xml version="1.0" encoding="UTF-8"?>
<testsuite xmlns:xsi="http://www.w3.org/2001/XMLSchema-instance" xsi:noNamespaceSchemaLocation="https://maven.apache.org/surefire/maven-failsafe-plugin/xsd/failsafe-test-report.xsd" version="3.0.2" name="org.jqassistant.plugin.contextmapper.report.ContextMapperReportPluginIT" time="1.18" tests="1" errors="0" skipped="0" failures="0">
  <properties>
    <property name="java.specification.version" value="17"/>
    <property name="sun.jnu.encoding" value="UTF-8"/>
    <property name="java.class.path" value="/home/runner/work/jqassistant-context-mapper-plugin/jqassistant-context-mapper-plugin/target/test-classes:/home/runner/work/jqassistant-context-mapper-plugin/jqassistant-context-mapper-plugin/target/jqassistant-context-mapper-plugin-2.1.0-SNAPSHOT.jar:/home/runner/.m2/repository/com/buschmais/jqassistant/core/scanner/2.4.0/scanner-2.4.0.jar:/home/runner/.m2/repository/com/buschmais/jqassistant/core/store/2.4.0/store-2.4.0.jar:/home/runner/.m2/repository/com/buschmais/xo/xo.neo4j.remote/2.2.8/xo.neo4j.remote-2.2.8.jar:/home/runner/.m2/repository/com/buschmais/xo/xo.neo4j.spi/2.2.8/xo.neo4j.spi-2.2.8.jar:/home/runner/.m2/repository/org/neo4j/driver/neo4j-java-driver/4.4.17/neo4j-java-driver-4.4.17.jar:/home/runner/.m2/repository/org/reactivestreams/reactive-streams/1.0.4/reactive-streams-1.0.4.jar:/home/runner/.m2/repository/com/buschmais/xo/xo.impl/2.2.8/xo.impl-2.2.8.jar:/home/runner/.m2/repository/com/google/guava/guava/33.2.1-jre/guava-33.2.1-jre.jar:/home/runner/.m2/repository/com/google/guava/failureaccess/1.0.2/failureaccess-1.0.2.jar:/home/runner/.m2/repository/com/google/guava/listenablefuture/9999.0-empty-to-avoid-conflict-with-guava/listenablefuture-9999.0-empty-to-avoid-conflict-with-guava.jar:/home/runner/.m2/repository/com/google/code/findbugs/jsr305/3.0.2/jsr305-3.0.2.jar:/home/runner/.m2/repository/com/google/j2objc/j2objc-annotations/3.0.0/j2objc-annotations-3.0.0.jar:/home/runner/.m2/repository/com/github/ben-manes/caffeine/caffeine/3.1.8/caffeine-3.1.8.jar:/home/runner/.m2/repository/org/checkerframework/checker-qual/3.37.0/checker-qual-3.37.0.jar:/home/runner/.m2/repository/com/google/errorprone/error_prone_annotations/2.21.1/error_prone_annotations-2.21.1.jar:/home/runner/.m2/repository/com/buschmais/jqassistant/core/shared/2.4.0/shared-2.4.0.jar:/home/runner/.m2/repository/org/slf4j/jcl-over-slf4j/2.0.14/jcl-over-slf4j-2.0.14.jar:/home/runner/.m2/repository/commons-lang/commons-lang/2.6/commons-lang-2.6.jar:/home/runner/.m2/repository/com/buschmais/jqassistant/core/neo4j/2.4.0/neo4j-2.4.0.jar:/home/runner/.m2/repository/org/neo4j/client/neo4j-browser/5.21.0/neo4j-browser-5.21.0.jar:/home/runner/.m2/repository/com/buschmais/xo/xo.neo4j.embedded/2.2.8/xo.neo4j.embedded-2.2.8.jar:/home/runner/.m2/repository/io/smallrye/config/smallrye-config-core/3.9.1/smallrye-config-core-3.9.1.jar:/home/runner/.m2/repository/org/eclipse/microprofile/config/microprofile-config-api/3.1/microprofile-config-api-3.1.jar:/home/runner/.m2/repository/jakarta/annotation/jakarta.annotation-api/3.0.0/jakarta.annotation-api-3.0.0.jar:/home/runner/.m2/repository/io/smallrye/common/smallrye-common-annotation/2.4.0/smallrye-common-annotation-2.4.0.jar:/home/runner/.m2/repository/io/smallrye/common/smallrye-common-expression/2.4.0/smallrye-common-expression-2.4.0.jar:/home/runner/.m2/repository/io/smallrye/common/smallrye-common-function/2.4.0/smallrye-common-function-2.4.0.jar:/home/runner/.m2/repository/io/smallrye/common/smallrye-common-constraint/2.4.0/smallrye-common-constraint-2.4.0.jar:/home/runner/.m2/repository/io/smallrye/common/smallrye-common-classloader/2.4.0/smallrye-common-classloader-2.4.0.jar:/home/runner/.m2/repository/org/jboss/logging/jboss-logging/3.6.0.Final/jboss-logging-3.6.0.Final.jar:/home/runner/.m2/repository/org/ow2/asm/asm/9.7/asm-9.7.jar:/home/runner/.m2/repository/io/smallrye/config/smallrye-config-common/3.9.1/smallrye-config-common-3.9.1.jar:/home/runner/.m2/repository/commons-io/commons-io/2.16.1/commons-io-2.16.1.jar:/home/runner/.m2/repository/com/buschmais/jqassistant/core/report/2.4.0/report-2.4.0.jar:/home/runner/.m2/repository/com/buschmais/jqassistant/core/rule/2.4.0/rule-2.4.0.jar:/home/runner/.m2/repository/com/fasterxml/jackson/dataformat/jackson-dataformat-yaml/2.17.2/jackson-dataformat-yaml-2.17.2.jar:/home/runner/.m2/repository/com/fasterxml/jackson/core/jackson-databind/2.17.2/jackson-databind-2.17.2.jar:/home/runner/.m2/repository/com/fasterxml/jackson/core/jackson-annotations/2.17.2/jackson-annotations-2.17.2.jar:/home/runner/.m2/repository/org/yaml/snakeyaml/2.2/snakeyaml-2.2.jar:/home/runner/.m2/repository/com/fasterxml/jackson/core/jackson-core/2.17.2/jackson-core-2.17.2.jar:/home/runner/.m2/repository/com/networknt/json-schema-validator/1.5.1/json-schema-validator-1.5.1.jar:/home/runner/.m2/repository/com/ethlo/time/itu/1.10.2/itu-1.10.2.jar:/home/runner/.m2/repository/org/snakeyaml/snakeyaml-engine/2.7/snakeyaml-engine-2.7.jar:/home/runner/.m2/repository/com/buschmais/jqassistant/core/schemata/2.4.0/schemata-2.4.0.jar:/home/runner/.m2/repository/javax/xml/bind/jaxb-api/2.4.0-b180830.0359/jaxb-api-2.4.0-b180830.0359.jar:/home/runner/.m2/repository/javax/annotation/javax.annotation-api/1.3.2/javax.annotation-api-1.3.2.jar:/home/runner/.m2/repository/com/buschmais/xo/xo.neo4j.api/2.2.8/xo.neo4j.api-2.2.8.jar:/home/runner/.m2/repository/com/buschmais/xo/xo.spi/2.2.8/xo.spi-2.2.8.jar:/home/runner/.m2/repository/org/glassfish/jaxb/jaxb-runtime/2.4.0-b180830.0438/jaxb-runtime-2.4.0-b180830.0438.jar:/home/runner/.m2/repository/org/glassfish/jaxb/txw2/2.4.0-b180830.0438/txw2-2.4.0-b180830.0438.jar:/home/runner/.m2/repository/com/sun/istack/istack-commons-runtime/3.0.7/istack-commons-runtime-3.0.7.jar:/home/runner/.m2/repository/org/jvnet/staxex/stax-ex/1.8/stax-ex-1.8.jar:/home/runner/.m2/repository/com/sun/xml/fastinfoset/FastInfoset/1.2.15/FastInfoset-1.2.15.jar:/home/runner/.m2/repository/javax/activation/javax.activation-api/1.2.0/javax.activation-api-1.2.0.jar:/home/runner/.m2/repository/com/buschmais/jqassistant/plugin/common/2.4.0/common-2.4.0.jar:/home/runner/.m2/repository/com/opencsv/opencsv/5.9/opencsv-5.9.jar:/home/runner/.m2/repository/org/apache/commons/commons-lang3/3.16.0/commons-lang3-3.16.0.jar:/home/runner/.m2/repository/org/apache/commons/commons-text/1.12.0/commons-text-1.12.0.jar:/home/runner/.m2/repository/commons-beanutils/commons-beanutils/1.9.4/commons-beanutils-1.9.4.jar:/home/runner/.m2/repository/commons-collections/commons-collections/3.2.2/commons-collections-3.2.2.jar:/home/runner/.m2/repository/org/apache/commons/commons-collections4/4.4/commons-collections4-4.4.jar:/home/runner/.m2/repository/org/mapstruct/mapstruct/1.5.5.Final/mapstruct-1.5.5.Final.jar:/home/runner/.m2/repository/org/apache/commons/commons-compress/1.26.2/commons-compress-1.26.2.jar:/home/runner/.m2/repository/commons-codec/commons-codec/1.17.1/commons-codec-1.17.1.jar:/home/runner/.m2/repository/com/buschmais/xo/xo.api/2.2.8/xo.api-2.2.8.jar:/home/runner/.m2/repository/javax/validation/validation-api/2.0.1.Final/validation-api-2.0.1.Final.jar:/home/runner/.m2/repository/org/contextmapper/context-mapper-dsl/6.6.1/context-mapper-dsl-6.6.1.jar:/home/runner/.m2/repository/org/eclipse/xtext/org.eclipse.xtext/2.23.0/org.eclipse.xtext-2.23.0.jar:/home/runner/.m2/repository/org/eclipse/xtext/org.eclipse.xtext.util/2.23.0/org.eclipse.xtext.util-2.23.0.jar:/home/runner/.m2/repository/org/eclipse/emf/org.eclipse.emf.ecore/2.20.0/org.eclipse.emf.ecore-2.20.0.jar:/home/runner/.m2/repository/org/eclipse/xtend/org.eclipse.xtend.lib/2.23.0/org.eclipse.xtend.lib-2.23.0.jar:/home/runner/.m2/repository/org/eclipse/xtext/org.eclipse.xtext.xbase.lib/2.23.0/org.eclipse.xtext.xbase.lib-2.23.0.jar:/home/runner/.m2/repository/org/eclipse/xtend/org.eclipse.xtend.lib.macro/2.23.0/org.eclipse.xtend.lib.macro-2.23.0.jar:/home/runner/.m2/repository/org/eclipse/platform/org.eclipse.equinox.common/3.12.0/org.eclipse.equinox.common-3.12.0.jar:/home/runner/.m2/repository/org/eclipse/platform/org.eclipse.osgi/3.15.300/org.eclipse.osgi-3.15.300.jar:/home/runner/.m2/repository/org/eclipse/emf/org.eclipse.emf.common/2.17.0/org.eclipse.emf.common-2.17.0.jar:/home/runner/.m2/repository/org/eclipse/emf/org.eclipse.emf.ecore.xmi/2.16.0/org.eclipse.emf.ecore.xmi-2.16.0.jar:/home/runner/.m2/repository/com/google/inject/guice/7.0.0/guice-7.0.0.jar:/home/runner/.m2/repository/jakarta/inject/jakarta.inject-api/2.0.1/jakarta.inject-api-2.0.1.jar:/home/runner/.m2/repository/aopalliance/aopalliance/1.0/aopalliance-1.0.jar:/home/runner/.m2/repository/org/antlr/antlr-runtime/3.2/antlr-runtime-3.2.jar:/home/runner/.m2/repository/org/eclipse/xtext/org.eclipse.xtext.xbase/2.23.0/org.eclipse.xtext.xbase-2.23.0.jar:/home/runner/.m2/repository/org/eclipse/xtext/org.eclipse.xtext.common.types/2.23.0/org.eclipse.xtext.common.types-2.23.0.jar:/home/runner/.m2/repository/io/github/classgraph/classgraph/4.8.35/classgraph-4.8.35.jar:/home/runner/.m2/repository/org/freemarker/freemarker/2.3.30/freemarker-2.3.30.jar:/home/runner/.m2/repository/org/contextmapper/service-cutter-library/1.2.1/service-cutter-library-1.2.1.jar:/home/runner/.m2/repository/org/graphstream/gs-core/1.3/gs-core-1.3.jar:/home/runner/.m2/repository/org/graphstream/pherd/1.0/pherd-1.0.jar:/home/runner/.m2/repository/org/graphstream/mbox2/1.0/mbox2-1.0.jar:/home/runner/.m2/repository/org/graphstream/gs-algo/1.3/gs-algo-1.3.jar:/home/runner/.m2/repository/org/apache/commons/commons-math/2.1/commons-math-2.1.jar:/home/runner/.m2/repository/org/apache/commons/commons-math3/3.4.1/commons-math3-3.4.1.jar:/home/runner/.m2/repository/org/jfree/jfreechart/1.0.14/jfreechart-1.0.14.jar:/home/runner/.m2/repository/org/jfree/jcommon/1.0.17/jcommon-1.0.17.jar:/home/runner/.m2/repository/com/lowagie/itext/2.1.5/itext-2.1.5.jar:/home/runner/.m2/repository/org/nlpub/watset/2.1.5/watset-2.1.5.jar:/home/runner/.m2/repository/org/jgrapht/jgrapht-core/1.4.0/jgrapht-core-1.4.0.jar:/home/runner/.m2/repository/org/jheaps/jheaps/0.11/jheaps-0.11.jar:/home/runner/.m2/repository/org/contextmapper/context-map-generator/1.2.1/context-map-generator-1.2.1.jar:/home/runner/.m2/repository/guru/nidi/com/kitfox/svgSalamander/1.1.2/svgSalamander-1.1.2.jar:/home/runner/.m2/repository/org/apache/commons/commons-exec/1.3/commons-exec-1.3.jar:/home/runner/.m2/repository/org/slf4j/slf4j-api/2.0.14/slf4j-api-2.0.14.jar:/home/runner/.m2/repository/org/slf4j/log4j-over-slf4j/2.0.14/log4j-over-slf4j-2.0.14.jar:/home/runner/.m2/repository/org/projectlombok/lombok/1.18.34/lombok-1.18.34.jar:/home/runner/.m2/repository/com/buschmais/jqassistant/core/test/2.4.0/test-2.4.0.jar:/home/runner/.m2/repository/com/buschmais/jqassistant/core/runtime/2.4.0/runtime-2.4.0.jar:/home/runner/.m2/repository/com/buschmais/jqassistant/core/analysis/2.4.0/analysis-2.4.0.jar:/home/runner/.m2/repository/io/smallrye/config/smallrye-config-source-yaml/3.9.1/smallrye-config-source-yaml-3.9.1.jar:/home/runner/.m2/repository/io/smallrye/config/smallrye-config/3.9.1/smallrye-config-3.9.1.jar:/home/runner/.m2/repository/org/neo4j/neo4j/5.22.0/neo4j-5.22.0.jar:/home/runner/.m2/repository/org/neo4j/annotations/5.22.0/annotations-5.22.0.jar:/home/runner/.m2/repository/org/eclipse/collections/eclipse-collections/11.1.0/eclipse-collections-11.1.0.jar:/home/runner/.m2/repository/org/eclipse/collections/eclipse-collections-api/11.1.0/eclipse-collections-api-11.1.0.jar:/home/runner/.m2/repository/org/neo4j/neo4j-kernel/5.22.0/neo4j-kernel-5.22.0.jar:/home/runner/.m2/repository/org/neo4j/neo4j-native/5.22.0/neo4j-native-5.22.0.jar:/home/runner/.m2/repository/net/java/dev/jna/jna/5.14.0/jna-5.14.0.jar:/home/runner/.m2/repository/org/neo4j/neo4j-graphdb-api/5.22.0/neo4j-graphdb-api-5.22.0.jar:/home/runner/.m2/repository/org/neo4j/neo4j-kernel-api/5.22.0/neo4j-kernel-api-5.22.0.jar:/home/runner/.m2/repository/org/neo4j/neo4j-monitoring/5.22.0/neo4j-monitoring-5.22.0.jar:/home/runner/.m2/repository/org/neo4j/neo4j-diagnostics/5.22.0/neo4j-diagnostics-5.22.0.jar:/home/runner/.m2/repository/org/neo4j/neo4j-schema/5.22.0/neo4j-schema-5.22.0.jar:/home/runner/.m2/repository/org/neo4j/neo4j-lock/5.22.0/neo4j-lock-5.22.0.jar:/home/runner/.m2/repository/org/neo4j/neo4j-token-api/5.22.0/neo4j-token-api-5.22.0.jar:/home/runner/.m2/repository/org/neo4j/neo4j-storage-engine-util/5.22.0/neo4j-storage-engine-util-5.22.0.jar:/home/runner/.m2/repository/org/neo4j/neo4j-common/5.22.0/neo4j-common-5.22.0.jar:/home/runner/.m2/repository/org/neo4j/neo4j-values/5.22.0/neo4j-values-5.22.0.jar:/home/runner/.m2/repository/org/neo4j/neo4j-unsafe/5.22.0/neo4j-unsafe-5.22.0.jar:/home/runner/.m2/repository/org/neo4j/neo4j-collections/5.22.0/neo4j-collections-5.22.0.jar:/home/runner/.m2/repository/org/neo4j/neo4j-io/5.22.0/neo4j-io-5.22.0.jar:/home/runner/.m2/repository/org/neo4j/neo4j-concurrent/5.22.0/neo4j-concurrent-5.22.0.jar:/home/runner/.m2/repository/org/neo4j/neo4j-logging/5.22.0/neo4j-logging-5.22.0.jar:/home/runner/.m2/repository/org/codehaus/jettison/jettison/1.5.4/jettison-1.5.4.jar:/home/runner/.m2/repository/org/apache/logging/log4j/log4j-api/2.20.0/log4j-api-2.20.0.jar:/home/runner/.m2/repository/org/apache/logging/log4j/log4j-core/2.20.0/log4j-core-2.20.0.jar:/home/runner/.m2/repository/org/apache/logging/log4j/log4j-layout-template-json/2.20.0/log4j-layout-template-json-2.20.0.jar:/home/runner/.m2/repository/org/neo4j/neo4j-configuration/5.22.0/neo4j-configuration-5.22.0.jar:/home/runner/.m2/repository/com/github/seancfoley/ipaddress/5.5.0/ipaddress-5.5.0.jar:/home/runner/.m2/repository/org/neo4j/neo4j-layout/5.22.0/neo4j-layout-5.22.0.jar:/home/runner/.m2/repository/org/neo4j/neo4j-index/5.22.0/neo4j-index-5.22.0.jar:/home/runner/.m2/repository/org/neo4j/neo4j-spatial-index/5.22.0/neo4j-spatial-index-5.22.0.jar:/home/runner/.m2/repository/org/neo4j/neo4j-id-generator/5.22.0/neo4j-id-generator-5.22.0.jar:/home/runner/.m2/repository/org/neo4j/neo4j-wal/5.22.0/neo4j-wal-5.22.0.jar:/home/runner/.m2/repository/org/neo4j/neo4j-import-util/5.22.0/neo4j-import-util-5.22.0.jar:/home/runner/.m2/repository/org/neo4j/neo4j-csv/5.22.0/neo4j-csv-5.22.0.jar:/home/runner/.m2/repository/org/neo4j/neo4j-cloud/5.22.0/neo4j-cloud-5.22.0.jar:/home/runner/.m2/repository/org/jctools/jctools-core/4.0.5/jctools-core-4.0.5.jar:/home/runner/.m2/repository/org/neo4j/neo4j-fabric/5.22.0/neo4j-fabric-5.22.0.jar:/home/runner/.m2/repository/io/projectreactor/reactor-core/3.6.7/reactor-core-3.6.7.jar:/home/runner/.m2/repository/org/neo4j/neo4j-front-end/5.22.0/neo4j-front-end-5.22.0.jar:/home/runner/.m2/repository/org/neo4j/neo4j-expressions/5.22.0/neo4j-expressions-5.22.0.jar:/home/runner/.m2/repository/org/neo4j/neo4j-notifications/5.22.0/neo4j-notifications-5.22.0.jar:/home/runner/.m2/repository/org/neo4j/neo4j-gql-status/5.22.0/neo4j-gql-status-5.22.0.jar:/home/runner/.m2/repository/org/neo4j/cypher-parser-factory/5.22.0/cypher-parser-factory-5.22.0.jar:/home/runner/.m2/repository/org/neo4j/cypher-v5-ast-factory/5.22.0/cypher-v5-ast-factory-5.22.0.jar:/home/runner/.m2/repository/org/neo4j/cypher-v5-antlr-parser/5.22.0/cypher-v5-antlr-parser-5.22.0.jar:/home/runner/.m2/repository/org/antlr/antlr4-runtime/4.13.1/antlr4-runtime-4.13.1.jar:/home/runner/.m2/repository/org/neo4j/cypher-antlr-common/5.22.0/cypher-antlr-common-5.22.0.jar:/home/runner/.m2/repository/org/neo4j/cypher-v5-parser-listener/5.22.0/cypher-v5-parser-listener-5.22.0.jar:/home/runner/.m2/repository/org/neo4j/cypher-parser-common/5.22.0/cypher-parser-common-5.22.0.jar:/home/runner/.m2/repository/org/neo4j/cypher-antlr-ast-common/5.22.0/cypher-antlr-ast-common-5.22.0.jar:/home/runner/.m2/repository/org/neo4j/cypher-parser-ast-common/5.22.0/cypher-parser-ast-common-5.22.0.jar:/home/runner/.m2/repository/org/neo4j/cypher-v6-ast-factory/5.22.0/cypher-v6-ast-factory-5.22.0.jar:/home/runner/.m2/repository/org/neo4j/cypher-v6-antlr-parser/5.22.0/cypher-v6-antlr-parser-5.22.0.jar:/home/runner/.m2/repository/org/neo4j/cypher-v6-parser-listener/5.22.0/cypher-v6-parser-listener-5.22.0.jar:/home/runner/.m2/repository/org/neo4j/neo4j-cypher-macros/5.22.0/neo4j-cypher-macros-5.22.0.jar:/home/runner/.m2/repository/org/scala-lang/scala-reflect/2.13.11/scala-reflect-2.13.11.jar:/home/runner/.m2/repository/org/neo4j/neo4j-query-router/5.22.0/neo4j-query-router-5.22.0.jar:/home/runner/.m2/repository/org/neo4j/neo4j-procedure/5.22.0/neo4j-procedure-5.22.0.jar:/home/runner/.m2/repository/org/neo4j/neo4j-procedure-api/5.22.0/neo4j-procedure-api-5.22.0.jar:/home/runner/.m2/repository/org/neo4j/neo4j-codegen/5.22.0/neo4j-codegen-5.22.0.jar:/home/runner/.m2/repository/org/ow2/asm/asm-util/9.7/asm-util-9.7.jar:/home/runner/.m2/repository/org/ow2/asm/asm-analysis/9.7/asm-analysis-9.7.jar:/home/runner/.m2/repository/org/ow2/asm/asm-tree/9.7/asm-tree-9.7.jar:/home/runner/.m2/repository/org/neo4j/neo4j-cypher-expression-evaluator/5.22.0/neo4j-cypher-expression-evaluator-5.22.0.jar:/home/runner/.m2/repository/org/neo4j/neo4j-ast/5.22.0/neo4j-ast-5.22.0.jar:/home/runner/.m2/repository/org/neo4j/neo4j-cypher-ast-factory/5.22.0/neo4j-cypher-ast-factory-5.22.0.jar:/home/runner/.m2/repository/org/neo4j/neo4j-lucene-index/5.22.0/neo4j-lucene-index-5.22.0.jar:/home/runner/.m2/repository/org/neo4j/neo4j-resource/5.22.0/neo4j-resource-5.22.0.jar:/home/runner/.m2/repository/org/apache/lucene/lucene-analysis-common/9.11.0/lucene-analysis-common-9.11.0.jar:/home/runner/.m2/repository/org/apache/lucene/lucene-core/9.11.0/lucene-core-9.11.0.jar:/home/runner/.m2/repository/org/apache/lucene/lucene-queryparser/9.11.0/lucene-queryparser-9.11.0.jar:/home/runner/.m2/repository/org/apache/lucene/lucene-backward-codecs/9.11.0/lucene-backward-codecs-9.11.0.jar:/home/runner/.m2/repository/org/neo4j/neo4j-fulltext-index/5.22.0/neo4j-fulltext-index-5.22.0.jar:/home/runner/.m2/repository/org/neo4j/neo4j-graph-algo/5.22.0/neo4j-graph-algo-5.22.0.jar:/home/runner/.m2/repository/org/neo4j/neo4j-cypher-runtime-util/5.22.0/neo4j-cypher-runtime-util-5.22.0.jar:/home/runner/.m2/repository/org/neo4j/neo4j-cypher-logical-plans/5.22.0/neo4j-cypher-logical-plans-5.22.0.jar:/home/runner/.m2/repository/org/neo4j/neo4j-data-collector/5.22.0/neo4j-data-collector-5.22.0.jar:/home/runner/.m2/repository/org/neo4j/neo4j-rewriting/5.22.0/neo4j-rewriting-5.22.0.jar:/home/runner/.m2/repository/org/neo4j/neo4j-cypher/5.22.0/neo4j-cypher-5.22.0.jar:/home/runner/.m2/repository/org/scala-lang/scala-library/2.13.11/scala-library-2.13.11.jar:/home/runner/.m2/repository/org/neo4j/neo4j-cypher-physical-planning/5.22.0/neo4j-cypher-physical-planning-5.22.0.jar:/home/runner/.m2/repository/org/neo4j/neo4j-exceptions/5.22.0/neo4j-exceptions-5.22.0.jar:/home/runner/.m2/repository/org/neo4j/neo4j-util/5.22.0/neo4j-util-5.22.0.jar:/home/runner/.m2/repository/org/neo4j/neo4j-cypher-config/5.22.0/neo4j-cypher-config-5.22.0.jar:/home/runner/.m2/repository/com/softwaremill/magnolia1_2/magnolia_2.13/1.1.8/magnolia_2.13-1.1.8.jar:/home/runner/.m2/repository/org/neo4j/neo4j-cypher-cache/5.22.0/neo4j-cypher-cache-5.22.0.jar:/home/runner/.m2/repository/org/neo4j/neo4j-cypher-planner/5.22.0/neo4j-cypher-planner-5.22.0.jar:/home/runner/.m2/repository/org/scala-lang/modules/scala-collection-contrib_2.13/0.3.0/scala-collection-contrib_2.13-0.3.0.jar:/home/runner/.m2/repository/org/neo4j/neo4j-cypher-ir/5.22.0/neo4j-cypher-ir-5.22.0.jar:/home/runner/.m2/repository/org/neo4j/neo4j-cypher-javacc-parser/5.22.0/neo4j-cypher-javacc-parser-5.22.0.jar:/home/runner/.m2/repository/org/neo4j/cypher-ast-factory/5.22.0/cypher-ast-factory-5.22.0.jar:/home/runner/.m2/repository/org/neo4j/neo4j-cypher-rendering/5.22.0/neo4j-cypher-rendering-5.22.0.jar:/home/runner/.m2/repository/org/neo4j/neo4j-cypher-planner-spi/5.22.0/neo4j-cypher-planner-spi-5.22.0.jar:/home/runner/.m2/repository/org/neo4j/neo4j-cypher-interpreted-runtime/5.22.0/neo4j-cypher-interpreted-runtime-5.22.0.jar:/home/runner/.m2/repository/org/neo4j/neo4j-cypher-slotted-runtime/5.22.0/neo4j-cypher-slotted-runtime-5.22.0.jar:/home/runner/.m2/repository/org/apache/shiro/shiro-core/2.0.0/shiro-core-2.0.0.jar:/home/runner/.m2/repository/org/apache/shiro/shiro-lang/2.0.0/shiro-lang-2.0.0.jar:/home/runner/.m2/repository/org/apache/shiro/shiro-cache/2.0.0/shiro-cache-2.0.0.jar:/home/runner/.m2/repository/org/apache/shiro/shiro-crypto-hash/2.0.0/shiro-crypto-hash-2.0.0.jar:/home/runner/.m2/repository/org/apache/shiro/shiro-crypto-core/2.0.0/shiro-crypto-core-2.0.0.jar:/home/runner/.m2/repository/org/apache/shiro/crypto/shiro-hashes-argon2/2.0.0/shiro-hashes-argon2-2.0.0.jar:/home/runner/.m2/repository/org/apache/shiro/crypto/shiro-hashes-bcrypt/2.0.0/shiro-hashes-bcrypt-2.0.0.jar:/home/runner/.m2/repository/org/apache/shiro/shiro-crypto-cipher/2.0.0/shiro-crypto-cipher-2.0.0.jar:/home/runner/.m2/repository/org/apache/shiro/shiro-config-core/2.0.0/shiro-config-core-2.0.0.jar:/home/runner/.m2/repository/org/apache/shiro/shiro-event/2.0.0/shiro-event-2.0.0.jar:/home/runner/.m2/repository/org/bitbucket/inkytonik/kiama/kiama_2.13/2.5.1/kiama_2.13-2.5.1.jar:/home/runner/.m2/repository/org/neo4j/neo4j-security/5.22.0/neo4j-security-5.22.0.jar:/home/runner/.m2/repository/org/neo4j/neo4j-command-line/5.22.0/neo4j-command-line-5.22.0.jar:/home/runner/.m2/repository/info/picocli/picocli/4.7.6/picocli-4.7.6.jar:/home/runner/.m2/repository/org/neo4j/neo4j-bolt/5.22.0/neo4j-bolt-5.22.0.jar:/home/runner/.m2/repository/org/neo4j/neo4j-ssl/5.22.0/neo4j-ssl-5.22.0.jar:/home/runner/.m2/repository/io/netty/netty-handler/4.1.111.Final/netty-handler-4.1.111.Final.jar:/home/runner/.m2/repository/io/netty/netty-resolver/4.1.111.Final/netty-resolver-4.1.111.Final.jar:/home/runner/.m2/repository/org/neo4j/server-api/5.22.0/server-api-5.22.0.jar:/home/runner/.m2/repository/jakarta/ws/rs/jakarta.ws.rs-api/2.1.6/jakarta.ws.rs-api-2.1.6.jar:/home/runner/.m2/repository/io/netty/netty-codec-http/4.1.111.Final/netty-codec-http-4.1.111.Final.jar:/home/runner/.m2/repository/io/netty/netty-common/4.1.111.Final/netty-common-4.1.111.Final.jar:/home/runner/.m2/repository/io/netty/netty-buffer/4.1.111.Final/netty-buffer-4.1.111.Final.jar:/home/runner/.m2/repository/io/netty/netty-transport/4.1.111.Final/netty-transport-4.1.111.Final.jar:/home/runner/.m2/repository/io/netty/netty-codec/4.1.111.Final/netty-codec-4.1.111.Final.jar:/home/runner/.m2/repository/io/netty/netty-transport-native-epoll/4.1.111.Final/netty-transport-native-epoll-4.1.111.Final-linux-x86_64.jar:/home/runner/.m2/repository/io/netty/netty-transport-native-unix-common/4.1.111.Final/netty-transport-native-unix-common-4.1.111.Final.jar:/home/runner/.m2/repository/io/netty/netty-transport-classes-epoll/4.1.111.Final/netty-transport-classes-epoll-4.1.111.Final.jar:/home/runner/.m2/repository/io/netty/netty-transport-native-epoll/4.1.111.Final/netty-transport-native-epoll-4.1.111.Final-linux-aarch_64.jar:/home/runner/.m2/repository/io/netty/netty-transport-native-kqueue/4.1.111.Final/netty-transport-native-kqueue-4.1.111.Final-osx-x86_64.jar:/home/runner/.m2/repository/io/netty/netty-transport-classes-kqueue/4.1.111.Final/netty-transport-classes-kqueue-4.1.111.Final.jar:/home/runner/.m2/repository/io/netty/netty-transport-native-kqueue/4.1.111.Final/netty-transport-native-kqueue-4.1.111.Final-osx-aarch_64.jar:/home/runner/.m2/repository/org/neo4j/neo4j-consistency-check/5.22.0/neo4j-consistency-check-5.22.0.jar:/home/runner/.m2/repository/org/neo4j/neo4j-record-storage-engine/5.22.0/neo4j-record-storage-engine-5.22.0.jar:/home/runner/.m2/repository/org/neo4j/neo4j-dbms/5.22.0/neo4j-dbms-5.22.0.jar:/home/runner/.m2/repository/org/jprocesses/jProcesses/1.6.5/jProcesses-1.6.5.jar:/home/runner/.m2/repository/com/profesorfalken/WMI4Java/1.6.3/WMI4Java-1.6.3.jar:/home/runner/.m2/repository/com/profesorfalken/jPowerShell/3.0/jPowerShell-3.0.jar:/home/runner/.m2/repository/org/apache/commons/commons-configuration2/2.11.0/commons-configuration2-2.11.0.jar:/home/runner/.m2/repository/org/neo4j/licensing-proxy/zstd-proxy/5.22.0/zstd-proxy-5.22.0.jar:/home/runner/.m2/repository/com/github/luben/zstd-jni/1.5.6-3/zstd-jni-1.5.6-3.jar:/home/runner/.m2/repository/org/neo4j/neo4j-import-tool/5.22.0/neo4j-import-tool-5.22.0.jar:/home/runner/.m2/repository/org/neo4j/app/neo4j-server/5.22.0/neo4j-server-5.22.0.jar:/home/runner/.m2/repository/org/eclipse/jetty/jetty-server/10.0.20/jetty-server-10.0.20.jar:/home/runner/.m2/repository/org/eclipse/jetty/jetty-http/10.0.20/jetty-http-10.0.20.jar:/home/runner/.m2/repository/org/eclipse/jetty/jetty-util/10.0.20/jetty-util-10.0.20.jar:/home/runner/.m2/repository/org/eclipse/jetty/jetty-io/10.0.20/jetty-io-10.0.20.jar:/home/runner/.m2/repository/org/eclipse/jetty/toolchain/jetty-servlet-api/4.0.6/jetty-servlet-api-4.0.6.jar:/home/runner/.m2/repository/org/eclipse/jetty/http2/http2-server/10.0.20/http2-server-10.0.20.jar:/home/runner/.m2/repository/org/eclipse/jetty/http2/http2-common/10.0.20/http2-common-10.0.20.jar:/home/runner/.m2/repository/org/eclipse/jetty/http2/http2-hpack/10.0.20/http2-hpack-10.0.20.jar:/home/runner/.m2/repository/org/eclipse/jetty/jetty-alpn-server/10.0.20/jetty-alpn-server-10.0.20.jar:/home/runner/.m2/repository/org/eclipse/jetty/jetty-alpn-java-server/10.0.20/jetty-alpn-java-server-10.0.20.jar:/home/runner/.m2/repository/org/eclipse/jetty/jetty-webapp/10.0.20/jetty-webapp-10.0.20.jar:/home/runner/.m2/repository/org/eclipse/jetty/jetty-servlet/10.0.20/jetty-servlet-10.0.20.jar:/home/runner/.m2/repository/org/eclipse/jetty/jetty-security/10.0.20/jetty-security-10.0.20.jar:/home/runner/.m2/repository/org/eclipse/jetty/jetty-xml/10.0.20/jetty-xml-10.0.20.jar:/home/runner/.m2/repository/org/glassfish/jersey/inject/jersey-hk2/2.34/jersey-hk2-2.34.jar:/home/runner/.m2/repository/org/glassfish/jersey/core/jersey-common/2.34/jersey-common-2.34.jar:/home/runner/.m2/repository/org/glassfish/hk2/external/jakarta.inject/2.6.1/jakarta.inject-2.6.1.jar:/home/runner/.m2/repository/org/glassfish/hk2/hk2-locator/2.6.1/hk2-locator-2.6.1.jar:/home/runner/.m2/repository/org/glassfish/hk2/hk2-api/2.6.1/hk2-api-2.6.1.jar:/home/runner/.m2/repository/org/glassfish/hk2/hk2-utils/2.6.1/hk2-utils-2.6.1.jar:/home/runner/.m2/repository/org/javassist/javassist/3.25.0-GA/javassist-3.25.0-GA.jar:/home/runner/.m2/repository/org/glassfish/jersey/containers/jersey-container-servlet/2.34/jersey-container-servlet-2.34.jar:/home/runner/.m2/repository/org/glassfish/jersey/containers/jersey-container-servlet-core/2.34/jersey-container-servlet-core-2.34.jar:/home/runner/.m2/repository/org/glassfish/jersey/core/jersey-server/2.34/jersey-server-2.34.jar:/home/runner/.m2/repository/org/glassfish/jersey/core/jersey-client/2.34/jersey-client-2.34.jar:/home/runner/.m2/repository/jakarta/validation/jakarta.validation-api/2.0.2/jakarta.validation-api-2.0.2.jar:/home/runner/.m2/repository/com/fasterxml/jackson/jaxrs/jackson-jaxrs-json-provider/2.17.1/jackson-jaxrs-json-provider-2.17.1.jar:/home/runner/.m2/repository/com/fasterxml/jackson/jaxrs/jackson-jaxrs-base/2.17.1/jackson-jaxrs-base-2.17.1.jar:/home/runner/.m2/repository/com/fasterxml/jackson/module/jackson-module-jaxb-annotations/2.17.1/jackson-module-jaxb-annotations-2.17.1.jar:/home/runner/.m2/repository/jakarta/xml/bind/jakarta.xml.bind-api/2.3.2/jakarta.xml.bind-api-2.3.2.jar:/home/runner/.m2/repository/jakarta/activation/jakarta.activation-api/1.2.1/jakarta.activation-api-1.2.1.jar:/home/runner/.m2/repository/org/apache/arrow/flight-core/16.1.0/flight-core-16.1.0.jar:/home/runner/.m2/repository/org/apache/arrow/arrow-format/16.1.0/arrow-format-16.1.0.jar:/home/runner/.m2/repository/com/google/flatbuffers/flatbuffers-java/23.5.26/flatbuffers-java-23.5.26.jar:/home/runner/.m2/repository/org/apache/arrow/arrow-vector/16.1.0/arrow-vector-16.1.0.jar:/home/runner/.m2/repository/com/fasterxml/jackson/datatype/jackson-datatype-jsr310/2.17.0/jackson-datatype-jsr310-2.17.0.jar:/home/runner/.m2/repository/org/apache/arrow/arrow-memory-core/16.1.0/arrow-memory-core-16.1.0.jar:/home/runner/.m2/repository/org/apache/arrow/arrow-memory-netty/16.1.0/arrow-memory-netty-16.1.0.jar:/home/runner/.m2/repository/org/apache/arrow/arrow-memory-netty-buffer-patch/16.1.0/arrow-memory-netty-buffer-patch-16.1.0.jar:/home/runner/.m2/repository/com/google/protobuf/protobuf-java/3.23.1/protobuf-java-3.23.1.jar:/home/runner/.m2/repository/com/google/protobuf/protobuf-java-util/3.23.1/protobuf-java-util-3.23.1.jar:/home/runner/.m2/repository/io/grpc/grpc-api/1.65.0/grpc-api-1.65.0.jar:/home/runner/.m2/repository/io/grpc/grpc-context/1.65.0/grpc-context-1.65.0.jar:/home/runner/.m2/repository/io/grpc/grpc-core/1.65.0/grpc-core-1.65.0.jar:/home/runner/.m2/repository/com/google/code/gson/gson/2.10.1/gson-2.10.1.jar:/home/runner/.m2/repository/io/perfmark/perfmark-api/0.26.0/perfmark-api-0.26.0.jar:/home/runner/.m2/repository/io/grpc/grpc-netty/1.65.0/grpc-netty-1.65.0.jar:/home/runner/.m2/repository/io/netty/netty-handler-proxy/4.1.100.Final/netty-handler-proxy-4.1.100.Final.jar:/home/runner/.m2/repository/io/netty/netty-codec-socks/4.1.100.Final/netty-codec-socks-4.1.100.Final.jar:/home/runner/.m2/repository/io/grpc/grpc-util/1.65.0/grpc-util-1.65.0.jar:/home/runner/.m2/repository/org/codehaus/mojo/animal-sniffer-annotations/1.23/animal-sniffer-annotations-1.23.jar:/home/runner/.m2/repository/io/grpc/grpc-protobuf/1.65.0/grpc-protobuf-1.65.0.jar:/home/runner/.m2/repository/com/google/api/grpc/proto-google-common-protos/2.29.0/proto-google-common-protos-2.29.0.jar:/home/runner/.m2/repository/io/grpc/grpc-protobuf-lite/1.65.0/grpc-protobuf-lite-1.65.0.jar:/home/runner/.m2/repository/io/grpc/grpc-stub/1.65.0/grpc-stub-1.65.0.jar:/home/runner/.m2/repository/io/netty/netty-codec-http2/4.1.111.Final/netty-codec-http2-4.1.111.Final.jar:/home/runner/.m2/repository/org/neo4j/neo4j-capabilities/5.22.0/neo4j-capabilities-5.22.0.jar:/home/runner/.m2/repository/org/neo4j/neo4j-udc/5.22.0/neo4j-udc-5.22.0.jar:/home/runner/.m2/repository/org/neo4j/community/it-test-support/5.22.0/it-test-support-5.22.0.jar:/home/runner/.m2/repository/org/neo4j/io-test-utils/5.22.0/io-test-utils-5.22.0.jar:/home/runner/.m2/repository/org/neo4j/neo4j-random-values/5.22.0/neo4j-random-values-5.22.0.jar:/home/runner/.m2/repository/org/neo4j/test-utils/5.22.0/test-utils-5.22.0.jar:/home/runner/.m2/repository/org/junit/platform/junit-platform-testkit/1.10.3/junit-platform-testkit-1.10.3.jar:/home/runner/.m2/repository/org/junit/platform/junit-platform-launcher/1.10.3/junit-platform-launcher-1.10.3.jar:/home/runner/.m2/repository/org/bouncycastle/bcpkix-jdk18on/1.78.1/bcpkix-jdk18on-1.78.1.jar:/home/runner/.m2/repository/org/bouncycastle/bcutil-jdk18on/1.78.1/bcutil-jdk18on-1.78.1.jar:/home/runner/.m2/repository/org/bouncycastle/bcprov-jdk18on/1.78.1/bcprov-jdk18on-1.78.1.jar:/home/runner/.m2/repository/org/neo4j/layout-test-utils/5.22.0/layout-test-utils-5.22.0.jar:/home/runner/.m2/repository/org/junit/vintage/junit-vintage-engine/5.10.3/junit-vintage-engine-5.10.3.jar:/home/runner/.m2/repository/junit/junit/4.13.2/junit-4.13.2.jar:/home/runner/.m2/repository/org/hamcrest/hamcrest-core/1.3/hamcrest-core-1.3.jar:/home/runner/.m2/repository/org/junit/jupiter/junit-jupiter-engine/5.10.3/junit-jupiter-engine-5.10.3.jar:/home/runner/.m2/repository/org/junit/platform/junit-platform-engine/1.10.3/junit-platform-engine-1.10.3.jar:/home/runner/.m2/repository/org/opentest4j/opentest4j/1.3.0/opentest4j-1.3.0.jar:/home/runner/.m2/repository/org/junit/platform/junit-platform-commons/1.10.3/junit-platform-commons-1.10.3.jar:/home/runner/.m2/repository/org/junit/jupiter/junit-jupiter-api/5.10.3/junit-jupiter-api-5.10.3.jar:/home/runner/.m2/repository/org/apiguardian/apiguardian-api/1.1.2/apiguardian-api-1.1.2.jar:/home/runner/.m2/repository/org/junit/jupiter/junit-jupiter-params/5.10.3/junit-jupiter-params-5.10.3.jar:/home/runner/.m2/repository/org/assertj/assertj-core/3.26.3/assertj-core-3.26.3.jar:/home/runner/.m2/repository/net/bytebuddy/byte-buddy/1.14.18/byte-buddy-1.14.18.jar:/home/runner/.m2/repository/org/slf4j/slf4j-simple/2.0.14/slf4j-simple-2.0.14.jar:/home/runner/.m2/repository/org/mockito/mockito-junit-jupiter/5.12.0/mockito-junit-jupiter-5.12.0.jar:/home/runner/.m2/repository/org/mockito/mockito-core/5.12.0/mockito-core-5.12.0.jar:/home/runner/.m2/repository/net/bytebuddy/byte-buddy-agent/1.14.15/byte-buddy-agent-1.14.15.jar:/home/runner/.m2/repository/org/objenesis/objenesis/3.3/objenesis-3.3.jar:"/>
    <property name="java.vm.vendor" value="Eclipse Adoptium"/>
    <property name="jqassistant.store.uri" value="memory:///"/>
    <property name="sun.arch.data.model" value="64"/>
    <property name="java.vendor.url" value="https://adoptium.net/"/>
    <property name="user.timezone" value="Etc/UTC"/>
    <property name="os.name" value="Linux"/>
    <property name="java.vm.specification.version" value="17"/>
    <property name="sun.java.launcher" value="SUN_STANDARD"/>
    <property name="sun.boot.library.path" value="/usr/lib/jvm/temurin-17-jdk-amd64/lib"/>
    <property name="sun.java.command" value="/home/runner/work/jqassistant-context-mapper-plugin/jqassistant-context-mapper-plugin/target/surefire/surefirebooter-20240815161856518_3.jar /home/runner/work/jqassistant-context-mapper-plugin/jqassistant-context-mapper-plugin/target/surefire 2024-08-15T16-18-56_389-jvmRun1 surefire-20240815161856518_1tmp surefire_0-20240815161856518_2tmp"/>
    <property name="jdk.debug" value="release"/>
    <property name="surefire.test.class.path" value="/home/runner/work/jqassistant-context-mapper-plugin/jqassistant-context-mapper-plugin/target/test-classes:/home/runner/work/jqassistant-context-mapper-plugin/jqassistant-context-mapper-plugin/target/jqassistant-context-mapper-plugin-2.1.0-SNAPSHOT.jar:/home/runner/.m2/repository/com/buschmais/jqassistant/core/scanner/2.4.0/scanner-2.4.0.jar:/home/runner/.m2/repository/com/buschmais/jqassistant/core/store/2.4.0/store-2.4.0.jar:/home/runner/.m2/repository/com/buschmais/xo/xo.neo4j.remote/2.2.8/xo.neo4j.remote-2.2.8.jar:/home/runner/.m2/repository/com/buschmais/xo/xo.neo4j.spi/2.2.8/xo.neo4j.spi-2.2.8.jar:/home/runner/.m2/repository/org/neo4j/driver/neo4j-java-driver/4.4.17/neo4j-java-driver-4.4.17.jar:/home/runner/.m2/repository/org/reactivestreams/reactive-streams/1.0.4/reactive-streams-1.0.4.jar:/home/runner/.m2/repository/com/buschmais/xo/xo.impl/2.2.8/xo.impl-2.2.8.jar:/home/runner/.m2/repository/com/google/guava/guava/33.2.1-jre/guava-33.2.1-jre.jar:/home/runner/.m2/repository/com/google/guava/failureaccess/1.0.2/failureaccess-1.0.2.jar:/home/runner/.m2/repository/com/google/guava/listenablefuture/9999.0-empty-to-avoid-conflict-with-guava/listenablefuture-9999.0-empty-to-avoid-conflict-with-guava.jar:/home/runner/.m2/repository/com/google/code/findbugs/jsr305/3.0.2/jsr305-3.0.2.jar:/home/runner/.m2/repository/com/google/j2objc/j2objc-annotations/3.0.0/j2objc-annotations-3.0.0.jar:/home/runner/.m2/repository/com/github/ben-manes/caffeine/caffeine/3.1.8/caffeine-3.1.8.jar:/home/runner/.m2/repository/org/checkerframework/checker-qual/3.37.0/checker-qual-3.37.0.jar:/home/runner/.m2/repository/com/google/errorprone/error_prone_annotations/2.21.1/error_prone_annotations-2.21.1.jar:/home/runner/.m2/repository/com/buschmais/jqassistant/core/shared/2.4.0/shared-2.4.0.jar:/home/runner/.m2/repository/org/slf4j/jcl-over-slf4j/2.0.14/jcl-over-slf4j-2.0.14.jar:/home/runner/.m2/repository/commons-lang/commons-lang/2.6/commons-lang-2.6.jar:/home/runner/.m2/repository/com/buschmais/jqassistant/core/neo4j/2.4.0/neo4j-2.4.0.jar:/home/runner/.m2/repository/org/neo4j/client/neo4j-browser/5.21.0/neo4j-browser-5.21.0.jar:/home/runner/.m2/repository/com/buschmais/xo/xo.neo4j.embedded/2.2.8/xo.neo4j.embedded-2.2.8.jar:/home/runner/.m2/repository/io/smallrye/config/smallrye-config-core/3.9.1/smallrye-config-core-3.9.1.jar:/home/runner/.m2/repository/org/eclipse/microprofile/config/microprofile-config-api/3.1/microprofile-config-api-3.1.jar:/home/runner/.m2/repository/jakarta/annotation/jakarta.annotation-api/3.0.0/jakarta.annotation-api-3.0.0.jar:/home/runner/.m2/repository/io/smallrye/common/smallrye-common-annotation/2.4.0/smallrye-common-annotation-2.4.0.jar:/home/runner/.m2/repository/io/smallrye/common/smallrye-common-expression/2.4.0/smallrye-common-expression-2.4.0.jar:/home/runner/.m2/repository/io/smallrye/common/smallrye-common-function/2.4.0/smallrye-common-function-2.4.0.jar:/home/runner/.m2/repository/io/smallrye/common/smallrye-common-constraint/2.4.0/smallrye-common-constraint-2.4.0.jar:/home/runner/.m2/repository/io/smallrye/common/smallrye-common-classloader/2.4.0/smallrye-common-classloader-2.4.0.jar:/home/runner/.m2/repository/org/jboss/logging/jboss-logging/3.6.0.Final/jboss-logging-3.6.0.Final.jar:/home/runner/.m2/repository/org/ow2/asm/asm/9.7/asm-9.7.jar:/home/runner/.m2/repository/io/smallrye/config/smallrye-config-common/3.9.1/smallrye-config-common-3.9.1.jar:/home/runner/.m2/repository/commons-io/commons-io/2.16.1/commons-io-2.16.1.jar:/home/runner/.m2/repository/com/buschmais/jqassistant/core/report/2.4.0/report-2.4.0.jar:/home/runner/.m2/repository/com/buschmais/jqassistant/core/rule/2.4.0/rule-2.4.0.jar:/home/runner/.m2/repository/com/fasterxml/jackson/dataformat/jackson-dataformat-yaml/2.17.2/jackson-dataformat-yaml-2.17.2.jar:/home/runner/.m2/repository/com/fasterxml/jackson/core/jackson-databind/2.17.2/jackson-databind-2.17.2.jar:/home/runner/.m2/repository/com/fasterxml/jackson/core/jackson-annotations/2.17.2/jackson-annotations-2.17.2.jar:/home/runner/.m2/repository/org/yaml/snakeyaml/2.2/snakeyaml-2.2.jar:/home/runner/.m2/repository/com/fasterxml/jackson/core/jackson-core/2.17.2/jackson-core-2.17.2.jar:/home/runner/.m2/repository/com/networknt/json-schema-validator/1.5.1/json-schema-validator-1.5.1.jar:/home/runner/.m2/repository/com/ethlo/time/itu/1.10.2/itu-1.10.2.jar:/home/runner/.m2/repository/org/snakeyaml/snakeyaml-engine/2.7/snakeyaml-engine-2.7.jar:/home/runner/.m2/repository/com/buschmais/jqassistant/core/schemata/2.4.0/schemata-2.4.0.jar:/home/runner/.m2/repository/javax/xml/bind/jaxb-api/2.4.0-b180830.0359/jaxb-api-2.4.0-b180830.0359.jar:/home/runner/.m2/repository/javax/annotation/javax.annotation-api/1.3.2/javax.annotation-api-1.3.2.jar:/home/runner/.m2/repository/com/buschmais/xo/xo.neo4j.api/2.2.8/xo.neo4j.api-2.2.8.jar:/home/runner/.m2/repository/com/buschmais/xo/xo.spi/2.2.8/xo.spi-2.2.8.jar:/home/runner/.m2/repository/org/glassfish/jaxb/jaxb-runtime/2.4.0-b180830.0438/jaxb-runtime-2.4.0-b180830.0438.jar:/home/runner/.m2/repository/org/glassfish/jaxb/txw2/2.4.0-b180830.0438/txw2-2.4.0-b180830.0438.jar:/home/runner/.m2/repository/com/sun/istack/istack-commons-runtime/3.0.7/istack-commons-runtime-3.0.7.jar:/home/runner/.m2/repository/org/jvnet/staxex/stax-ex/1.8/stax-ex-1.8.jar:/home/runner/.m2/repository/com/sun/xml/fastinfoset/FastInfoset/1.2.15/FastInfoset-1.2.15.jar:/home/runner/.m2/repository/javax/activation/javax.activation-api/1.2.0/javax.activation-api-1.2.0.jar:/home/runner/.m2/repository/com/buschmais/jqassistant/plugin/common/2.4.0/common-2.4.0.jar:/home/runner/.m2/repository/com/opencsv/opencsv/5.9/opencsv-5.9.jar:/home/runner/.m2/repository/org/apache/commons/commons-lang3/3.16.0/commons-lang3-3.16.0.jar:/home/runner/.m2/repository/org/apache/commons/commons-text/1.12.0/commons-text-1.12.0.jar:/home/runner/.m2/repository/commons-beanutils/commons-beanutils/1.9.4/commons-beanutils-1.9.4.jar:/home/runner/.m2/repository/commons-collections/commons-collections/3.2.2/commons-collections-3.2.2.jar:/home/runner/.m2/repository/org/apache/commons/commons-collections4/4.4/commons-collections4-4.4.jar:/home/runner/.m2/repository/org/mapstruct/mapstruct/1.5.5.Final/mapstruct-1.5.5.Final.jar:/home/runner/.m2/repository/org/apache/commons/commons-compress/1.26.2/commons-compress-1.26.2.jar:/home/runner/.m2/repository/commons-codec/commons-codec/1.17.1/commons-codec-1.17.1.jar:/home/runner/.m2/repository/com/buschmais/xo/xo.api/2.2.8/xo.api-2.2.8.jar:/home/runner/.m2/repository/javax/validation/validation-api/2.0.1.Final/validation-api-2.0.1.Final.jar:/home/runner/.m2/repository/org/contextmapper/context-mapper-dsl/6.6.1/context-mapper-dsl-6.6.1.jar:/home/runner/.m2/repository/org/eclipse/xtext/org.eclipse.xtext/2.23.0/org.eclipse.xtext-2.23.0.jar:/home/runner/.m2/repository/org/eclipse/xtext/org.eclipse.xtext.util/2.23.0/org.eclipse.xtext.util-2.23.0.jar:/home/runner/.m2/repository/org/eclipse/emf/org.eclipse.emf.ecore/2.20.0/org.eclipse.emf.ecore-2.20.0.jar:/home/runner/.m2/repository/org/eclipse/xtend/org.eclipse.xtend.lib/2.23.0/org.eclipse.xtend.lib-2.23.0.jar:/home/runner/.m2/repository/org/eclipse/xtext/org.eclipse.xtext.xbase.lib/2.23.0/org.eclipse.xtext.xbase.lib-2.23.0.jar:/home/runner/.m2/repository/org/eclipse/xtend/org.eclipse.xtend.lib.macro/2.23.0/org.eclipse.xtend.lib.macro-2.23.0.jar:/home/runner/.m2/repository/org/eclipse/platform/org.eclipse.equinox.common/3.12.0/org.eclipse.equinox.common-3.12.0.jar:/home/runner/.m2/repository/org/eclipse/platform/org.eclipse.osgi/3.15.300/org.eclipse.osgi-3.15.300.jar:/home/runner/.m2/repository/org/eclipse/emf/org.eclipse.emf.common/2.17.0/org.eclipse.emf.common-2.17.0.jar:/home/runner/.m2/repository/org/eclipse/emf/org.eclipse.emf.ecore.xmi/2.16.0/org.eclipse.emf.ecore.xmi-2.16.0.jar:/home/runner/.m2/repository/com/google/inject/guice/7.0.0/guice-7.0.0.jar:/home/runner/.m2/repository/jakarta/inject/jakarta.inject-api/2.0.1/jakarta.inject-api-2.0.1.jar:/home/runner/.m2/repository/aopalliance/aopalliance/1.0/aopalliance-1.0.jar:/home/runner/.m2/repository/org/antlr/antlr-runtime/3.2/antlr-runtime-3.2.jar:/home/runner/.m2/repository/org/eclipse/xtext/org.eclipse.xtext.xbase/2.23.0/org.eclipse.xtext.xbase-2.23.0.jar:/home/runner/.m2/repository/org/eclipse/xtext/org.eclipse.xtext.common.types/2.23.0/org.eclipse.xtext.common.types-2.23.0.jar:/home/runner/.m2/repository/io/github/classgraph/classgraph/4.8.35/classgraph-4.8.35.jar:/home/runner/.m2/repository/org/freemarker/freemarker/2.3.30/freemarker-2.3.30.jar:/home/runner/.m2/repository/org/contextmapper/service-cutter-library/1.2.1/service-cutter-library-1.2.1.jar:/home/runner/.m2/repository/org/graphstream/gs-core/1.3/gs-core-1.3.jar:/home/runner/.m2/repository/org/graphstream/pherd/1.0/pherd-1.0.jar:/home/runner/.m2/repository/org/graphstream/mbox2/1.0/mbox2-1.0.jar:/home/runner/.m2/repository/org/graphstream/gs-algo/1.3/gs-algo-1.3.jar:/home/runner/.m2/repository/org/apache/commons/commons-math/2.1/commons-math-2.1.jar:/home/runner/.m2/repository/org/apache/commons/commons-math3/3.4.1/commons-math3-3.4.1.jar:/home/runner/.m2/repository/org/jfree/jfreechart/1.0.14/jfreechart-1.0.14.jar:/home/runner/.m2/repository/org/jfree/jcommon/1.0.17/jcommon-1.0.17.jar:/home/runner/.m2/repository/com/lowagie/itext/2.1.5/itext-2.1.5.jar:/home/runner/.m2/repository/org/nlpub/watset/2.1.5/watset-2.1.5.jar:/home/runner/.m2/repository/org/jgrapht/jgrapht-core/1.4.0/jgrapht-core-1.4.0.jar:/home/runner/.m2/repository/org/jheaps/jheaps/0.11/jheaps-0.11.jar:/home/runner/.m2/repository/org/contextmapper/context-map-generator/1.2.1/context-map-generator-1.2.1.jar:/home/runner/.m2/repository/guru/nidi/com/kitfox/svgSalamander/1.1.2/svgSalamander-1.1.2.jar:/home/runner/.m2/repository/org/apache/commons/commons-exec/1.3/commons-exec-1.3.jar:/home/runner/.m2/repository/org/slf4j/slf4j-api/2.0.14/slf4j-api-2.0.14.jar:/home/runner/.m2/repository/org/slf4j/log4j-over-slf4j/2.0.14/log4j-over-slf4j-2.0.14.jar:/home/runner/.m2/repository/org/projectlombok/lombok/1.18.34/lombok-1.18.34.jar:/home/runner/.m2/repository/com/buschmais/jqassistant/core/test/2.4.0/test-2.4.0.jar:/home/runner/.m2/repository/com/buschmais/jqassistant/core/runtime/2.4.0/runtime-2.4.0.jar:/home/runner/.m2/repository/com/buschmais/jqassistant/core/analysis/2.4.0/analysis-2.4.0.jar:/home/runner/.m2/repository/io/smallrye/config/smallrye-config-source-yaml/3.9.1/smallrye-config-source-yaml-3.9.1.jar:/home/runner/.m2/repository/io/smallrye/config/smallrye-config/3.9.1/smallrye-config-3.9.1.jar:/home/runner/.m2/repository/org/neo4j/neo4j/5.22.0/neo4j-5.22.0.jar:/home/runner/.m2/repository/org/neo4j/annotations/5.22.0/annotations-5.22.0.jar:/home/runner/.m2/repository/org/eclipse/collections/eclipse-collections/11.1.0/eclipse-collections-11.1.0.jar:/home/runner/.m2/repository/org/eclipse/collections/eclipse-collections-api/11.1.0/eclipse-collections-api-11.1.0.jar:/home/runner/.m2/repository/org/neo4j/neo4j-kernel/5.22.0/neo4j-kernel-5.22.0.jar:/home/runner/.m2/repository/org/neo4j/neo4j-native/5.22.0/neo4j-native-5.22.0.jar:/home/runner/.m2/repository/net/java/dev/jna/jna/5.14.0/jna-5.14.0.jar:/home/runner/.m2/repository/org/neo4j/neo4j-graphdb-api/5.22.0/neo4j-graphdb-api-5.22.0.jar:/home/runner/.m2/repository/org/neo4j/neo4j-kernel-api/5.22.0/neo4j-kernel-api-5.22.0.jar:/home/runner/.m2/repository/org/neo4j/neo4j-monitoring/5.22.0/neo4j-monitoring-5.22.0.jar:/home/runner/.m2/repository/org/neo4j/neo4j-diagnostics/5.22.0/neo4j-diagnostics-5.22.0.jar:/home/runner/.m2/repository/org/neo4j/neo4j-schema/5.22.0/neo4j-schema-5.22.0.jar:/home/runner/.m2/repository/org/neo4j/neo4j-lock/5.22.0/neo4j-lock-5.22.0.jar:/home/runner/.m2/repository/org/neo4j/neo4j-token-api/5.22.0/neo4j-token-api-5.22.0.jar:/home/runner/.m2/repository/org/neo4j/neo4j-storage-engine-util/5.22.0/neo4j-storage-engine-util-5.22.0.jar:/home/runner/.m2/repository/org/neo4j/neo4j-common/5.22.0/neo4j-common-5.22.0.jar:/home/runner/.m2/repository/org/neo4j/neo4j-values/5.22.0/neo4j-values-5.22.0.jar:/home/runner/.m2/repository/org/neo4j/neo4j-unsafe/5.22.0/neo4j-unsafe-5.22.0.jar:/home/runner/.m2/repository/org/neo4j/neo4j-collections/5.22.0/neo4j-collections-5.22.0.jar:/home/runner/.m2/repository/org/neo4j/neo4j-io/5.22.0/neo4j-io-5.22.0.jar:/home/runner/.m2/repository/org/neo4j/neo4j-concurrent/5.22.0/neo4j-concurrent-5.22.0.jar:/home/runner/.m2/repository/org/neo4j/neo4j-logging/5.22.0/neo4j-logging-5.22.0.jar:/home/runner/.m2/repository/org/codehaus/jettison/jettison/1.5.4/jettison-1.5.4.jar:/home/runner/.m2/repository/org/apache/logging/log4j/log4j-api/2.20.0/log4j-api-2.20.0.jar:/home/runner/.m2/repository/org/apache/logging/log4j/log4j-core/2.20.0/log4j-core-2.20.0.jar:/home/runner/.m2/repository/org/apache/logging/log4j/log4j-layout-template-json/2.20.0/log4j-layout-template-json-2.20.0.jar:/home/runner/.m2/repository/org/neo4j/neo4j-configuration/5.22.0/neo4j-configuration-5.22.0.jar:/home/runner/.m2/repository/com/github/seancfoley/ipaddress/5.5.0/ipaddress-5.5.0.jar:/home/runner/.m2/repository/org/neo4j/neo4j-layout/5.22.0/neo4j-layout-5.22.0.jar:/home/runner/.m2/repository/org/neo4j/neo4j-index/5.22.0/neo4j-index-5.22.0.jar:/home/runner/.m2/repository/org/neo4j/neo4j-spatial-index/5.22.0/neo4j-spatial-index-5.22.0.jar:/home/runner/.m2/repository/org/neo4j/neo4j-id-generator/5.22.0/neo4j-id-generator-5.22.0.jar:/home/runner/.m2/repository/org/neo4j/neo4j-wal/5.22.0/neo4j-wal-5.22.0.jar:/home/runner/.m2/repository/org/neo4j/neo4j-import-util/5.22.0/neo4j-import-util-5.22.0.jar:/home/runner/.m2/repository/org/neo4j/neo4j-csv/5.22.0/neo4j-csv-5.22.0.jar:/home/runner/.m2/repository/org/neo4j/neo4j-cloud/5.22.0/neo4j-cloud-5.22.0.jar:/home/runner/.m2/repository/org/jctools/jctools-core/4.0.5/jctools-core-4.0.5.jar:/home/runner/.m2/repository/org/neo4j/neo4j-fabric/5.22.0/neo4j-fabric-5.22.0.jar:/home/runner/.m2/repository/io/projectreactor/reactor-core/3.6.7/reactor-core-3.6.7.jar:/home/runner/.m2/repository/org/neo4j/neo4j-front-end/5.22.0/neo4j-front-end-5.22.0.jar:/home/runner/.m2/repository/org/neo4j/neo4j-expressions/5.22.0/neo4j-expressions-5.22.0.jar:/home/runner/.m2/repository/org/neo4j/neo4j-notifications/5.22.0/neo4j-notifications-5.22.0.jar:/home/runner/.m2/repository/org/neo4j/neo4j-gql-status/5.22.0/neo4j-gql-status-5.22.0.jar:/home/runner/.m2/repository/org/neo4j/cypher-parser-factory/5.22.0/cypher-parser-factory-5.22.0.jar:/home/runner/.m2/repository/org/neo4j/cypher-v5-ast-factory/5.22.0/cypher-v5-ast-factory-5.22.0.jar:/home/runner/.m2/repository/org/neo4j/cypher-v5-antlr-parser/5.22.0/cypher-v5-antlr-parser-5.22.0.jar:/home/runner/.m2/repository/org/antlr/antlr4-runtime/4.13.1/antlr4-runtime-4.13.1.jar:/home/runner/.m2/repository/org/neo4j/cypher-antlr-common/5.22.0/cypher-antlr-common-5.22.0.jar:/home/runner/.m2/repository/org/neo4j/cypher-v5-parser-listener/5.22.0/cypher-v5-parser-listener-5.22.0.jar:/home/runner/.m2/repository/org/neo4j/cypher-parser-common/5.22.0/cypher-parser-common-5.22.0.jar:/home/runner/.m2/repository/org/neo4j/cypher-antlr-ast-common/5.22.0/cypher-antlr-ast-common-5.22.0.jar:/home/runner/.m2/repository/org/neo4j/cypher-parser-ast-common/5.22.0/cypher-parser-ast-common-5.22.0.jar:/home/runner/.m2/repository/org/neo4j/cypher-v6-ast-factory/5.22.0/cypher-v6-ast-factory-5.22.0.jar:/home/runner/.m2/repository/org/neo4j/cypher-v6-antlr-parser/5.22.0/cypher-v6-antlr-parser-5.22.0.jar:/home/runner/.m2/repository/org/neo4j/cypher-v6-parser-listener/5.22.0/cypher-v6-parser-listener-5.22.0.jar:/home/runner/.m2/repository/org/neo4j/neo4j-cypher-macros/5.22.0/neo4j-cypher-macros-5.22.0.jar:/home/runner/.m2/repository/org/scala-lang/scala-reflect/2.13.11/scala-reflect-2.13.11.jar:/home/runner/.m2/repository/org/neo4j/neo4j-query-router/5.22.0/neo4j-query-router-5.22.0.jar:/home/runner/.m2/repository/org/neo4j/neo4j-procedure/5.22.0/neo4j-procedure-5.22.0.jar:/home/runner/.m2/repository/org/neo4j/neo4j-procedure-api/5.22.0/neo4j-procedure-api-5.22.0.jar:/home/runner/.m2/repository/org/neo4j/neo4j-codegen/5.22.0/neo4j-codegen-5.22.0.jar:/home/runner/.m2/repository/org/ow2/asm/asm-util/9.7/asm-util-9.7.jar:/home/runner/.m2/repository/org/ow2/asm/asm-analysis/9.7/asm-analysis-9.7.jar:/home/runner/.m2/repository/org/ow2/asm/asm-tree/9.7/asm-tree-9.7.jar:/home/runner/.m2/repository/org/neo4j/neo4j-cypher-expression-evaluator/5.22.0/neo4j-cypher-expression-evaluator-5.22.0.jar:/home/runner/.m2/repository/org/neo4j/neo4j-ast/5.22.0/neo4j-ast-5.22.0.jar:/home/runner/.m2/repository/org/neo4j/neo4j-cypher-ast-factory/5.22.0/neo4j-cypher-ast-factory-5.22.0.jar:/home/runner/.m2/repository/org/neo4j/neo4j-lucene-index/5.22.0/neo4j-lucene-index-5.22.0.jar:/home/runner/.m2/repository/org/neo4j/neo4j-resource/5.22.0/neo4j-resource-5.22.0.jar:/home/runner/.m2/repository/org/apache/lucene/lucene-analysis-common/9.11.0/lucene-analysis-common-9.11.0.jar:/home/runner/.m2/repository/org/apache/lucene/lucene-core/9.11.0/lucene-core-9.11.0.jar:/home/runner/.m2/repository/org/apache/lucene/lucene-queryparser/9.11.0/lucene-queryparser-9.11.0.jar:/home/runner/.m2/repository/org/apache/lucene/lucene-backward-codecs/9.11.0/lucene-backward-codecs-9.11.0.jar:/home/runner/.m2/repository/org/neo4j/neo4j-fulltext-index/5.22.0/neo4j-fulltext-index-5.22.0.jar:/home/runner/.m2/repository/org/neo4j/neo4j-graph-algo/5.22.0/neo4j-graph-algo-5.22.0.jar:/home/runner/.m2/repository/org/neo4j/neo4j-cypher-runtime-util/5.22.0/neo4j-cypher-runtime-util-5.22.0.jar:/home/runner/.m2/repository/org/neo4j/neo4j-cypher-logical-plans/5.22.0/neo4j-cypher-logical-plans-5.22.0.jar:/home/runner/.m2/repository/org/neo4j/neo4j-data-collector/5.22.0/neo4j-data-collector-5.22.0.jar:/home/runner/.m2/repository/org/neo4j/neo4j-rewriting/5.22.0/neo4j-rewriting-5.22.0.jar:/home/runner/.m2/repository/org/neo4j/neo4j-cypher/5.22.0/neo4j-cypher-5.22.0.jar:/home/runner/.m2/repository/org/scala-lang/scala-library/2.13.11/scala-library-2.13.11.jar:/home/runner/.m2/repository/org/neo4j/neo4j-cypher-physical-planning/5.22.0/neo4j-cypher-physical-planning-5.22.0.jar:/home/runner/.m2/repository/org/neo4j/neo4j-exceptions/5.22.0/neo4j-exceptions-5.22.0.jar:/home/runner/.m2/repository/org/neo4j/neo4j-util/5.22.0/neo4j-util-5.22.0.jar:/home/runner/.m2/repository/org/neo4j/neo4j-cypher-config/5.22.0/neo4j-cypher-config-5.22.0.jar:/home/runner/.m2/repository/com/softwaremill/magnolia1_2/magnolia_2.13/1.1.8/magnolia_2.13-1.1.8.jar:/home/runner/.m2/repository/org/neo4j/neo4j-cypher-cache/5.22.0/neo4j-cypher-cache-5.22.0.jar:/home/runner/.m2/repository/org/neo4j/neo4j-cypher-planner/5.22.0/neo4j-cypher-planner-5.22.0.jar:/home/runner/.m2/repository/org/scala-lang/modules/scala-collection-contrib_2.13/0.3.0/scala-collection-contrib_2.13-0.3.0.jar:/home/runner/.m2/repository/org/neo4j/neo4j-cypher-ir/5.22.0/neo4j-cypher-ir-5.22.0.jar:/home/runner/.m2/repository/org/neo4j/neo4j-cypher-javacc-parser/5.22.0/neo4j-cypher-javacc-parser-5.22.0.jar:/home/runner/.m2/repository/org/neo4j/cypher-ast-factory/5.22.0/cypher-ast-factory-5.22.0.jar:/home/runner/.m2/repository/org/neo4j/neo4j-cypher-rendering/5.22.0/neo4j-cypher-rendering-5.22.0.jar:/home/runner/.m2/repository/org/neo4j/neo4j-cypher-planner-spi/5.22.0/neo4j-cypher-planner-spi-5.22.0.jar:/home/runner/.m2/repository/org/neo4j/neo4j-cypher-interpreted-runtime/5.22.0/neo4j-cypher-interpreted-runtime-5.22.0.jar:/home/runner/.m2/repository/org/neo4j/neo4j-cypher-slotted-runtime/5.22.0/neo4j-cypher-slotted-runtime-5.22.0.jar:/home/runner/.m2/repository/org/apache/shiro/shiro-core/2.0.0/shiro-core-2.0.0.jar:/home/runner/.m2/repository/org/apache/shiro/shiro-lang/2.0.0/shiro-lang-2.0.0.jar:/home/runner/.m2/repository/org/apache/shiro/shiro-cache/2.0.0/shiro-cache-2.0.0.jar:/home/runner/.m2/repository/org/apache/shiro/shiro-crypto-hash/2.0.0/shiro-crypto-hash-2.0.0.jar:/home/runner/.m2/repository/org/apache/shiro/shiro-crypto-core/2.0.0/shiro-crypto-core-2.0.0.jar:/home/runner/.m2/repository/org/apache/shiro/crypto/shiro-hashes-argon2/2.0.0/shiro-hashes-argon2-2.0.0.jar:/home/runner/.m2/repository/org/apache/shiro/crypto/shiro-hashes-bcrypt/2.0.0/shiro-hashes-bcrypt-2.0.0.jar:/home/runner/.m2/repository/org/apache/shiro/shiro-crypto-cipher/2.0.0/shiro-crypto-cipher-2.0.0.jar:/home/runner/.m2/repository/org/apache/shiro/shiro-config-core/2.0.0/shiro-config-core-2.0.0.jar:/home/runner/.m2/repository/org/apache/shiro/shiro-event/2.0.0/shiro-event-2.0.0.jar:/home/runner/.m2/repository/org/bitbucket/inkytonik/kiama/kiama_2.13/2.5.1/kiama_2.13-2.5.1.jar:/home/runner/.m2/repository/org/neo4j/neo4j-security/5.22.0/neo4j-security-5.22.0.jar:/home/runner/.m2/repository/org/neo4j/neo4j-command-line/5.22.0/neo4j-command-line-5.22.0.jar:/home/runner/.m2/repository/info/picocli/picocli/4.7.6/picocli-4.7.6.jar:/home/runner/.m2/repository/org/neo4j/neo4j-bolt/5.22.0/neo4j-bolt-5.22.0.jar:/home/runner/.m2/repository/org/neo4j/neo4j-ssl/5.22.0/neo4j-ssl-5.22.0.jar:/home/runner/.m2/repository/io/netty/netty-handler/4.1.111.Final/netty-handler-4.1.111.Final.jar:/home/runner/.m2/repository/io/netty/netty-resolver/4.1.111.Final/netty-resolver-4.1.111.Final.jar:/home/runner/.m2/repository/org/neo4j/server-api/5.22.0/server-api-5.22.0.jar:/home/runner/.m2/repository/jakarta/ws/rs/jakarta.ws.rs-api/2.1.6/jakarta.ws.rs-api-2.1.6.jar:/home/runner/.m2/repository/io/netty/netty-codec-http/4.1.111.Final/netty-codec-http-4.1.111.Final.jar:/home/runner/.m2/repository/io/netty/netty-common/4.1.111.Final/netty-common-4.1.111.Final.jar:/home/runner/.m2/repository/io/netty/netty-buffer/4.1.111.Final/netty-buffer-4.1.111.Final.jar:/home/runner/.m2/repository/io/netty/netty-transport/4.1.111.Final/netty-transport-4.1.111.Final.jar:/home/runner/.m2/repository/io/netty/netty-codec/4.1.111.Final/netty-codec-4.1.111.Final.jar:/home/runner/.m2/repository/io/netty/netty-transport-native-epoll/4.1.111.Final/netty-transport-native-epoll-4.1.111.Final-linux-x86_64.jar:/home/runner/.m2/repository/io/netty/netty-transport-native-unix-common/4.1.111.Final/netty-transport-native-unix-common-4.1.111.Final.jar:/home/runner/.m2/repository/io/netty/netty-transport-classes-epoll/4.1.111.Final/netty-transport-classes-epoll-4.1.111.Final.jar:/home/runner/.m2/repository/io/netty/netty-transport-native-epoll/4.1.111.Final/netty-transport-native-epoll-4.1.111.Final-linux-aarch_64.jar:/home/runner/.m2/repository/io/netty/netty-transport-native-kqueue/4.1.111.Final/netty-transport-native-kqueue-4.1.111.Final-osx-x86_64.jar:/home/runner/.m2/repository/io/netty/netty-transport-classes-kqueue/4.1.111.Final/netty-transport-classes-kqueue-4.1.111.Final.jar:/home/runner/.m2/repository/io/netty/netty-transport-native-kqueue/4.1.111.Final/netty-transport-native-kqueue-4.1.111.Final-osx-aarch_64.jar:/home/runner/.m2/repository/org/neo4j/neo4j-consistency-check/5.22.0/neo4j-consistency-check-5.22.0.jar:/home/runner/.m2/repository/org/neo4j/neo4j-record-storage-engine/5.22.0/neo4j-record-storage-engine-5.22.0.jar:/home/runner/.m2/repository/org/neo4j/neo4j-dbms/5.22.0/neo4j-dbms-5.22.0.jar:/home/runner/.m2/repository/org/jprocesses/jProcesses/1.6.5/jProcesses-1.6.5.jar:/home/runner/.m2/repository/com/profesorfalken/WMI4Java/1.6.3/WMI4Java-1.6.3.jar:/home/runner/.m2/repository/com/profesorfalken/jPowerShell/3.0/jPowerShell-3.0.jar:/home/runner/.m2/repository/org/apache/commons/commons-configuration2/2.11.0/commons-configuration2-2.11.0.jar:/home/runner/.m2/repository/org/neo4j/licensing-proxy/zstd-proxy/5.22.0/zstd-proxy-5.22.0.jar:/home/runner/.m2/repository/com/github/luben/zstd-jni/1.5.6-3/zstd-jni-1.5.6-3.jar:/home/runner/.m2/repository/org/neo4j/neo4j-import-tool/5.22.0/neo4j-import-tool-5.22.0.jar:/home/runner/.m2/repository/org/neo4j/app/neo4j-server/5.22.0/neo4j-server-5.22.0.jar:/home/runner/.m2/repository/org/eclipse/jetty/jetty-server/10.0.20/jetty-server-10.0.20.jar:/home/runner/.m2/repository/org/eclipse/jetty/jetty-http/10.0.20/jetty-http-10.0.20.jar:/home/runner/.m2/repository/org/eclipse/jetty/jetty-util/10.0.20/jetty-util-10.0.20.jar:/home/runner/.m2/repository/org/eclipse/jetty/jetty-io/10.0.20/jetty-io-10.0.20.jar:/home/runner/.m2/repository/org/eclipse/jetty/toolchain/jetty-servlet-api/4.0.6/jetty-servlet-api-4.0.6.jar:/home/runner/.m2/repository/org/eclipse/jetty/http2/http2-server/10.0.20/http2-server-10.0.20.jar:/home/runner/.m2/repository/org/eclipse/jetty/http2/http2-common/10.0.20/http2-common-10.0.20.jar:/home/runner/.m2/repository/org/eclipse/jetty/http2/http2-hpack/10.0.20/http2-hpack-10.0.20.jar:/home/runner/.m2/repository/org/eclipse/jetty/jetty-alpn-server/10.0.20/jetty-alpn-server-10.0.20.jar:/home/runner/.m2/repository/org/eclipse/jetty/jetty-alpn-java-server/10.0.20/jetty-alpn-java-server-10.0.20.jar:/home/runner/.m2/repository/org/eclipse/jetty/jetty-webapp/10.0.20/jetty-webapp-10.0.20.jar:/home/runner/.m2/repository/org/eclipse/jetty/jetty-servlet/10.0.20/jetty-servlet-10.0.20.jar:/home/runner/.m2/repository/org/eclipse/jetty/jetty-security/10.0.20/jetty-security-10.0.20.jar:/home/runner/.m2/repository/org/eclipse/jetty/jetty-xml/10.0.20/jetty-xml-10.0.20.jar:/home/runner/.m2/repository/org/glassfish/jersey/inject/jersey-hk2/2.34/jersey-hk2-2.34.jar:/home/runner/.m2/repository/org/glassfish/jersey/core/jersey-common/2.34/jersey-common-2.34.jar:/home/runner/.m2/repository/org/glassfish/hk2/external/jakarta.inject/2.6.1/jakarta.inject-2.6.1.jar:/home/runner/.m2/repository/org/glassfish/hk2/hk2-locator/2.6.1/hk2-locator-2.6.1.jar:/home/runner/.m2/repository/org/glassfish/hk2/hk2-api/2.6.1/hk2-api-2.6.1.jar:/home/runner/.m2/repository/org/glassfish/hk2/hk2-utils/2.6.1/hk2-utils-2.6.1.jar:/home/runner/.m2/repository/org/javassist/javassist/3.25.0-GA/javassist-3.25.0-GA.jar:/home/runner/.m2/repository/org/glassfish/jersey/containers/jersey-container-servlet/2.34/jersey-container-servlet-2.34.jar:/home/runner/.m2/repository/org/glassfish/jersey/containers/jersey-container-servlet-core/2.34/jersey-container-servlet-core-2.34.jar:/home/runner/.m2/repository/org/glassfish/jersey/core/jersey-server/2.34/jersey-server-2.34.jar:/home/runner/.m2/repository/org/glassfish/jersey/core/jersey-client/2.34/jersey-client-2.34.jar:/home/runner/.m2/repository/jakarta/validation/jakarta.validation-api/2.0.2/jakarta.validation-api-2.0.2.jar:/home/runner/.m2/repository/com/fasterxml/jackson/jaxrs/jackson-jaxrs-json-provider/2.17.1/jackson-jaxrs-json-provider-2.17.1.jar:/home/runner/.m2/repository/com/fasterxml/jackson/jaxrs/jackson-jaxrs-base/2.17.1/jackson-jaxrs-base-2.17.1.jar:/home/runner/.m2/repository/com/fasterxml/jackson/module/jackson-module-jaxb-annotations/2.17.1/jackson-module-jaxb-annotations-2.17.1.jar:/home/runner/.m2/repository/jakarta/xml/bind/jakarta.xml.bind-api/2.3.2/jakarta.xml.bind-api-2.3.2.jar:/home/runner/.m2/repository/jakarta/activation/jakarta.activation-api/1.2.1/jakarta.activation-api-1.2.1.jar:/home/runner/.m2/repository/org/apache/arrow/flight-core/16.1.0/flight-core-16.1.0.jar:/home/runner/.m2/repository/org/apache/arrow/arrow-format/16.1.0/arrow-format-16.1.0.jar:/home/runner/.m2/repository/com/google/flatbuffers/flatbuffers-java/23.5.26/flatbuffers-java-23.5.26.jar:/home/runner/.m2/repository/org/apache/arrow/arrow-vector/16.1.0/arrow-vector-16.1.0.jar:/home/runner/.m2/repository/com/fasterxml/jackson/datatype/jackson-datatype-jsr310/2.17.0/jackson-datatype-jsr310-2.17.0.jar:/home/runner/.m2/repository/org/apache/arrow/arrow-memory-core/16.1.0/arrow-memory-core-16.1.0.jar:/home/runner/.m2/repository/org/apache/arrow/arrow-memory-netty/16.1.0/arrow-memory-netty-16.1.0.jar:/home/runner/.m2/repository/org/apache/arrow/arrow-memory-netty-buffer-patch/16.1.0/arrow-memory-netty-buffer-patch-16.1.0.jar:/home/runner/.m2/repository/com/google/protobuf/protobuf-java/3.23.1/protobuf-java-3.23.1.jar:/home/runner/.m2/repository/com/google/protobuf/protobuf-java-util/3.23.1/protobuf-java-util-3.23.1.jar:/home/runner/.m2/repository/io/grpc/grpc-api/1.65.0/grpc-api-1.65.0.jar:/home/runner/.m2/repository/io/grpc/grpc-context/1.65.0/grpc-context-1.65.0.jar:/home/runner/.m2/repository/io/grpc/grpc-core/1.65.0/grpc-core-1.65.0.jar:/home/runner/.m2/repository/com/google/code/gson/gson/2.10.1/gson-2.10.1.jar:/home/runner/.m2/repository/io/perfmark/perfmark-api/0.26.0/perfmark-api-0.26.0.jar:/home/runner/.m2/repository/io/grpc/grpc-netty/1.65.0/grpc-netty-1.65.0.jar:/home/runner/.m2/repository/io/netty/netty-handler-proxy/4.1.100.Final/netty-handler-proxy-4.1.100.Final.jar:/home/runner/.m2/repository/io/netty/netty-codec-socks/4.1.100.Final/netty-codec-socks-4.1.100.Final.jar:/home/runner/.m2/repository/io/grpc/grpc-util/1.65.0/grpc-util-1.65.0.jar:/home/runner/.m2/repository/org/codehaus/mojo/animal-sniffer-annotations/1.23/animal-sniffer-annotations-1.23.jar:/home/runner/.m2/repository/io/grpc/grpc-protobuf/1.65.0/grpc-protobuf-1.65.0.jar:/home/runner/.m2/repository/com/google/api/grpc/proto-google-common-protos/2.29.0/proto-google-common-protos-2.29.0.jar:/home/runner/.m2/repository/io/grpc/grpc-protobuf-lite/1.65.0/grpc-protobuf-lite-1.65.0.jar:/home/runner/.m2/repository/io/grpc/grpc-stub/1.65.0/grpc-stub-1.65.0.jar:/home/runner/.m2/repository/io/netty/netty-codec-http2/4.1.111.Final/netty-codec-http2-4.1.111.Final.jar:/home/runner/.m2/repository/org/neo4j/neo4j-capabilities/5.22.0/neo4j-capabilities-5.22.0.jar:/home/runner/.m2/repository/org/neo4j/neo4j-udc/5.22.0/neo4j-udc-5.22.0.jar:/home/runner/.m2/repository/org/neo4j/community/it-test-support/5.22.0/it-test-support-5.22.0.jar:/home/runner/.m2/repository/org/neo4j/io-test-utils/5.22.0/io-test-utils-5.22.0.jar:/home/runner/.m2/repository/org/neo4j/neo4j-random-values/5.22.0/neo4j-random-values-5.22.0.jar:/home/runner/.m2/repository/org/neo4j/test-utils/5.22.0/test-utils-5.22.0.jar:/home/runner/.m2/repository/org/junit/platform/junit-platform-testkit/1.10.3/junit-platform-testkit-1.10.3.jar:/home/runner/.m2/repository/org/junit/platform/junit-platform-launcher/1.10.3/junit-platform-launcher-1.10.3.jar:/home/runner/.m2/repository/org/bouncycastle/bcpkix-jdk18on/1.78.1/bcpkix-jdk18on-1.78.1.jar:/home/runner/.m2/repository/org/bouncycastle/bcutil-jdk18on/1.78.1/bcutil-jdk18on-1.78.1.jar:/home/runner/.m2/repository/org/bouncycastle/bcprov-jdk18on/1.78.1/bcprov-jdk18on-1.78.1.jar:/home/runner/.m2/repository/org/neo4j/layout-test-utils/5.22.0/layout-test-utils-5.22.0.jar:/home/runner/.m2/repository/org/junit/vintage/junit-vintage-engine/5.10.3/junit-vintage-engine-5.10.3.jar:/home/runner/.m2/repository/junit/junit/4.13.2/junit-4.13.2.jar:/home/runner/.m2/repository/org/hamcrest/hamcrest-core/1.3/hamcrest-core-1.3.jar:/home/runner/.m2/repository/org/junit/jupiter/junit-jupiter-engine/5.10.3/junit-jupiter-engine-5.10.3.jar:/home/runner/.m2/repository/org/junit/platform/junit-platform-engine/1.10.3/junit-platform-engine-1.10.3.jar:/home/runner/.m2/repository/org/opentest4j/opentest4j/1.3.0/opentest4j-1.3.0.jar:/home/runner/.m2/repository/org/junit/platform/junit-platform-commons/1.10.3/junit-platform-commons-1.10.3.jar:/home/runner/.m2/repository/org/junit/jupiter/junit-jupiter-api/5.10.3/junit-jupiter-api-5.10.3.jar:/home/runner/.m2/repository/org/apiguardian/apiguardian-api/1.1.2/apiguardian-api-1.1.2.jar:/home/runner/.m2/repository/org/junit/jupiter/junit-jupiter-params/5.10.3/junit-jupiter-params-5.10.3.jar:/home/runner/.m2/repository/org/assertj/assertj-core/3.26.3/assertj-core-3.26.3.jar:/home/runner/.m2/repository/net/bytebuddy/byte-buddy/1.14.18/byte-buddy-1.14.18.jar:/home/runner/.m2/repository/org/slf4j/slf4j-simple/2.0.14/slf4j-simple-2.0.14.jar:/home/runner/.m2/repository/org/mockito/mockito-junit-jupiter/5.12.0/mockito-junit-jupiter-5.12.0.jar:/home/runner/.m2/repository/org/mockito/mockito-core/5.12.0/mockito-core-5.12.0.jar:/home/runner/.m2/repository/net/bytebuddy/byte-buddy-agent/1.14.15/byte-buddy-agent-1.14.15.jar:/home/runner/.m2/repository/org/objenesis/objenesis/3.3/objenesis-3.3.jar:"/>
    <property name="sun.cpu.endian" value="little"/>
    <property name="user.home" value="/home/runner"/>
    <property name="user.language" value="en"/>
    <property name="java.specification.vendor" value="Oracle Corporation"/>
    <property name="java.version.date" value="2024-07-16"/>
    <property name="java.home" value="/usr/lib/jvm/temurin-17-jdk-amd64"/>
    <property name="file.separator" value="/"/>
    <property name="basedir" value="/home/runner/work/jqassistant-context-mapper-plugin/jqassistant-context-mapper-plugin"/>
    <property name="java.vm.compressedOopsMode" value="Zero based"/>
    <property name="line.separator" value="&#10;"/>
    <property name="java.specification.name" value="Java Platform API Specification"/>
    <property name="java.vm.specification.vendor" value="Oracle Corporation"/>
    <property name="surefire.real.class.path" value="/home/runner/work/jqassistant-context-mapper-plugin/jqassistant-context-mapper-plugin/target/surefire/surefirebooter-20240815161856518_3.jar"/>
    <property name="sun.management.compiler" value="HotSpot 64-Bit Tiered Compilers"/>
    <property name="java.runtime.version" value="17.0.12+7"/>
    <property name="user.name" value="runner"/>
    <property name="path.separator" value=":"/>
    <property name="os.version" value="6.5.0-1025-azure"/>
    <property name="java.runtime.name" value="OpenJDK Runtime Environment"/>
    <property name="file.encoding" value="UTF-8"/>
    <property name="jnidispatch.path" value="/home/runner/.cache/JNA/temp/jna557067416610692428.tmp"/>
    <property name="java.vm.name" value="OpenJDK 64-Bit Server VM"/>
    <property name="jna.platform.library.path" value="/usr/lib/x86_64-linux-gnu:/lib/x86_64-linux-gnu:/usr/lib64:/lib64:/usr/lib:/lib:/lib32:/usr/local/lib:/usr/lib/x86_64-linux-gnu/libfakeroot"/>
    <property name="java.vendor.version" value="Temurin-17.0.12+7"/>
    <property name="localRepository" value="/home/runner/.m2/repository"/>
    <property name="jna.loaded" value="true"/>
    <property name="java.vendor.url.bug" value="https://github.com/adoptium/adoptium-support/issues"/>
    <property name="jetty.git.hash" value="3a745c71c23682146f262b99f4ddc4c1bc41630c"/>
    <property name="java.io.tmpdir" value="/tmp"/>
    <property name="java.version" value="17.0.12"/>
    <property name="user.dir" value="/home/runner/work/jqassistant-context-mapper-plugin/jqassistant-context-mapper-plugin"/>
    <property name="os.arch" value="amd64"/>
    <property name="java.vm.specification.name" value="Java Virtual Machine Specification"/>
    <property name="native.encoding" value="UTF-8"/>
    <property name="java.library.path" value="/usr/java/packages/lib:/usr/lib64:/lib64:/lib:/usr/lib"/>
    <property name="java.vm.info" value="mixed mode, sharing"/>
    <property name="java.vendor" value="Eclipse Adoptium"/>
    <property name="java.vm.version" value="17.0.12+7"/>
    <property name="sun.io.unicode.encoding" value="UnicodeLittle"/>
    <property name="java.class.version" value="61.0"/>
  </properties>
  <testcase name="scan" classname="org.jqassistant.plugin.contextmapper.report.ContextMapperReportPluginIT" time="1.131">
    <system-out><![CDATA[try to call: path=/tmp/GraphvizJava/DotEngine3603597297383313553; dotFile=/tmp/GraphvizJava/DotEngine3603597297383313553/dotfile.dot; options=Options{engine=DOT, format=SVG, totalMemory=null, yInvert=null, basedir=./target/jqassistant/report/context-mapper, images=[]}
]]></system-out>
    <system-err><![CDATA[[main] INFO com.buschmais.jqassistant.core.runtime.impl.plugin.PluginConfigurationReaderImpl - Scanning for jQAssistant plugins...
[main] INFO com.buschmais.jqassistant.core.runtime.impl.plugin.PluginRepositoryImpl - jQAssistant Core Analysis Plugin 2.4.0 [jqa.core.analysis.plugin]
[main] INFO com.buschmais.jqassistant.core.runtime.impl.plugin.PluginRepositoryImpl - jQAssistant Core Report Plugin 2.4.0 [jqa.core.report.plugin]
[main] INFO com.buschmais.jqassistant.core.runtime.impl.plugin.PluginRepositoryImpl - jQAssistant Common Plugin 2.4.0 [jqa.plugin.common]
[main] INFO com.buschmais.jqassistant.core.runtime.impl.plugin.PluginRepositoryImpl - jQAssistant Context Mapper Plugin <unknown version> [jqa.plugin.contextmapper]
[main] INFO com.buschmais.jqassistant.core.store.api.StoreFactory - Connecting to store at memory:///'
[main] INFO org.neo4j.dbms.identity.DefaultIdentityModule - This instance is ServerId{39b96de7} (39b96de7-00a7-4332-a7b2-a4e4d06eb606)
[main] INFO org.neo4j.test.TestDatabaseManagementServiceFactory - id: 911DEDD3327F3613BE3ACF086B8C7C60FB93B4FF029F81BBED30C80FF54A3568
[main] INFO org.neo4j.test.TestDatabaseManagementServiceFactory - name: system
[main] INFO org.neo4j.test.TestDatabaseManagementServiceFactory - creationDate: 2024-08-15T16:19:18.274Z
[main] INFO com.buschmais.jqassistant.core.store.impl.EmbeddedGraphStore - Initialized embedded Neo4j database '5.22.0'.
[main] INFO com.buschmais.jqassistant.core.analysis.impl.AnalyzerRuleVisitor - Applying concept 'context-mapper:BoundedContexts' with severity: 'MINOR'.
[main] INFO guru.nidi.graphviz.service.CommandLineExecutor - executing command [/bin/sh, -c, dot -Tsvg /tmp/GraphvizJava/DotEngine3603597297383313553/dotfile.dot -ooutfile.svg]
]]></system-err>
  </testcase>
</testsuite>